<?xml version="1.0" encoding="UTF-8"?>
<testng-results skipped="0" failed="7" ignored="4" total="52" passed="41">
  <reporter-output>
    <line>
      <![CDATA[Test is Starting]]>
    </line>
    <line>
      <![CDATA[=====Application Started ========]]>
    </line>
    <line>
      <![CDATA[===== Browser Session End  ========]]>
    </line>
  </reporter-output>
  <suite name="Suite" duration-ms="26514" started-at="2020-01-21T12:01:50Z" finished-at="2020-01-21T12:02:16Z">
    <groups>
      <group name="Regression">
        <method signature="LoginPageTest.Login(java.lang.String, java.lang.String, java.lang.String, java.lang.String, java.lang.String)[pri:9, instance:com.jbk.owp.test.LoginPageTest@239963d8]" name="Login" class="com.jbk.owp.test.LoginPageTest"/>
        <method signature="LoginPageTest.verifyApplicationTitle()[pri:2, instance:com.jbk.owp.test.LoginPageTest@239963d8]" name="verifyApplicationTitle" class="com.jbk.owp.test.LoginPageTest"/>
        <method signature="LoginPageTest.verifyButtoncolor()[pri:7, instance:com.jbk.owp.test.LoginPageTest@239963d8]" name="verifyButtoncolor" class="com.jbk.owp.test.LoginPageTest"/>
        <method signature="LoginPageTest.verifyLinks()[pri:8, instance:com.jbk.owp.test.LoginPageTest@239963d8]" name="verifyLinks" class="com.jbk.owp.test.LoginPageTest"/>
        <method signature="LoginPageTest.verifyPlaceHolderPassword()[pri:6, instance:com.jbk.owp.test.LoginPageTest@239963d8]" name="verifyPlaceHolderPassword" class="com.jbk.owp.test.LoginPageTest"/>
        <method signature="LoginPageTest.verifyPlaceHolderUsername()[pri:5, instance:com.jbk.owp.test.LoginPageTest@239963d8]" name="verifyPlaceHolderUsername" class="com.jbk.owp.test.LoginPageTest"/>
        <method signature="LoginPageTest.verifyTitle()[pri:3, instance:com.jbk.owp.test.LoginPageTest@239963d8]" name="verifyTitle" class="com.jbk.owp.test.LoginPageTest"/>
        <method signature="LoginPageTest.verifyUrl()[pri:1, instance:com.jbk.owp.test.LoginPageTest@239963d8]" name="verifyUrl" class="com.jbk.owp.test.LoginPageTest"/>
        <method signature="LoginPageTest.verifyloginsesion()[pri:4, instance:com.jbk.owp.test.LoginPageTest@239963d8]" name="verifyloginsesion" class="com.jbk.owp.test.LoginPageTest"/>
      </group> <!-- Regression -->
    </groups>
    <test name="Default test" duration-ms="26514" started-at="2020-01-21T12:01:50Z" finished-at="2020-01-21T12:02:16Z">
      <class name="com.jbk.owp.test.DashboardPageTest">
        <test-method status="PASS" signature="setupTest()[pri:0, instance:com.jbk.owp.test.DashboardPageTest@3abbfa04]" name="setupTest" is-config="true" duration-ms="8" started-at="2020-01-21T12:02:05Z" finished-at="2020-01-21T12:02:05Z">
          <reporter-output>
          </reporter-output>
        </test-method> <!-- setupTest -->
        <test-method status="PASS" signature="main_Navigation_Tab_Text_Check()[pri:10, instance:com.jbk.owp.test.DashboardPageTest@3abbfa04]" name="main_Navigation_Tab_Text_Check" duration-ms="23" started-at="2020-01-21T12:02:05Z" description="Main Navigation Speeling Check" finished-at="2020-01-21T12:02:05Z">
          <reporter-output>
          </reporter-output>
        </test-method> <!-- main_Navigation_Tab_Text_Check -->
        <test-method status="PASS" signature="getResult(org.testng.ITestResult)[pri:0, instance:com.jbk.owp.test.DashboardPageTest@3abbfa04]" name="getResult" is-config="true" duration-ms="71" started-at="2020-01-21T12:02:05Z" finished-at="2020-01-21T12:02:05Z">
          <params>
            <param index="0">
              <value>
                <![CDATA[[TestResult name=main_Navigation_Tab_Text_Check status=SUCCESS method=DashboardPageTest.main_Navigation_Tab_Text_Check()[pri:10, instance:com.jbk.owp.test.DashboardPageTest@3abbfa04] output={null}]]]>
              </value>
            </param>
          </params>
          <reporter-output>
          </reporter-output>
        </test-method> <!-- getResult -->
        <test-method status="PASS" signature="setupTest()[pri:0, instance:com.jbk.owp.test.DashboardPageTest@3abbfa04]" name="setupTest" is-config="true" duration-ms="1" started-at="2020-01-21T12:02:05Z" finished-at="2020-01-21T12:02:05Z">
          <reporter-output>
          </reporter-output>
        </test-method> <!-- setupTest -->
        <test-method status="PASS" signature="Dashboard_Main_Heading_Text_Check()[pri:11, instance:com.jbk.owp.test.DashboardPageTest@3abbfa04]" name="Dashboard_Main_Heading_Text_Check" duration-ms="23" started-at="2020-01-21T12:02:05Z" description="Dashboard  Main Heading spell check" finished-at="2020-01-21T12:02:05Z">
          <reporter-output>
          </reporter-output>
        </test-method> <!-- Dashboard_Main_Heading_Text_Check -->
        <test-method status="PASS" signature="getResult(org.testng.ITestResult)[pri:0, instance:com.jbk.owp.test.DashboardPageTest@3abbfa04]" name="getResult" is-config="true" duration-ms="58" started-at="2020-01-21T12:02:05Z" finished-at="2020-01-21T12:02:05Z">
          <params>
            <param index="0">
              <value>
                <![CDATA[[TestResult name=Dashboard_Main_Heading_Text_Check status=SUCCESS method=DashboardPageTest.Dashboard_Main_Heading_Text_Check()[pri:11, instance:com.jbk.owp.test.DashboardPageTest@3abbfa04] output={null}]]]>
              </value>
            </param>
          </params>
          <reporter-output>
          </reporter-output>
        </test-method> <!-- getResult -->
        <test-method status="PASS" signature="setupTest()[pri:0, instance:com.jbk.owp.test.DashboardPageTest@3abbfa04]" name="setupTest" is-config="true" duration-ms="1" started-at="2020-01-21T12:02:05Z" finished-at="2020-01-21T12:02:05Z">
          <reporter-output>
          </reporter-output>
        </test-method> <!-- setupTest -->
        <test-method status="PASS" signature="user_Navigation_spell_Check()[pri:12, instance:com.jbk.owp.test.DashboardPageTest@3abbfa04]" name="user_Navigation_spell_Check" duration-ms="16" started-at="2020-01-21T12:02:05Z" description="Users Navigation Speeling Check" finished-at="2020-01-21T12:02:05Z">
          <reporter-output>
          </reporter-output>
        </test-method> <!-- user_Navigation_spell_Check -->
        <test-method status="PASS" signature="getResult(org.testng.ITestResult)[pri:0, instance:com.jbk.owp.test.DashboardPageTest@3abbfa04]" name="getResult" is-config="true" duration-ms="53" started-at="2020-01-21T12:02:05Z" finished-at="2020-01-21T12:02:05Z">
          <params>
            <param index="0">
              <value>
                <![CDATA[[TestResult name=user_Navigation_spell_Check status=SUCCESS method=DashboardPageTest.user_Navigation_spell_Check()[pri:12, instance:com.jbk.owp.test.DashboardPageTest@3abbfa04] output={null}]]]>
              </value>
            </param>
          </params>
          <reporter-output>
          </reporter-output>
        </test-method> <!-- getResult -->
        <test-method status="PASS" signature="setupTest()[pri:0, instance:com.jbk.owp.test.DashboardPageTest@3abbfa04]" name="setupTest" is-config="true" duration-ms="1" started-at="2020-01-21T12:02:05Z" finished-at="2020-01-21T12:02:05Z">
          <reporter-output>
          </reporter-output>
        </test-method> <!-- setupTest -->
        <test-method status="PASS" signature="oprators_Navigation_spell_Check()[pri:13, instance:com.jbk.owp.test.DashboardPageTest@3abbfa04]" name="oprators_Navigation_spell_Check" duration-ms="18" started-at="2020-01-21T12:02:05Z" description="Oprators Navigation Speeling Check" finished-at="2020-01-21T12:02:05Z">
          <reporter-output>
          </reporter-output>
        </test-method> <!-- oprators_Navigation_spell_Check -->
        <test-method status="PASS" signature="getResult(org.testng.ITestResult)[pri:0, instance:com.jbk.owp.test.DashboardPageTest@3abbfa04]" name="getResult" is-config="true" duration-ms="65" started-at="2020-01-21T12:02:05Z" finished-at="2020-01-21T12:02:05Z">
          <params>
            <param index="0">
              <value>
                <![CDATA[[TestResult name=oprators_Navigation_spell_Check status=SUCCESS method=DashboardPageTest.oprators_Navigation_spell_Check()[pri:13, instance:com.jbk.owp.test.DashboardPageTest@3abbfa04] output={null}]]]>
              </value>
            </param>
          </params>
          <reporter-output>
          </reporter-output>
        </test-method> <!-- getResult -->
        <test-method status="PASS" signature="setupTest()[pri:0, instance:com.jbk.owp.test.DashboardPageTest@3abbfa04]" name="setupTest" is-config="true" duration-ms="1" started-at="2020-01-21T12:02:05Z" finished-at="2020-01-21T12:02:05Z">
          <reporter-output>
          </reporter-output>
        </test-method> <!-- setupTest -->
        <test-method status="PASS" signature="useful_Links_spell_Check()[pri:14, instance:com.jbk.owp.test.DashboardPageTest@3abbfa04]" name="useful_Links_spell_Check" duration-ms="15" started-at="2020-01-21T12:02:05Z" description="Useful Links Navigation Speeling Check" finished-at="2020-01-21T12:02:05Z">
          <reporter-output>
          </reporter-output>
        </test-method> <!-- useful_Links_spell_Check -->
        <test-method status="PASS" signature="getResult(org.testng.ITestResult)[pri:0, instance:com.jbk.owp.test.DashboardPageTest@3abbfa04]" name="getResult" is-config="true" duration-ms="63" started-at="2020-01-21T12:02:05Z" finished-at="2020-01-21T12:02:05Z">
          <params>
            <param index="0">
              <value>
                <![CDATA[[TestResult name=useful_Links_spell_Check status=SUCCESS method=DashboardPageTest.useful_Links_spell_Check()[pri:14, instance:com.jbk.owp.test.DashboardPageTest@3abbfa04] output={null}]]]>
              </value>
            </param>
          </params>
          <reporter-output>
          </reporter-output>
        </test-method> <!-- getResult -->
        <test-method status="PASS" signature="downloads_Navigation_Spelling_Check()[pri:15, instance:com.jbk.owp.test.DashboardPageTest@3abbfa04]" name="downloads_Navigation_Spelling_Check" duration-ms="14" started-at="2020-01-21T12:02:05Z" description="Downloads Navigation Speeling Check" finished-at="2020-01-21T12:02:05Z">
          <reporter-output>
          </reporter-output>
        </test-method> <!-- downloads_Navigation_Spelling_Check -->
        <test-method status="PASS" signature="setupTest()[pri:0, instance:com.jbk.owp.test.DashboardPageTest@3abbfa04]" name="setupTest" is-config="true" duration-ms="0" started-at="2020-01-21T12:02:05Z" finished-at="2020-01-21T12:02:05Z">
          <reporter-output>
          </reporter-output>
        </test-method> <!-- setupTest -->
        <test-method status="PASS" signature="getResult(org.testng.ITestResult)[pri:0, instance:com.jbk.owp.test.DashboardPageTest@3abbfa04]" name="getResult" is-config="true" duration-ms="60" started-at="2020-01-21T12:02:05Z" finished-at="2020-01-21T12:02:05Z">
          <params>
            <param index="0">
              <value>
                <![CDATA[[TestResult name=downloads_Navigation_Spelling_Check status=SUCCESS method=DashboardPageTest.downloads_Navigation_Spelling_Check()[pri:15, instance:com.jbk.owp.test.DashboardPageTest@3abbfa04] output={null}]]]>
              </value>
            </param>
          </params>
          <reporter-output>
          </reporter-output>
        </test-method> <!-- getResult -->
        <test-method status="PASS" signature="setupTest()[pri:0, instance:com.jbk.owp.test.DashboardPageTest@3abbfa04]" name="setupTest" is-config="true" duration-ms="1" started-at="2020-01-21T12:02:05Z" finished-at="2020-01-21T12:02:05Z">
          <reporter-output>
          </reporter-output>
        </test-method> <!-- setupTest -->
        <test-method status="PASS" signature="logout_Navigation_Spelling_Check()[pri:16, instance:com.jbk.owp.test.DashboardPageTest@3abbfa04]" name="logout_Navigation_Spelling_Check" duration-ms="13" started-at="2020-01-21T12:02:05Z" description="Logout Navigation Speeling Check" finished-at="2020-01-21T12:02:05Z">
          <reporter-output>
          </reporter-output>
        </test-method> <!-- logout_Navigation_Spelling_Check -->
        <test-method status="PASS" signature="getResult(org.testng.ITestResult)[pri:0, instance:com.jbk.owp.test.DashboardPageTest@3abbfa04]" name="getResult" is-config="true" duration-ms="49" started-at="2020-01-21T12:02:05Z" finished-at="2020-01-21T12:02:05Z">
          <params>
            <param index="0">
              <value>
                <![CDATA[[TestResult name=logout_Navigation_Spelling_Check status=SUCCESS method=DashboardPageTest.logout_Navigation_Spelling_Check()[pri:16, instance:com.jbk.owp.test.DashboardPageTest@3abbfa04] output={null}]]]>
              </value>
            </param>
          </params>
          <reporter-output>
          </reporter-output>
        </test-method> <!-- getResult -->
        <test-method status="PASS" signature="setupTest()[pri:0, instance:com.jbk.owp.test.DashboardPageTest@3abbfa04]" name="setupTest" is-config="true" duration-ms="1" started-at="2020-01-21T12:02:05Z" finished-at="2020-01-21T12:02:05Z">
          <reporter-output>
          </reporter-output>
        </test-method> <!-- setupTest -->
        <test-method status="PASS" signature="Dashboard_Navigation_link_Check()[pri:17, instance:com.jbk.owp.test.DashboardPageTest@3abbfa04]" name="Dashboard_Navigation_link_Check" duration-ms="22" started-at="2020-01-21T12:02:05Z" description="Dashboard Navigation link Check" finished-at="2020-01-21T12:02:05Z">
          <reporter-output>
          </reporter-output>
        </test-method> <!-- Dashboard_Navigation_link_Check -->
        <test-method status="PASS" signature="getResult(org.testng.ITestResult)[pri:0, instance:com.jbk.owp.test.DashboardPageTest@3abbfa04]" name="getResult" is-config="true" duration-ms="61" started-at="2020-01-21T12:02:05Z" finished-at="2020-01-21T12:02:05Z">
          <params>
            <param index="0">
              <value>
                <![CDATA[[TestResult name=Dashboard_Navigation_link_Check status=SUCCESS method=DashboardPageTest.Dashboard_Navigation_link_Check()[pri:17, instance:com.jbk.owp.test.DashboardPageTest@3abbfa04] output={null}]]]>
              </value>
            </param>
          </params>
          <reporter-output>
          </reporter-output>
        </test-method> <!-- getResult -->
        <test-method status="PASS" signature="setupTest()[pri:0, instance:com.jbk.owp.test.DashboardPageTest@3abbfa04]" name="setupTest" is-config="true" duration-ms="1" started-at="2020-01-21T12:02:05Z" finished-at="2020-01-21T12:02:05Z">
          <reporter-output>
          </reporter-output>
        </test-method> <!-- setupTest -->
        <test-method status="PASS" signature="user_Navigation_link_Check()[pri:18, instance:com.jbk.owp.test.DashboardPageTest@3abbfa04]" name="user_Navigation_link_Check" duration-ms="20" started-at="2020-01-21T12:02:05Z" description="User Navigation link Check" finished-at="2020-01-21T12:02:05Z">
          <reporter-output>
          </reporter-output>
        </test-method> <!-- user_Navigation_link_Check -->
        <test-method status="PASS" signature="getResult(org.testng.ITestResult)[pri:0, instance:com.jbk.owp.test.DashboardPageTest@3abbfa04]" name="getResult" is-config="true" duration-ms="54" started-at="2020-01-21T12:02:05Z" finished-at="2020-01-21T12:02:05Z">
          <params>
            <param index="0">
              <value>
                <![CDATA[[TestResult name=user_Navigation_link_Check status=SUCCESS method=DashboardPageTest.user_Navigation_link_Check()[pri:18, instance:com.jbk.owp.test.DashboardPageTest@3abbfa04] output={null}]]]>
              </value>
            </param>
          </params>
          <reporter-output>
          </reporter-output>
        </test-method> <!-- getResult -->
        <test-method status="PASS" signature="oprators_Navigation_link_Check()[pri:19, instance:com.jbk.owp.test.DashboardPageTest@3abbfa04]" name="oprators_Navigation_link_Check" duration-ms="18" started-at="2020-01-21T12:02:05Z" description="Operators Navigation link Check" finished-at="2020-01-21T12:02:05Z">
          <reporter-output>
          </reporter-output>
        </test-method> <!-- oprators_Navigation_link_Check -->
        <test-method status="PASS" signature="setupTest()[pri:0, instance:com.jbk.owp.test.DashboardPageTest@3abbfa04]" name="setupTest" is-config="true" duration-ms="0" started-at="2020-01-21T12:02:05Z" finished-at="2020-01-21T12:02:05Z">
          <reporter-output>
          </reporter-output>
        </test-method> <!-- setupTest -->
        <test-method status="PASS" signature="getResult(org.testng.ITestResult)[pri:0, instance:com.jbk.owp.test.DashboardPageTest@3abbfa04]" name="getResult" is-config="true" duration-ms="47" started-at="2020-01-21T12:02:05Z" finished-at="2020-01-21T12:02:05Z">
          <params>
            <param index="0">
              <value>
                <![CDATA[[TestResult name=oprators_Navigation_link_Check status=SUCCESS method=DashboardPageTest.oprators_Navigation_link_Check()[pri:19, instance:com.jbk.owp.test.DashboardPageTest@3abbfa04] output={null}]]]>
              </value>
            </param>
          </params>
          <reporter-output>
          </reporter-output>
        </test-method> <!-- getResult -->
        <test-method status="PASS" signature="usefulLinks_navigation_link_Check()[pri:20, instance:com.jbk.owp.test.DashboardPageTest@3abbfa04]" name="usefulLinks_navigation_link_Check" duration-ms="17" started-at="2020-01-21T12:02:05Z" description="Useful Links Navigation link Check" finished-at="2020-01-21T12:02:06Z">
          <reporter-output>
          </reporter-output>
        </test-method> <!-- usefulLinks_navigation_link_Check -->
        <test-method status="PASS" signature="setupTest()[pri:0, instance:com.jbk.owp.test.DashboardPageTest@3abbfa04]" name="setupTest" is-config="true" duration-ms="0" started-at="2020-01-21T12:02:05Z" finished-at="2020-01-21T12:02:05Z">
          <reporter-output>
          </reporter-output>
        </test-method> <!-- setupTest -->
        <test-method status="PASS" signature="getResult(org.testng.ITestResult)[pri:0, instance:com.jbk.owp.test.DashboardPageTest@3abbfa04]" name="getResult" is-config="true" duration-ms="42" started-at="2020-01-21T12:02:06Z" finished-at="2020-01-21T12:02:06Z">
          <params>
            <param index="0">
              <value>
                <![CDATA[[TestResult name=usefulLinks_navigation_link_Check status=SUCCESS method=DashboardPageTest.usefulLinks_navigation_link_Check()[pri:20, instance:com.jbk.owp.test.DashboardPageTest@3abbfa04] output={null}]]]>
              </value>
            </param>
          </params>
          <reporter-output>
          </reporter-output>
        </test-method> <!-- getResult -->
        <test-method status="PASS" signature="setupTest()[pri:0, instance:com.jbk.owp.test.DashboardPageTest@3abbfa04]" name="setupTest" is-config="true" duration-ms="1" started-at="2020-01-21T12:02:06Z" finished-at="2020-01-21T12:02:06Z">
          <reporter-output>
          </reporter-output>
        </test-method> <!-- setupTest -->
        <test-method status="PASS" signature="downloads_Navigation_link_Check()[pri:21, instance:com.jbk.owp.test.DashboardPageTest@3abbfa04]" name="downloads_Navigation_link_Check" duration-ms="14" started-at="2020-01-21T12:02:06Z" description="Downloads Navigation link Check" finished-at="2020-01-21T12:02:06Z">
          <reporter-output>
          </reporter-output>
        </test-method> <!-- downloads_Navigation_link_Check -->
        <test-method status="PASS" signature="getResult(org.testng.ITestResult)[pri:0, instance:com.jbk.owp.test.DashboardPageTest@3abbfa04]" name="getResult" is-config="true" duration-ms="57" started-at="2020-01-21T12:02:06Z" finished-at="2020-01-21T12:02:06Z">
          <params>
            <param index="0">
              <value>
                <![CDATA[[TestResult name=downloads_Navigation_link_Check status=SUCCESS method=DashboardPageTest.downloads_Navigation_link_Check()[pri:21, instance:com.jbk.owp.test.DashboardPageTest@3abbfa04] output={null}]]]>
              </value>
            </param>
          </params>
          <reporter-output>
          </reporter-output>
        </test-method> <!-- getResult -->
        <test-method status="PASS" signature="setupTest()[pri:0, instance:com.jbk.owp.test.DashboardPageTest@3abbfa04]" name="setupTest" is-config="true" duration-ms="1" started-at="2020-01-21T12:02:06Z" finished-at="2020-01-21T12:02:06Z">
          <reporter-output>
          </reporter-output>
        </test-method> <!-- setupTest -->
        <test-method status="PASS" signature="sidebar_Menu_Navigations_Count()[pri:22, instance:com.jbk.owp.test.DashboardPageTest@3abbfa04]" name="sidebar_Menu_Navigations_Count" duration-ms="1" started-at="2020-01-21T12:02:06Z" description="Sidebar menu Navigations count" finished-at="2020-01-21T12:02:06Z">
          <reporter-output>
          </reporter-output>
        </test-method> <!-- sidebar_Menu_Navigations_Count -->
        <test-method status="PASS" signature="getResult(org.testng.ITestResult)[pri:0, instance:com.jbk.owp.test.DashboardPageTest@3abbfa04]" name="getResult" is-config="true" duration-ms="64" started-at="2020-01-21T12:02:06Z" finished-at="2020-01-21T12:02:06Z">
          <params>
            <param index="0">
              <value>
                <![CDATA[[TestResult name=sidebar_Menu_Navigations_Count status=SUCCESS method=DashboardPageTest.sidebar_Menu_Navigations_Count()[pri:22, instance:com.jbk.owp.test.DashboardPageTest@3abbfa04] output={null}]]]>
              </value>
            </param>
          </params>
          <reporter-output>
          </reporter-output>
        </test-method> <!-- getResult -->
        <test-method status="PASS" signature="setupTest()[pri:0, instance:com.jbk.owp.test.DashboardPageTest@3abbfa04]" name="setupTest" is-config="true" duration-ms="1" started-at="2020-01-21T12:02:06Z" finished-at="2020-01-21T12:02:06Z">
          <reporter-output>
          </reporter-output>
        </test-method> <!-- setupTest -->
        <test-method status="PASS" signature="User_Navigation_isdisplayed_Check()[pri:23, instance:com.jbk.owp.test.DashboardPageTest@3abbfa04]" name="User_Navigation_isdisplayed_Check" duration-ms="32" started-at="2020-01-21T12:02:06Z" description="User Navigation Display check" finished-at="2020-01-21T12:02:06Z">
          <reporter-output>
          </reporter-output>
        </test-method> <!-- User_Navigation_isdisplayed_Check -->
        <test-method status="PASS" signature="getResult(org.testng.ITestResult)[pri:0, instance:com.jbk.owp.test.DashboardPageTest@3abbfa04]" name="getResult" is-config="true" duration-ms="78" started-at="2020-01-21T12:02:06Z" finished-at="2020-01-21T12:02:06Z">
          <params>
            <param index="0">
              <value>
                <![CDATA[[TestResult name=User_Navigation_isdisplayed_Check status=SUCCESS method=DashboardPageTest.User_Navigation_isdisplayed_Check()[pri:23, instance:com.jbk.owp.test.DashboardPageTest@3abbfa04] output={null}]]]>
              </value>
            </param>
          </params>
          <reporter-output>
          </reporter-output>
        </test-method> <!-- getResult -->
        <test-method status="PASS" signature="setupTest()[pri:0, instance:com.jbk.owp.test.DashboardPageTest@3abbfa04]" name="setupTest" is-config="true" duration-ms="1" started-at="2020-01-21T12:02:06Z" finished-at="2020-01-21T12:02:06Z">
          <reporter-output>
          </reporter-output>
        </test-method> <!-- setupTest -->
        <test-method status="PASS" signature="operators_Navigation_isdisplayed()[pri:24, instance:com.jbk.owp.test.DashboardPageTest@3abbfa04]" name="operators_Navigation_isdisplayed" duration-ms="37" started-at="2020-01-21T12:02:06Z" description="Oprators Navigation Display check" finished-at="2020-01-21T12:02:06Z">
          <reporter-output>
          </reporter-output>
        </test-method> <!-- operators_Navigation_isdisplayed -->
        <test-method status="PASS" signature="getResult(org.testng.ITestResult)[pri:0, instance:com.jbk.owp.test.DashboardPageTest@3abbfa04]" name="getResult" is-config="true" duration-ms="62" started-at="2020-01-21T12:02:06Z" finished-at="2020-01-21T12:02:06Z">
          <params>
            <param index="0">
              <value>
                <![CDATA[[TestResult name=operators_Navigation_isdisplayed status=SUCCESS method=DashboardPageTest.operators_Navigation_isdisplayed()[pri:24, instance:com.jbk.owp.test.DashboardPageTest@3abbfa04] output={null}]]]>
              </value>
            </param>
          </params>
          <reporter-output>
          </reporter-output>
        </test-method> <!-- getResult -->
        <test-method status="PASS" signature="setupTest()[pri:0, instance:com.jbk.owp.test.DashboardPageTest@3abbfa04]" name="setupTest" is-config="true" duration-ms="1" started-at="2020-01-21T12:02:06Z" finished-at="2020-01-21T12:02:06Z">
          <reporter-output>
          </reporter-output>
        </test-method> <!-- setupTest -->
        <test-method status="PASS" signature="usefullinks_Navaigation_isdisplayed()[pri:25, instance:com.jbk.owp.test.DashboardPageTest@3abbfa04]" name="usefullinks_Navaigation_isdisplayed" duration-ms="41" started-at="2020-01-21T12:02:06Z" description="Useful Links Navigation Display check" finished-at="2020-01-21T12:02:06Z">
          <reporter-output>
          </reporter-output>
        </test-method> <!-- usefullinks_Navaigation_isdisplayed -->
        <test-method status="PASS" signature="getResult(org.testng.ITestResult)[pri:0, instance:com.jbk.owp.test.DashboardPageTest@3abbfa04]" name="getResult" is-config="true" duration-ms="77" started-at="2020-01-21T12:02:06Z" finished-at="2020-01-21T12:02:06Z">
          <params>
            <param index="0">
              <value>
                <![CDATA[[TestResult name=usefullinks_Navaigation_isdisplayed status=SUCCESS method=DashboardPageTest.usefullinks_Navaigation_isdisplayed()[pri:25, instance:com.jbk.owp.test.DashboardPageTest@3abbfa04] output={null}]]]>
              </value>
            </param>
          </params>
          <reporter-output>
          </reporter-output>
        </test-method> <!-- getResult -->
        <test-method status="PASS" signature="setupTest()[pri:0, instance:com.jbk.owp.test.DashboardPageTest@3abbfa04]" name="setupTest" is-config="true" duration-ms="0" started-at="2020-01-21T12:02:06Z" finished-at="2020-01-21T12:02:06Z">
          <reporter-output>
          </reporter-output>
        </test-method> <!-- setupTest -->
        <test-method status="PASS" signature="downloads_navigation_isdisplayed()[pri:26, instance:com.jbk.owp.test.DashboardPageTest@3abbfa04]" name="downloads_navigation_isdisplayed" duration-ms="31" started-at="2020-01-21T12:02:06Z" description="Downloads  Navigation Display check" finished-at="2020-01-21T12:02:06Z">
          <reporter-output>
          </reporter-output>
        </test-method> <!-- downloads_navigation_isdisplayed -->
        <test-method status="PASS" signature="getResult(org.testng.ITestResult)[pri:0, instance:com.jbk.owp.test.DashboardPageTest@3abbfa04]" name="getResult" is-config="true" duration-ms="79" started-at="2020-01-21T12:02:06Z" finished-at="2020-01-21T12:02:06Z">
          <params>
            <param index="0">
              <value>
                <![CDATA[[TestResult name=downloads_navigation_isdisplayed status=SUCCESS method=DashboardPageTest.downloads_navigation_isdisplayed()[pri:26, instance:com.jbk.owp.test.DashboardPageTest@3abbfa04] output={null}]]]>
              </value>
            </param>
          </params>
          <reporter-output>
          </reporter-output>
        </test-method> <!-- getResult -->
        <test-method status="PASS" signature="setupTest()[pri:0, instance:com.jbk.owp.test.DashboardPageTest@3abbfa04]" name="setupTest" is-config="true" duration-ms="1" started-at="2020-01-21T12:02:06Z" finished-at="2020-01-21T12:02:06Z">
          <reporter-output>
          </reporter-output>
        </test-method> <!-- setupTest -->
        <test-method status="PASS" signature="logouttabisdisplayed()[pri:27, instance:com.jbk.owp.test.DashboardPageTest@3abbfa04]" name="logouttabisdisplayed" duration-ms="38" started-at="2020-01-21T12:02:06Z" description="Logout Navigation Display check" finished-at="2020-01-21T12:02:06Z">
          <reporter-output>
          </reporter-output>
        </test-method> <!-- logouttabisdisplayed -->
        <test-method status="PASS" signature="getResult(org.testng.ITestResult)[pri:0, instance:com.jbk.owp.test.DashboardPageTest@3abbfa04]" name="getResult" is-config="true" duration-ms="60" started-at="2020-01-21T12:02:06Z" finished-at="2020-01-21T12:02:06Z">
          <params>
            <param index="0">
              <value>
                <![CDATA[[TestResult name=logouttabisdisplayed status=SUCCESS method=DashboardPageTest.logouttabisdisplayed()[pri:27, instance:com.jbk.owp.test.DashboardPageTest@3abbfa04] output={null}]]]>
              </value>
            </param>
          </params>
          <reporter-output>
          </reporter-output>
        </test-method> <!-- getResult -->
        <test-method status="PASS" signature="moveover_Dashboard_Bgcolor()[pri:28, instance:com.jbk.owp.test.DashboardPageTest@3abbfa04]" name="moveover_Dashboard_Bgcolor" duration-ms="175" started-at="2020-01-21T12:02:06Z" description="Moveover on Dashboard Navigation Bgcolor change checking" finished-at="2020-01-21T12:02:06Z">
          <reporter-output>
          </reporter-output>
        </test-method> <!-- moveover_Dashboard_Bgcolor -->
        <test-method status="PASS" signature="setupTest()[pri:0, instance:com.jbk.owp.test.DashboardPageTest@3abbfa04]" name="setupTest" is-config="true" duration-ms="0" started-at="2020-01-21T12:02:06Z" finished-at="2020-01-21T12:02:06Z">
          <reporter-output>
          </reporter-output>
        </test-method> <!-- setupTest -->
        <test-method status="PASS" signature="getResult(org.testng.ITestResult)[pri:0, instance:com.jbk.owp.test.DashboardPageTest@3abbfa04]" name="getResult" is-config="true" duration-ms="131" started-at="2020-01-21T12:02:06Z" finished-at="2020-01-21T12:02:07Z">
          <params>
            <param index="0">
              <value>
                <![CDATA[[TestResult name=moveover_Dashboard_Bgcolor status=SUCCESS method=DashboardPageTest.moveover_Dashboard_Bgcolor()[pri:28, instance:com.jbk.owp.test.DashboardPageTest@3abbfa04] output={null}]]]>
              </value>
            </param>
          </params>
          <reporter-output>
          </reporter-output>
        </test-method> <!-- getResult -->
        <test-method status="PASS" signature="setupTest()[pri:0, instance:com.jbk.owp.test.DashboardPageTest@3abbfa04]" name="setupTest" is-config="true" duration-ms="1" started-at="2020-01-21T12:02:07Z" finished-at="2020-01-21T12:02:07Z">
          <reporter-output>
          </reporter-output>
        </test-method> <!-- setupTest -->
        <test-method status="FAIL" signature="moveover_User_Bgcolor()[pri:29, instance:com.jbk.owp.test.DashboardPageTest@3abbfa04]" name="moveover_User_Bgcolor" duration-ms="161" started-at="2020-01-21T12:02:07Z" description="Moveover on User Navigation Bgcolor change checking" finished-at="2020-01-21T12:02:07Z">
          <exception class="java.lang.AssertionError">
            <message>
              <![CDATA[expected [rgba(30, 40, 44, 1)] but found [rgb(30, 40, 44)]]]>
            </message>
            <full-stacktrace>
              <![CDATA[java.lang.AssertionError: expected [rgba(30, 40, 44, 1)] but found [rgb(30, 40, 44)]
at org.testng.Assert.fail(Assert.java:96)
at org.testng.Assert.failNotEquals(Assert.java:776)
at org.testng.Assert.assertEqualsImpl(Assert.java:137)
at org.testng.Assert.assertEquals(Assert.java:118)
at org.testng.Assert.assertEquals(Assert.java:453)
at org.testng.Assert.assertEquals(Assert.java:463)
at com.jbk.owp.test.DashboardPageTest.moveover_User_Bgcolor(DashboardPageTest.java:203)
at sun.reflect.NativeMethodAccessorImpl.invoke0(Native Method)
at sun.reflect.NativeMethodAccessorImpl.invoke(NativeMethodAccessorImpl.java:62)
at sun.reflect.DelegatingMethodAccessorImpl.invoke(DelegatingMethodAccessorImpl.java:43)
at java.lang.reflect.Method.invoke(Method.java:498)
at org.testng.internal.MethodInvocationHelper.invokeMethod(MethodInvocationHelper.java:124)
at org.testng.internal.Invoker.invokeMethod(Invoker.java:583)
at org.testng.internal.Invoker.invokeTestMethod(Invoker.java:719)
at org.testng.internal.Invoker.invokeTestMethods(Invoker.java:989)
at org.testng.internal.TestMethodWorker.invokeTestMethods(TestMethodWorker.java:125)
at org.testng.internal.TestMethodWorker.run(TestMethodWorker.java:109)
at org.testng.TestRunner.privateRun(TestRunner.java:648)
at org.testng.TestRunner.run(TestRunner.java:505)
at org.testng.SuiteRunner.runTest(SuiteRunner.java:455)
at org.testng.SuiteRunner.runSequentially(SuiteRunner.java:450)
at org.testng.SuiteRunner.privateRun(SuiteRunner.java:415)
at org.testng.SuiteRunner.run(SuiteRunner.java:364)
at org.testng.SuiteRunnerWorker.runSuite(SuiteRunnerWorker.java:52)
at org.testng.SuiteRunnerWorker.run(SuiteRunnerWorker.java:84)
at org.testng.TestNG.runSuitesSequentially(TestNG.java:1208)
at org.testng.TestNG.runSuitesLocally(TestNG.java:1137)
at org.testng.TestNG.runSuites(TestNG.java:1049)
at org.testng.TestNG.run(TestNG.java:1017)
at org.testng.remote.AbstractRemoteTestNG.run(AbstractRemoteTestNG.java:132)
at org.testng.remote.RemoteTestNG.initAndRun(RemoteTestNG.java:236)
at org.testng.remote.RemoteTestNG.main(RemoteTestNG.java:81)
]]>
            </full-stacktrace>
          </exception> <!-- java.lang.AssertionError -->
          <reporter-output>
          </reporter-output>
        </test-method> <!-- moveover_User_Bgcolor -->
        <test-method status="PASS" signature="getResult(org.testng.ITestResult)[pri:0, instance:com.jbk.owp.test.DashboardPageTest@3abbfa04]" name="getResult" is-config="true" duration-ms="326" started-at="2020-01-21T12:02:07Z" finished-at="2020-01-21T12:02:07Z">
          <params>
            <param index="0">
              <value>
                <![CDATA[[TestResult name=moveover_User_Bgcolor status=FAILURE method=DashboardPageTest.moveover_User_Bgcolor()[pri:29, instance:com.jbk.owp.test.DashboardPageTest@3abbfa04] output={null}]]]>
              </value>
            </param>
          </params>
          <reporter-output>
          </reporter-output>
        </test-method> <!-- getResult -->
        <test-method status="PASS" signature="setupTest()[pri:0, instance:com.jbk.owp.test.DashboardPageTest@3abbfa04]" name="setupTest" is-config="true" duration-ms="1" started-at="2020-01-21T12:02:07Z" finished-at="2020-01-21T12:02:07Z">
          <reporter-output>
          </reporter-output>
        </test-method> <!-- setupTest -->
        <test-method status="FAIL" signature="moveover_Oprators_Bgcolor()[pri:30, instance:com.jbk.owp.test.DashboardPageTest@3abbfa04]" name="moveover_Oprators_Bgcolor" duration-ms="154" started-at="2020-01-21T12:02:07Z" description="Moveover on Oprators Navigation Bgcolor change checking" finished-at="2020-01-21T12:02:07Z">
          <exception class="java.lang.AssertionError">
            <message>
              <![CDATA[expected [rgba(30, 40, 44, 1)] but found [rgb(30, 40, 44)]]]>
            </message>
            <full-stacktrace>
              <![CDATA[java.lang.AssertionError: expected [rgba(30, 40, 44, 1)] but found [rgb(30, 40, 44)]
at org.testng.Assert.fail(Assert.java:96)
at org.testng.Assert.failNotEquals(Assert.java:776)
at org.testng.Assert.assertEqualsImpl(Assert.java:137)
at org.testng.Assert.assertEquals(Assert.java:118)
at org.testng.Assert.assertEquals(Assert.java:453)
at org.testng.Assert.assertEquals(Assert.java:463)
at com.jbk.owp.test.DashboardPageTest.moveover_Oprators_Bgcolor(DashboardPageTest.java:216)
at sun.reflect.NativeMethodAccessorImpl.invoke0(Native Method)
at sun.reflect.NativeMethodAccessorImpl.invoke(NativeMethodAccessorImpl.java:62)
at sun.reflect.DelegatingMethodAccessorImpl.invoke(DelegatingMethodAccessorImpl.java:43)
at java.lang.reflect.Method.invoke(Method.java:498)
at org.testng.internal.MethodInvocationHelper.invokeMethod(MethodInvocationHelper.java:124)
at org.testng.internal.Invoker.invokeMethod(Invoker.java:583)
at org.testng.internal.Invoker.invokeTestMethod(Invoker.java:719)
at org.testng.internal.Invoker.invokeTestMethods(Invoker.java:989)
at org.testng.internal.TestMethodWorker.invokeTestMethods(TestMethodWorker.java:125)
at org.testng.internal.TestMethodWorker.run(TestMethodWorker.java:109)
at org.testng.TestRunner.privateRun(TestRunner.java:648)
at org.testng.TestRunner.run(TestRunner.java:505)
at org.testng.SuiteRunner.runTest(SuiteRunner.java:455)
at org.testng.SuiteRunner.runSequentially(SuiteRunner.java:450)
at org.testng.SuiteRunner.privateRun(SuiteRunner.java:415)
at org.testng.SuiteRunner.run(SuiteRunner.java:364)
at org.testng.SuiteRunnerWorker.runSuite(SuiteRunnerWorker.java:52)
at org.testng.SuiteRunnerWorker.run(SuiteRunnerWorker.java:84)
at org.testng.TestNG.runSuitesSequentially(TestNG.java:1208)
at org.testng.TestNG.runSuitesLocally(TestNG.java:1137)
at org.testng.TestNG.runSuites(TestNG.java:1049)
at org.testng.TestNG.run(TestNG.java:1017)
at org.testng.remote.AbstractRemoteTestNG.run(AbstractRemoteTestNG.java:132)
at org.testng.remote.RemoteTestNG.initAndRun(RemoteTestNG.java:236)
at org.testng.remote.RemoteTestNG.main(RemoteTestNG.java:81)
]]>
            </full-stacktrace>
          </exception> <!-- java.lang.AssertionError -->
          <reporter-output>
          </reporter-output>
        </test-method> <!-- moveover_Oprators_Bgcolor -->
        <test-method status="PASS" signature="getResult(org.testng.ITestResult)[pri:0, instance:com.jbk.owp.test.DashboardPageTest@3abbfa04]" name="getResult" is-config="true" duration-ms="208" started-at="2020-01-21T12:02:07Z" finished-at="2020-01-21T12:02:07Z">
          <params>
            <param index="0">
              <value>
                <![CDATA[[TestResult name=moveover_Oprators_Bgcolor status=FAILURE method=DashboardPageTest.moveover_Oprators_Bgcolor()[pri:30, instance:com.jbk.owp.test.DashboardPageTest@3abbfa04] output={null}]]]>
              </value>
            </param>
          </params>
          <reporter-output>
          </reporter-output>
        </test-method> <!-- getResult -->
        <test-method status="PASS" signature="setupTest()[pri:0, instance:com.jbk.owp.test.DashboardPageTest@3abbfa04]" name="setupTest" is-config="true" duration-ms="0" started-at="2020-01-21T12:02:07Z" finished-at="2020-01-21T12:02:07Z">
          <reporter-output>
          </reporter-output>
        </test-method> <!-- setupTest -->
        <test-method status="FAIL" signature="moveover_UsefulLinks_Bgcolor()[pri:31, instance:com.jbk.owp.test.DashboardPageTest@3abbfa04]" name="moveover_UsefulLinks_Bgcolor" duration-ms="147" started-at="2020-01-21T12:02:07Z" description="Moveover on Useful Navigation Bgcolor change checking" finished-at="2020-01-21T12:02:08Z">
          <exception class="java.lang.AssertionError">
            <message>
              <![CDATA[expected [rgba(30, 40, 44, 1)] but found [rgb(30, 40, 44)]]]>
            </message>
            <full-stacktrace>
              <![CDATA[java.lang.AssertionError: expected [rgba(30, 40, 44, 1)] but found [rgb(30, 40, 44)]
at org.testng.Assert.fail(Assert.java:96)
at org.testng.Assert.failNotEquals(Assert.java:776)
at org.testng.Assert.assertEqualsImpl(Assert.java:137)
at org.testng.Assert.assertEquals(Assert.java:118)
at org.testng.Assert.assertEquals(Assert.java:453)
at org.testng.Assert.assertEquals(Assert.java:463)
at com.jbk.owp.test.DashboardPageTest.moveover_UsefulLinks_Bgcolor(DashboardPageTest.java:229)
at sun.reflect.NativeMethodAccessorImpl.invoke0(Native Method)
at sun.reflect.NativeMethodAccessorImpl.invoke(NativeMethodAccessorImpl.java:62)
at sun.reflect.DelegatingMethodAccessorImpl.invoke(DelegatingMethodAccessorImpl.java:43)
at java.lang.reflect.Method.invoke(Method.java:498)
at org.testng.internal.MethodInvocationHelper.invokeMethod(MethodInvocationHelper.java:124)
at org.testng.internal.Invoker.invokeMethod(Invoker.java:583)
at org.testng.internal.Invoker.invokeTestMethod(Invoker.java:719)
at org.testng.internal.Invoker.invokeTestMethods(Invoker.java:989)
at org.testng.internal.TestMethodWorker.invokeTestMethods(TestMethodWorker.java:125)
at org.testng.internal.TestMethodWorker.run(TestMethodWorker.java:109)
at org.testng.TestRunner.privateRun(TestRunner.java:648)
at org.testng.TestRunner.run(TestRunner.java:505)
at org.testng.SuiteRunner.runTest(SuiteRunner.java:455)
at org.testng.SuiteRunner.runSequentially(SuiteRunner.java:450)
at org.testng.SuiteRunner.privateRun(SuiteRunner.java:415)
at org.testng.SuiteRunner.run(SuiteRunner.java:364)
at org.testng.SuiteRunnerWorker.runSuite(SuiteRunnerWorker.java:52)
at org.testng.SuiteRunnerWorker.run(SuiteRunnerWorker.java:84)
at org.testng.TestNG.runSuitesSequentially(TestNG.java:1208)
at org.testng.TestNG.runSuitesLocally(TestNG.java:1137)
at org.testng.TestNG.runSuites(TestNG.java:1049)
at org.testng.TestNG.run(TestNG.java:1017)
at org.testng.remote.AbstractRemoteTestNG.run(AbstractRemoteTestNG.java:132)
at org.testng.remote.RemoteTestNG.initAndRun(RemoteTestNG.java:236)
at org.testng.remote.RemoteTestNG.main(RemoteTestNG.java:81)
]]>
            </full-stacktrace>
          </exception> <!-- java.lang.AssertionError -->
          <reporter-output>
          </reporter-output>
        </test-method> <!-- moveover_UsefulLinks_Bgcolor -->
        <test-method status="PASS" signature="getResult(org.testng.ITestResult)[pri:0, instance:com.jbk.owp.test.DashboardPageTest@3abbfa04]" name="getResult" is-config="true" duration-ms="210" started-at="2020-01-21T12:02:08Z" finished-at="2020-01-21T12:02:08Z">
          <params>
            <param index="0">
              <value>
                <![CDATA[[TestResult name=moveover_UsefulLinks_Bgcolor status=FAILURE method=DashboardPageTest.moveover_UsefulLinks_Bgcolor()[pri:31, instance:com.jbk.owp.test.DashboardPageTest@3abbfa04] output={null}]]]>
              </value>
            </param>
          </params>
          <reporter-output>
          </reporter-output>
        </test-method> <!-- getResult -->
        <test-method status="PASS" signature="setupTest()[pri:0, instance:com.jbk.owp.test.DashboardPageTest@3abbfa04]" name="setupTest" is-config="true" duration-ms="0" started-at="2020-01-21T12:02:08Z" finished-at="2020-01-21T12:02:08Z">
          <reporter-output>
          </reporter-output>
        </test-method> <!-- setupTest -->
        <test-method status="FAIL" signature="moveover_downloads_Bgcolor()[pri:32, instance:com.jbk.owp.test.DashboardPageTest@3abbfa04]" name="moveover_downloads_Bgcolor" duration-ms="163" started-at="2020-01-21T12:02:08Z" description="Moveover on Downlaods Navigation Bgcolor change checking" finished-at="2020-01-21T12:02:08Z">
          <exception class="java.lang.AssertionError">
            <message>
              <![CDATA[expected [rgba(30, 40, 44, 1)] but found [rgb(30, 40, 44)]]]>
            </message>
            <full-stacktrace>
              <![CDATA[java.lang.AssertionError: expected [rgba(30, 40, 44, 1)] but found [rgb(30, 40, 44)]
at org.testng.Assert.fail(Assert.java:96)
at org.testng.Assert.failNotEquals(Assert.java:776)
at org.testng.Assert.assertEqualsImpl(Assert.java:137)
at org.testng.Assert.assertEquals(Assert.java:118)
at org.testng.Assert.assertEquals(Assert.java:453)
at org.testng.Assert.assertEquals(Assert.java:463)
at com.jbk.owp.test.DashboardPageTest.moveover_downloads_Bgcolor(DashboardPageTest.java:242)
at sun.reflect.NativeMethodAccessorImpl.invoke0(Native Method)
at sun.reflect.NativeMethodAccessorImpl.invoke(NativeMethodAccessorImpl.java:62)
at sun.reflect.DelegatingMethodAccessorImpl.invoke(DelegatingMethodAccessorImpl.java:43)
at java.lang.reflect.Method.invoke(Method.java:498)
at org.testng.internal.MethodInvocationHelper.invokeMethod(MethodInvocationHelper.java:124)
at org.testng.internal.Invoker.invokeMethod(Invoker.java:583)
at org.testng.internal.Invoker.invokeTestMethod(Invoker.java:719)
at org.testng.internal.Invoker.invokeTestMethods(Invoker.java:989)
at org.testng.internal.TestMethodWorker.invokeTestMethods(TestMethodWorker.java:125)
at org.testng.internal.TestMethodWorker.run(TestMethodWorker.java:109)
at org.testng.TestRunner.privateRun(TestRunner.java:648)
at org.testng.TestRunner.run(TestRunner.java:505)
at org.testng.SuiteRunner.runTest(SuiteRunner.java:455)
at org.testng.SuiteRunner.runSequentially(SuiteRunner.java:450)
at org.testng.SuiteRunner.privateRun(SuiteRunner.java:415)
at org.testng.SuiteRunner.run(SuiteRunner.java:364)
at org.testng.SuiteRunnerWorker.runSuite(SuiteRunnerWorker.java:52)
at org.testng.SuiteRunnerWorker.run(SuiteRunnerWorker.java:84)
at org.testng.TestNG.runSuitesSequentially(TestNG.java:1208)
at org.testng.TestNG.runSuitesLocally(TestNG.java:1137)
at org.testng.TestNG.runSuites(TestNG.java:1049)
at org.testng.TestNG.run(TestNG.java:1017)
at org.testng.remote.AbstractRemoteTestNG.run(AbstractRemoteTestNG.java:132)
at org.testng.remote.RemoteTestNG.initAndRun(RemoteTestNG.java:236)
at org.testng.remote.RemoteTestNG.main(RemoteTestNG.java:81)
]]>
            </full-stacktrace>
          </exception> <!-- java.lang.AssertionError -->
          <reporter-output>
          </reporter-output>
        </test-method> <!-- moveover_downloads_Bgcolor -->
        <test-method status="PASS" signature="getResult(org.testng.ITestResult)[pri:0, instance:com.jbk.owp.test.DashboardPageTest@3abbfa04]" name="getResult" is-config="true" duration-ms="246" started-at="2020-01-21T12:02:08Z" finished-at="2020-01-21T12:02:08Z">
          <params>
            <param index="0">
              <value>
                <![CDATA[[TestResult name=moveover_downloads_Bgcolor status=FAILURE method=DashboardPageTest.moveover_downloads_Bgcolor()[pri:32, instance:com.jbk.owp.test.DashboardPageTest@3abbfa04] output={null}]]]>
              </value>
            </param>
          </params>
          <reporter-output>
          </reporter-output>
        </test-method> <!-- getResult -->
        <test-method status="PASS" signature="setupTest()[pri:0, instance:com.jbk.owp.test.DashboardPageTest@3abbfa04]" name="setupTest" is-config="true" duration-ms="0" started-at="2020-01-21T12:02:08Z" finished-at="2020-01-21T12:02:08Z">
          <reporter-output>
          </reporter-output>
        </test-method> <!-- setupTest -->
        <test-method status="FAIL" signature="moveover_Logout_Bgcolor()[pri:33, instance:com.jbk.owp.test.DashboardPageTest@3abbfa04]" name="moveover_Logout_Bgcolor" duration-ms="161" started-at="2020-01-21T12:02:08Z" description="Moveover on Logout Navigation Bgcolor change checking" finished-at="2020-01-21T12:02:08Z">
          <exception class="java.lang.AssertionError">
            <message>
              <![CDATA[expected [rgba(0, 0, 0, 0.1)] but found [rgba(0, 0, 0, 0)]]]>
            </message>
            <full-stacktrace>
              <![CDATA[java.lang.AssertionError: expected [rgba(0, 0, 0, 0.1)] but found [rgba(0, 0, 0, 0)]
at org.testng.Assert.fail(Assert.java:96)
at org.testng.Assert.failNotEquals(Assert.java:776)
at org.testng.Assert.assertEqualsImpl(Assert.java:137)
at org.testng.Assert.assertEquals(Assert.java:118)
at org.testng.Assert.assertEquals(Assert.java:453)
at org.testng.Assert.assertEquals(Assert.java:463)
at com.jbk.owp.test.DashboardPageTest.moveover_Logout_Bgcolor(DashboardPageTest.java:254)
at sun.reflect.NativeMethodAccessorImpl.invoke0(Native Method)
at sun.reflect.NativeMethodAccessorImpl.invoke(NativeMethodAccessorImpl.java:62)
at sun.reflect.DelegatingMethodAccessorImpl.invoke(DelegatingMethodAccessorImpl.java:43)
at java.lang.reflect.Method.invoke(Method.java:498)
at org.testng.internal.MethodInvocationHelper.invokeMethod(MethodInvocationHelper.java:124)
at org.testng.internal.Invoker.invokeMethod(Invoker.java:583)
at org.testng.internal.Invoker.invokeTestMethod(Invoker.java:719)
at org.testng.internal.Invoker.invokeTestMethods(Invoker.java:989)
at org.testng.internal.TestMethodWorker.invokeTestMethods(TestMethodWorker.java:125)
at org.testng.internal.TestMethodWorker.run(TestMethodWorker.java:109)
at org.testng.TestRunner.privateRun(TestRunner.java:648)
at org.testng.TestRunner.run(TestRunner.java:505)
at org.testng.SuiteRunner.runTest(SuiteRunner.java:455)
at org.testng.SuiteRunner.runSequentially(SuiteRunner.java:450)
at org.testng.SuiteRunner.privateRun(SuiteRunner.java:415)
at org.testng.SuiteRunner.run(SuiteRunner.java:364)
at org.testng.SuiteRunnerWorker.runSuite(SuiteRunnerWorker.java:52)
at org.testng.SuiteRunnerWorker.run(SuiteRunnerWorker.java:84)
at org.testng.TestNG.runSuitesSequentially(TestNG.java:1208)
at org.testng.TestNG.runSuitesLocally(TestNG.java:1137)
at org.testng.TestNG.runSuites(TestNG.java:1049)
at org.testng.TestNG.run(TestNG.java:1017)
at org.testng.remote.AbstractRemoteTestNG.run(AbstractRemoteTestNG.java:132)
at org.testng.remote.RemoteTestNG.initAndRun(RemoteTestNG.java:236)
at org.testng.remote.RemoteTestNG.main(RemoteTestNG.java:81)
]]>
            </full-stacktrace>
          </exception> <!-- java.lang.AssertionError -->
          <reporter-output>
          </reporter-output>
        </test-method> <!-- moveover_Logout_Bgcolor -->
        <test-method status="PASS" signature="getResult(org.testng.ITestResult)[pri:0, instance:com.jbk.owp.test.DashboardPageTest@3abbfa04]" name="getResult" is-config="true" duration-ms="160" started-at="2020-01-21T12:02:08Z" finished-at="2020-01-21T12:02:08Z">
          <params>
            <param index="0">
              <value>
                <![CDATA[[TestResult name=moveover_Logout_Bgcolor status=FAILURE method=DashboardPageTest.moveover_Logout_Bgcolor()[pri:33, instance:com.jbk.owp.test.DashboardPageTest@3abbfa04] output={null}]]]>
              </value>
            </param>
          </params>
          <reporter-output>
          </reporter-output>
        </test-method> <!-- getResult -->
        <test-method status="PASS" signature="setupTest()[pri:0, instance:com.jbk.owp.test.DashboardPageTest@3abbfa04]" name="setupTest" is-config="true" duration-ms="0" started-at="2020-01-21T12:02:09Z" finished-at="2020-01-21T12:02:09Z">
          <reporter-output>
          </reporter-output>
        </test-method> <!-- setupTest -->
        <test-method status="PASS" signature="jbk_Main_Heading_Spell_check()[pri:34, instance:com.jbk.owp.test.DashboardPageTest@3abbfa04]" name="jbk_Main_Heading_Spell_check" duration-ms="12" started-at="2020-01-21T12:02:09Z" description="JBK Main Heading Spell Check " finished-at="2020-01-21T12:02:09Z">
          <reporter-output>
          </reporter-output>
        </test-method> <!-- jbk_Main_Heading_Spell_check -->
        <test-method status="PASS" signature="getResult(org.testng.ITestResult)[pri:0, instance:com.jbk.owp.test.DashboardPageTest@3abbfa04]" name="getResult" is-config="true" duration-ms="43" started-at="2020-01-21T12:02:09Z" finished-at="2020-01-21T12:02:09Z">
          <params>
            <param index="0">
              <value>
                <![CDATA[[TestResult name=jbk_Main_Heading_Spell_check status=SUCCESS method=DashboardPageTest.jbk_Main_Heading_Spell_check()[pri:34, instance:com.jbk.owp.test.DashboardPageTest@3abbfa04] output={null}]]]>
              </value>
            </param>
          </params>
          <reporter-output>
          </reporter-output>
        </test-method> <!-- getResult -->
        <test-method status="PASS" signature="setupTest()[pri:0, instance:com.jbk.owp.test.DashboardPageTest@3abbfa04]" name="setupTest" is-config="true" duration-ms="0" started-at="2020-01-21T12:02:09Z" finished-at="2020-01-21T12:02:09Z">
          <reporter-output>
          </reporter-output>
        </test-method> <!-- setupTest -->
        <test-method status="PASS" signature="jbk_subHeading_link()[pri:35, instance:com.jbk.owp.test.DashboardPageTest@3abbfa04]" name="jbk_subHeading_link" duration-ms="16" started-at="2020-01-21T12:02:09Z" description="JBK subHedding link Check " finished-at="2020-01-21T12:02:09Z">
          <reporter-output>
          </reporter-output>
        </test-method> <!-- jbk_subHeading_link -->
        <test-method status="PASS" signature="getResult(org.testng.ITestResult)[pri:0, instance:com.jbk.owp.test.DashboardPageTest@3abbfa04]" name="getResult" is-config="true" duration-ms="46" started-at="2020-01-21T12:02:09Z" finished-at="2020-01-21T12:02:09Z">
          <params>
            <param index="0">
              <value>
                <![CDATA[[TestResult name=jbk_subHeading_link status=SUCCESS method=DashboardPageTest.jbk_subHeading_link()[pri:35, instance:com.jbk.owp.test.DashboardPageTest@3abbfa04] output={null}]]]>
              </value>
            </param>
          </params>
          <reporter-output>
          </reporter-output>
        </test-method> <!-- getResult -->
        <test-method status="PASS" signature="setupTest()[pri:0, instance:com.jbk.owp.test.DashboardPageTest@3abbfa04]" name="setupTest" is-config="true" duration-ms="0" started-at="2020-01-21T12:02:09Z" finished-at="2020-01-21T12:02:09Z">
          <reporter-output>
          </reporter-output>
        </test-method> <!-- setupTest -->
        <test-method status="PASS" signature="jbk_text_logo_isdisplayed()[pri:36, instance:com.jbk.owp.test.DashboardPageTest@3abbfa04]" name="jbk_text_logo_isdisplayed" duration-ms="44" started-at="2020-01-21T12:02:09Z" description="JBK  text Logo display check " finished-at="2020-01-21T12:02:09Z">
          <reporter-output>
          </reporter-output>
        </test-method> <!-- jbk_text_logo_isdisplayed -->
        <test-method status="PASS" signature="getResult(org.testng.ITestResult)[pri:0, instance:com.jbk.owp.test.DashboardPageTest@3abbfa04]" name="getResult" is-config="true" duration-ms="53" started-at="2020-01-21T12:02:09Z" finished-at="2020-01-21T12:02:09Z">
          <params>
            <param index="0">
              <value>
                <![CDATA[[TestResult name=jbk_text_logo_isdisplayed status=SUCCESS method=DashboardPageTest.jbk_text_logo_isdisplayed()[pri:36, instance:com.jbk.owp.test.DashboardPageTest@3abbfa04] output={null}]]]>
              </value>
            </param>
          </params>
          <reporter-output>
          </reporter-output>
        </test-method> <!-- getResult -->
        <test-method status="PASS" signature="user_img_isdisplayed()[pri:37, instance:com.jbk.owp.test.DashboardPageTest@3abbfa04]" name="user_img_isdisplayed" duration-ms="128" started-at="2020-01-21T12:02:09Z" description="User Image display check " finished-at="2020-01-21T12:02:09Z">
          <reporter-output>
          </reporter-output>
        </test-method> <!-- user_img_isdisplayed -->
        <test-method status="PASS" signature="setupTest()[pri:0, instance:com.jbk.owp.test.DashboardPageTest@3abbfa04]" name="setupTest" is-config="true" duration-ms="0" started-at="2020-01-21T12:02:09Z" finished-at="2020-01-21T12:02:09Z">
          <reporter-output>
          </reporter-output>
        </test-method> <!-- setupTest -->
        <test-method status="PASS" signature="getResult(org.testng.ITestResult)[pri:0, instance:com.jbk.owp.test.DashboardPageTest@3abbfa04]" name="getResult" is-config="true" duration-ms="81" started-at="2020-01-21T12:02:09Z" finished-at="2020-01-21T12:02:09Z">
          <params>
            <param index="0">
              <value>
                <![CDATA[[TestResult name=user_img_isdisplayed status=SUCCESS method=DashboardPageTest.user_img_isdisplayed()[pri:37, instance:com.jbk.owp.test.DashboardPageTest@3abbfa04] output={null}]]]>
              </value>
            </param>
          </params>
          <reporter-output>
          </reporter-output>
        </test-method> <!-- getResult -->
        <test-method status="PASS" signature="setupTest()[pri:0, instance:com.jbk.owp.test.DashboardPageTest@3abbfa04]" name="setupTest" is-config="true" duration-ms="1" started-at="2020-01-21T12:02:09Z" finished-at="2020-01-21T12:02:09Z">
          <reporter-output>
          </reporter-output>
        </test-method> <!-- setupTest -->
        <test-method status="FAIL" signature="dashboard_Main_Heading_Spell()[pri:38, instance:com.jbk.owp.test.DashboardPageTest@3abbfa04]" name="dashboard_Main_Heading_Spell" duration-ms="9" started-at="2020-01-21T12:02:09Z" description="Dashboard Main Head speeling check " finished-at="2020-01-21T12:02:09Z">
          <exception class="java.lang.AssertionError">
            <message>
              <![CDATA[expected [Dashboard Courses Offered] but found [[[FirefoxDriver: firefox on WINDOWS (cbe88e0d-81c6-47f9-9186-e77c247d9054)] -> xpath: //h1]]]]>
            </message>
            <full-stacktrace>
              <![CDATA[java.lang.AssertionError: expected [Dashboard Courses Offered] but found [[[FirefoxDriver: firefox on WINDOWS (cbe88e0d-81c6-47f9-9186-e77c247d9054)] -> xpath: //h1]]
at org.testng.Assert.fail(Assert.java:96)
at org.testng.Assert.failNotEquals(Assert.java:776)
at org.testng.Assert.assertEqualsImpl(Assert.java:137)
at org.testng.Assert.assertEquals(Assert.java:118)
at org.testng.Assert.assertEquals(Assert.java:442)
at com.jbk.owp.test.DashboardPageTest.dashboard_Main_Heading_Spell(DashboardPageTest.java:293)
at sun.reflect.NativeMethodAccessorImpl.invoke0(Native Method)
at sun.reflect.NativeMethodAccessorImpl.invoke(NativeMethodAccessorImpl.java:62)
at sun.reflect.DelegatingMethodAccessorImpl.invoke(DelegatingMethodAccessorImpl.java:43)
at java.lang.reflect.Method.invoke(Method.java:498)
at org.testng.internal.MethodInvocationHelper.invokeMethod(MethodInvocationHelper.java:124)
at org.testng.internal.Invoker.invokeMethod(Invoker.java:583)
at org.testng.internal.Invoker.invokeTestMethod(Invoker.java:719)
at org.testng.internal.Invoker.invokeTestMethods(Invoker.java:989)
at org.testng.internal.TestMethodWorker.invokeTestMethods(TestMethodWorker.java:125)
at org.testng.internal.TestMethodWorker.run(TestMethodWorker.java:109)
at org.testng.TestRunner.privateRun(TestRunner.java:648)
at org.testng.TestRunner.run(TestRunner.java:505)
at org.testng.SuiteRunner.runTest(SuiteRunner.java:455)
at org.testng.SuiteRunner.runSequentially(SuiteRunner.java:450)
at org.testng.SuiteRunner.privateRun(SuiteRunner.java:415)
at org.testng.SuiteRunner.run(SuiteRunner.java:364)
at org.testng.SuiteRunnerWorker.runSuite(SuiteRunnerWorker.java:52)
at org.testng.SuiteRunnerWorker.run(SuiteRunnerWorker.java:84)
at org.testng.TestNG.runSuitesSequentially(TestNG.java:1208)
at org.testng.TestNG.runSuitesLocally(TestNG.java:1137)
at org.testng.TestNG.runSuites(TestNG.java:1049)
at org.testng.TestNG.run(TestNG.java:1017)
at org.testng.remote.AbstractRemoteTestNG.run(AbstractRemoteTestNG.java:132)
at org.testng.remote.RemoteTestNG.initAndRun(RemoteTestNG.java:236)
at org.testng.remote.RemoteTestNG.main(RemoteTestNG.java:81)
]]>
            </full-stacktrace>
          </exception> <!-- java.lang.AssertionError -->
          <reporter-output>
          </reporter-output>
        </test-method> <!-- dashboard_Main_Heading_Spell -->
        <test-method status="PASS" signature="getResult(org.testng.ITestResult)[pri:0, instance:com.jbk.owp.test.DashboardPageTest@3abbfa04]" name="getResult" is-config="true" duration-ms="131" started-at="2020-01-21T12:02:09Z" finished-at="2020-01-21T12:02:09Z">
          <params>
            <param index="0">
              <value>
                <![CDATA[[TestResult name=dashboard_Main_Heading_Spell status=FAILURE method=DashboardPageTest.dashboard_Main_Heading_Spell()[pri:38, instance:com.jbk.owp.test.DashboardPageTest@3abbfa04] output={null}]]]>
              </value>
            </param>
          </params>
          <reporter-output>
          </reporter-output>
        </test-method> <!-- getResult -->
        <test-method status="PASS" signature="setupTest()[pri:0, instance:com.jbk.owp.test.DashboardPageTest@3abbfa04]" name="setupTest" is-config="true" duration-ms="1" started-at="2020-01-21T12:02:09Z" finished-at="2020-01-21T12:02:09Z">
          <reporter-output>
          </reporter-output>
        </test-method> <!-- setupTest -->
        <test-method status="PASS" signature="dashboard_Fotter_Spell()[pri:39, instance:com.jbk.owp.test.DashboardPageTest@3abbfa04]" name="dashboard_Fotter_Spell" duration-ms="67" started-at="2020-01-21T12:02:09Z" description="Dashboard fottor speeling check " finished-at="2020-01-21T12:02:09Z">
          <reporter-output>
          </reporter-output>
        </test-method> <!-- dashboard_Fotter_Spell -->
        <test-method status="PASS" signature="getResult(org.testng.ITestResult)[pri:0, instance:com.jbk.owp.test.DashboardPageTest@3abbfa04]" name="getResult" is-config="true" duration-ms="102" started-at="2020-01-21T12:02:09Z" finished-at="2020-01-21T12:02:09Z">
          <params>
            <param index="0">
              <value>
                <![CDATA[[TestResult name=dashboard_Fotter_Spell status=SUCCESS method=DashboardPageTest.dashboard_Fotter_Spell()[pri:39, instance:com.jbk.owp.test.DashboardPageTest@3abbfa04] output={null}]]]>
              </value>
            </param>
          </params>
          <reporter-output>
          </reporter-output>
        </test-method> <!-- getResult -->
        <test-method status="PASS" signature="setupTest()[pri:0, instance:com.jbk.owp.test.DashboardPageTest@3abbfa04]" name="setupTest" is-config="true" duration-ms="1" started-at="2020-01-21T12:02:09Z" finished-at="2020-01-21T12:02:09Z">
          <reporter-output>
          </reporter-output>
        </test-method> <!-- setupTest -->
        <test-method status="PASS" signature="pullright_Heading_spell()[pri:40, instance:com.jbk.owp.test.DashboardPageTest@3abbfa04]" name="pullright_Heading_spell" duration-ms="15" started-at="2020-01-21T12:02:09Z" description="Pull right heading speeling check " finished-at="2020-01-21T12:02:09Z">
          <reporter-output>
          </reporter-output>
        </test-method> <!-- pullright_Heading_spell -->
        <test-method status="PASS" signature="getResult(org.testng.ITestResult)[pri:0, instance:com.jbk.owp.test.DashboardPageTest@3abbfa04]" name="getResult" is-config="true" duration-ms="54" started-at="2020-01-21T12:02:09Z" finished-at="2020-01-21T12:02:09Z">
          <params>
            <param index="0">
              <value>
                <![CDATA[[TestResult name=pullright_Heading_spell status=SUCCESS method=DashboardPageTest.pullright_Heading_spell()[pri:40, instance:com.jbk.owp.test.DashboardPageTest@3abbfa04] output={null}]]]>
              </value>
            </param>
          </params>
          <reporter-output>
          </reporter-output>
        </test-method> <!-- getResult -->
        <test-method status="PASS" signature="setupTest()[pri:0, instance:com.jbk.owp.test.DashboardPageTest@3abbfa04]" name="setupTest" is-config="true" duration-ms="1" started-at="2020-01-21T12:02:09Z" finished-at="2020-01-21T12:02:09Z">
          <reporter-output>
          </reporter-output>
        </test-method> <!-- setupTest -->
        <test-method status="PASS" signature="selenium_Course_Spell()[pri:41, instance:com.jbk.owp.test.DashboardPageTest@3abbfa04]" name="selenium_Course_Spell" duration-ms="15" started-at="2020-01-21T12:02:09Z" description="Selenium course information speeling check " finished-at="2020-01-21T12:02:09Z">
          <reporter-output>
          </reporter-output>
        </test-method> <!-- selenium_Course_Spell -->
        <test-method status="PASS" signature="getResult(org.testng.ITestResult)[pri:0, instance:com.jbk.owp.test.DashboardPageTest@3abbfa04]" name="getResult" is-config="true" duration-ms="45" started-at="2020-01-21T12:02:09Z" finished-at="2020-01-21T12:02:09Z">
          <params>
            <param index="0">
              <value>
                <![CDATA[[TestResult name=selenium_Course_Spell status=SUCCESS method=DashboardPageTest.selenium_Course_Spell()[pri:41, instance:com.jbk.owp.test.DashboardPageTest@3abbfa04] output={null}]]]>
              </value>
            </param>
          </params>
          <reporter-output>
          </reporter-output>
        </test-method> <!-- getResult -->
        <test-method status="PASS" signature="setupTest()[pri:0, instance:com.jbk.owp.test.DashboardPageTest@3abbfa04]" name="setupTest" is-config="true" duration-ms="0" started-at="2020-01-21T12:02:09Z" finished-at="2020-01-21T12:02:09Z">
          <reporter-output>
          </reporter-output>
        </test-method> <!-- setupTest -->
        <test-method status="PASS" signature="automationtest_spell()[pri:42, instance:com.jbk.owp.test.DashboardPageTest@3abbfa04]" name="automationtest_spell" duration-ms="12" started-at="2020-01-21T12:02:09Z" description="automation heading speeling check " finished-at="2020-01-21T12:02:09Z">
          <reporter-output>
          </reporter-output>
        </test-method> <!-- automationtest_spell -->
        <test-method status="PASS" signature="getResult(org.testng.ITestResult)[pri:0, instance:com.jbk.owp.test.DashboardPageTest@3abbfa04]" name="getResult" is-config="true" duration-ms="38" started-at="2020-01-21T12:02:09Z" finished-at="2020-01-21T12:02:09Z">
          <params>
            <param index="0">
              <value>
                <![CDATA[[TestResult name=automationtest_spell status=SUCCESS method=DashboardPageTest.automationtest_spell()[pri:42, instance:com.jbk.owp.test.DashboardPageTest@3abbfa04] output={null}]]]>
              </value>
            </param>
          </params>
          <reporter-output>
          </reporter-output>
        </test-method> <!-- getResult -->
        <test-method status="PASS" signature="verifyUserLink()[pri:43, instance:com.jbk.owp.test.DashboardPageTest@3abbfa04]" name="verifyUserLink" duration-ms="3538" started-at="2020-01-21T12:02:09Z" finished-at="2020-01-21T12:02:13Z">
          <reporter-output>
          </reporter-output>
        </test-method> <!-- verifyUserLink -->
        <test-method status="PASS" signature="setupTest()[pri:0, instance:com.jbk.owp.test.DashboardPageTest@3abbfa04]" name="setupTest" is-config="true" duration-ms="0" started-at="2020-01-21T12:02:09Z" finished-at="2020-01-21T12:02:09Z">
          <reporter-output>
          </reporter-output>
        </test-method> <!-- setupTest -->
        <test-method status="PASS" signature="getResult(org.testng.ITestResult)[pri:0, instance:com.jbk.owp.test.DashboardPageTest@3abbfa04]" name="getResult" is-config="true" duration-ms="104" started-at="2020-01-21T12:02:13Z" finished-at="2020-01-21T12:02:13Z">
          <params>
            <param index="0">
              <value>
                <![CDATA[[TestResult name=verifyUserLink status=SUCCESS method=DashboardPageTest.verifyUserLink()[pri:43, instance:com.jbk.owp.test.DashboardPageTest@3abbfa04] output={null}]]]>
              </value>
            </param>
          </params>
          <reporter-output>
          </reporter-output>
        </test-method> <!-- getResult -->
        <test-method status="PASS" signature="setupTest()[pri:0, instance:com.jbk.owp.test.DashboardPageTest@3abbfa04]" name="setupTest" is-config="true" duration-ms="1" started-at="2020-01-21T12:02:13Z" finished-at="2020-01-21T12:02:13Z">
          <reporter-output>
          </reporter-output>
        </test-method> <!-- setupTest -->
        <test-method status="PASS" signature="verifyOperatorslink()[pri:44, instance:com.jbk.owp.test.DashboardPageTest@3abbfa04]" name="verifyOperatorslink" duration-ms="181" started-at="2020-01-21T12:02:13Z" finished-at="2020-01-21T12:02:13Z">
          <reporter-output>
          </reporter-output>
        </test-method> <!-- verifyOperatorslink -->
        <test-method status="PASS" signature="getResult(org.testng.ITestResult)[pri:0, instance:com.jbk.owp.test.DashboardPageTest@3abbfa04]" name="getResult" is-config="true" duration-ms="46" started-at="2020-01-21T12:02:13Z" finished-at="2020-01-21T12:02:13Z">
          <params>
            <param index="0">
              <value>
                <![CDATA[[TestResult name=verifyOperatorslink status=SUCCESS method=DashboardPageTest.verifyOperatorslink()[pri:44, instance:com.jbk.owp.test.DashboardPageTest@3abbfa04] output={null}]]]>
              </value>
            </param>
          </params>
          <reporter-output>
          </reporter-output>
        </test-method> <!-- getResult -->
        <test-method status="PASS" signature="setupTest()[pri:0, instance:com.jbk.owp.test.DashboardPageTest@3abbfa04]" name="setupTest" is-config="true" duration-ms="0" started-at="2020-01-21T12:02:13Z" finished-at="2020-01-21T12:02:13Z">
          <reporter-output>
          </reporter-output>
        </test-method> <!-- setupTest -->
        <test-method status="PASS" signature="verifyUsefulLink()[pri:45, instance:com.jbk.owp.test.DashboardPageTest@3abbfa04]" name="verifyUsefulLink" duration-ms="228" started-at="2020-01-21T12:02:13Z" finished-at="2020-01-21T12:02:14Z">
          <reporter-output>
          </reporter-output>
        </test-method> <!-- verifyUsefulLink -->
        <test-method status="PASS" signature="getResult(org.testng.ITestResult)[pri:0, instance:com.jbk.owp.test.DashboardPageTest@3abbfa04]" name="getResult" is-config="true" duration-ms="61" started-at="2020-01-21T12:02:14Z" finished-at="2020-01-21T12:02:14Z">
          <params>
            <param index="0">
              <value>
                <![CDATA[[TestResult name=verifyUsefulLink status=SUCCESS method=DashboardPageTest.verifyUsefulLink()[pri:45, instance:com.jbk.owp.test.DashboardPageTest@3abbfa04] output={null}]]]>
              </value>
            </param>
          </params>
          <reporter-output>
          </reporter-output>
        </test-method> <!-- getResult -->
        <test-method status="PASS" signature="setupTest()[pri:0, instance:com.jbk.owp.test.DashboardPageTest@3abbfa04]" name="setupTest" is-config="true" duration-ms="1" started-at="2020-01-21T12:02:14Z" finished-at="2020-01-21T12:02:14Z">
          <reporter-output>
          </reporter-output>
        </test-method> <!-- setupTest -->
        <test-method status="PASS" signature="verifyDownloadLink()[pri:46, instance:com.jbk.owp.test.DashboardPageTest@3abbfa04]" name="verifyDownloadLink" duration-ms="2574" started-at="2020-01-21T12:02:14Z" finished-at="2020-01-21T12:02:16Z">
          <reporter-output>
          </reporter-output>
        </test-method> <!-- verifyDownloadLink -->
        <test-method status="PASS" signature="getResult(org.testng.ITestResult)[pri:0, instance:com.jbk.owp.test.DashboardPageTest@3abbfa04]" name="getResult" is-config="true" duration-ms="95" started-at="2020-01-21T12:02:16Z" finished-at="2020-01-21T12:02:16Z">
          <params>
            <param index="0">
              <value>
                <![CDATA[[TestResult name=verifyDownloadLink status=SUCCESS method=DashboardPageTest.verifyDownloadLink()[pri:46, instance:com.jbk.owp.test.DashboardPageTest@3abbfa04] output={null}]]]>
              </value>
            </param>
          </params>
          <reporter-output>
          </reporter-output>
        </test-method> <!-- getResult -->
      </class> <!-- com.jbk.owp.test.DashboardPageTest -->
      <class name="com.jbk.owp.test.LoginPageTest">
        <test-method status="PASS" signature="setupTest()[pri:0, instance:com.jbk.owp.test.LoginPageTest@239963d8]" name="setupTest" is-config="true" duration-ms="42" started-at="2020-01-21T12:01:50Z" finished-at="2020-01-21T12:01:50Z">
          <reporter-output>
          </reporter-output>
        </test-method> <!-- setupTest -->
        <test-method status="PASS" signature="verifyUrl()[pri:1, instance:com.jbk.owp.test.LoginPageTest@239963d8]" name="verifyUrl" duration-ms="20" started-at="2020-01-21T12:01:50Z" finished-at="2020-01-21T12:01:50Z">
          <reporter-output>
          </reporter-output>
        </test-method> <!-- verifyUrl -->
        <test-method status="PASS" signature="getResult(org.testng.ITestResult)[pri:0, instance:com.jbk.owp.test.LoginPageTest@239963d8]" name="getResult" is-config="true" duration-ms="478" started-at="2020-01-21T12:01:50Z" finished-at="2020-01-21T12:01:50Z">
          <params>
            <param index="0">
              <value>
                <![CDATA[[TestResult name=verifyUrl status=SUCCESS method=LoginPageTest.verifyUrl()[pri:1, instance:com.jbk.owp.test.LoginPageTest@239963d8] output={null}]]]>
              </value>
            </param>
          </params>
          <reporter-output>
          </reporter-output>
        </test-method> <!-- getResult -->
        <test-method status="PASS" signature="setupTest()[pri:0, instance:com.jbk.owp.test.LoginPageTest@239963d8]" name="setupTest" is-config="true" duration-ms="1" started-at="2020-01-21T12:01:50Z" finished-at="2020-01-21T12:01:50Z">
          <reporter-output>
          </reporter-output>
        </test-method> <!-- setupTest -->
        <test-method status="PASS" signature="verifyApplicationTitle()[pri:2, instance:com.jbk.owp.test.LoginPageTest@239963d8]" name="verifyApplicationTitle" duration-ms="7" started-at="2020-01-21T12:01:50Z" finished-at="2020-01-21T12:01:50Z">
          <reporter-output>
          </reporter-output>
        </test-method> <!-- verifyApplicationTitle -->
        <test-method status="PASS" signature="getResult(org.testng.ITestResult)[pri:0, instance:com.jbk.owp.test.LoginPageTest@239963d8]" name="getResult" is-config="true" duration-ms="74" started-at="2020-01-21T12:01:50Z" finished-at="2020-01-21T12:01:50Z">
          <params>
            <param index="0">
              <value>
                <![CDATA[[TestResult name=verifyApplicationTitle status=SUCCESS method=LoginPageTest.verifyApplicationTitle()[pri:2, instance:com.jbk.owp.test.LoginPageTest@239963d8] output={null}]]]>
              </value>
            </param>
          </params>
          <reporter-output>
          </reporter-output>
        </test-method> <!-- getResult -->
        <test-method status="PASS" signature="setupTest()[pri:0, instance:com.jbk.owp.test.LoginPageTest@239963d8]" name="setupTest" is-config="true" duration-ms="1" started-at="2020-01-21T12:01:50Z" finished-at="2020-01-21T12:01:50Z">
          <reporter-output>
          </reporter-output>
        </test-method> <!-- setupTest -->
        <test-method status="FAIL" signature="verifyTitle()[pri:3, instance:com.jbk.owp.test.LoginPageTest@239963d8]" name="verifyTitle" duration-ms="73" started-at="2020-01-21T12:01:50Z" finished-at="2020-01-21T12:01:50Z">
          <exception class="java.lang.AssertionError">
            <message>
              <![CDATA[expected [Java By subhash] but found [Java By Kiran]]]>
            </message>
            <full-stacktrace>
              <![CDATA[java.lang.AssertionError: expected [Java By subhash] but found [Java By Kiran]
at org.testng.Assert.fail(Assert.java:96)
at org.testng.Assert.failNotEquals(Assert.java:776)
at org.testng.Assert.assertEqualsImpl(Assert.java:137)
at org.testng.Assert.assertEquals(Assert.java:118)
at org.testng.Assert.assertEquals(Assert.java:453)
at org.testng.Assert.assertEquals(Assert.java:463)
at com.jbk.owp.test.LoginPageTest.verifyTitle(LoginPageTest.java:49)
at sun.reflect.NativeMethodAccessorImpl.invoke0(Native Method)
at sun.reflect.NativeMethodAccessorImpl.invoke(NativeMethodAccessorImpl.java:62)
at sun.reflect.DelegatingMethodAccessorImpl.invoke(DelegatingMethodAccessorImpl.java:43)
at java.lang.reflect.Method.invoke(Method.java:498)
at org.testng.internal.MethodInvocationHelper.invokeMethod(MethodInvocationHelper.java:124)
at org.testng.internal.Invoker.invokeMethod(Invoker.java:583)
at org.testng.internal.Invoker.invokeTestMethod(Invoker.java:719)
at org.testng.internal.Invoker.invokeTestMethods(Invoker.java:989)
at org.testng.internal.TestMethodWorker.invokeTestMethods(TestMethodWorker.java:125)
at org.testng.internal.TestMethodWorker.run(TestMethodWorker.java:109)
at org.testng.TestRunner.privateRun(TestRunner.java:648)
at org.testng.TestRunner.run(TestRunner.java:505)
at org.testng.SuiteRunner.runTest(SuiteRunner.java:455)
at org.testng.SuiteRunner.runSequentially(SuiteRunner.java:450)
at org.testng.SuiteRunner.privateRun(SuiteRunner.java:415)
at org.testng.SuiteRunner.run(SuiteRunner.java:364)
at org.testng.SuiteRunnerWorker.runSuite(SuiteRunnerWorker.java:52)
at org.testng.SuiteRunnerWorker.run(SuiteRunnerWorker.java:84)
at org.testng.TestNG.runSuitesSequentially(TestNG.java:1208)
at org.testng.TestNG.runSuitesLocally(TestNG.java:1137)
at org.testng.TestNG.runSuites(TestNG.java:1049)
at org.testng.TestNG.run(TestNG.java:1017)
at org.testng.remote.AbstractRemoteTestNG.run(AbstractRemoteTestNG.java:132)
at org.testng.remote.RemoteTestNG.initAndRun(RemoteTestNG.java:236)
at org.testng.remote.RemoteTestNG.main(RemoteTestNG.java:81)
]]>
            </full-stacktrace>
          </exception> <!-- java.lang.AssertionError -->
          <reporter-output>
          </reporter-output>
        </test-method> <!-- verifyTitle -->
        <test-method status="PASS" signature="getResult(org.testng.ITestResult)[pri:0, instance:com.jbk.owp.test.LoginPageTest@239963d8]" name="getResult" is-config="true" duration-ms="252" started-at="2020-01-21T12:01:50Z" finished-at="2020-01-21T12:01:51Z">
          <params>
            <param index="0">
              <value>
                <![CDATA[[TestResult name=verifyTitle status=FAILURE method=LoginPageTest.verifyTitle()[pri:3, instance:com.jbk.owp.test.LoginPageTest@239963d8] output={null}]]]>
              </value>
            </param>
          </params>
          <reporter-output>
          </reporter-output>
        </test-method> <!-- getResult -->
        <test-method status="PASS" signature="setupTest()[pri:0, instance:com.jbk.owp.test.LoginPageTest@239963d8]" name="setupTest" is-config="true" duration-ms="1" started-at="2020-01-21T12:01:51Z" finished-at="2020-01-21T12:01:51Z">
          <reporter-output>
          </reporter-output>
        </test-method> <!-- setupTest -->
        <test-method status="PASS" signature="verifyloginsesion()[pri:4, instance:com.jbk.owp.test.LoginPageTest@239963d8]" name="verifyloginsesion" duration-ms="21" started-at="2020-01-21T12:01:51Z" finished-at="2020-01-21T12:01:51Z">
          <reporter-output>
          </reporter-output>
        </test-method> <!-- verifyloginsesion -->
        <test-method status="PASS" signature="getResult(org.testng.ITestResult)[pri:0, instance:com.jbk.owp.test.LoginPageTest@239963d8]" name="getResult" is-config="true" duration-ms="80" started-at="2020-01-21T12:01:51Z" finished-at="2020-01-21T12:01:51Z">
          <params>
            <param index="0">
              <value>
                <![CDATA[[TestResult name=verifyloginsesion status=SUCCESS method=LoginPageTest.verifyloginsesion()[pri:4, instance:com.jbk.owp.test.LoginPageTest@239963d8] output={null}]]]>
              </value>
            </param>
          </params>
          <reporter-output>
          </reporter-output>
        </test-method> <!-- getResult -->
        <test-method status="PASS" signature="setupTest()[pri:0, instance:com.jbk.owp.test.LoginPageTest@239963d8]" name="setupTest" is-config="true" duration-ms="0" started-at="2020-01-21T12:01:51Z" finished-at="2020-01-21T12:01:51Z">
          <reporter-output>
          </reporter-output>
        </test-method> <!-- setupTest -->
        <test-method status="PASS" signature="verifyPlaceHolderUsername()[pri:5, instance:com.jbk.owp.test.LoginPageTest@239963d8]" name="verifyPlaceHolderUsername" duration-ms="27" started-at="2020-01-21T12:01:51Z" finished-at="2020-01-21T12:01:51Z">
          <reporter-output>
          </reporter-output>
        </test-method> <!-- verifyPlaceHolderUsername -->
        <test-method status="PASS" signature="getResult(org.testng.ITestResult)[pri:0, instance:com.jbk.owp.test.LoginPageTest@239963d8]" name="getResult" is-config="true" duration-ms="57" started-at="2020-01-21T12:01:51Z" finished-at="2020-01-21T12:01:51Z">
          <params>
            <param index="0">
              <value>
                <![CDATA[[TestResult name=verifyPlaceHolderUsername status=SUCCESS method=LoginPageTest.verifyPlaceHolderUsername()[pri:5, instance:com.jbk.owp.test.LoginPageTest@239963d8] output={null}]]]>
              </value>
            </param>
          </params>
          <reporter-output>
          </reporter-output>
        </test-method> <!-- getResult -->
        <test-method status="PASS" signature="setupTest()[pri:0, instance:com.jbk.owp.test.LoginPageTest@239963d8]" name="setupTest" is-config="true" duration-ms="0" started-at="2020-01-21T12:01:51Z" finished-at="2020-01-21T12:01:51Z">
          <reporter-output>
          </reporter-output>
        </test-method> <!-- setupTest -->
        <test-method status="PASS" signature="verifyPlaceHolderPassword()[pri:6, instance:com.jbk.owp.test.LoginPageTest@239963d8]" name="verifyPlaceHolderPassword" duration-ms="23" started-at="2020-01-21T12:01:51Z" finished-at="2020-01-21T12:01:51Z">
          <reporter-output>
          </reporter-output>
        </test-method> <!-- verifyPlaceHolderPassword -->
        <test-method status="PASS" signature="getResult(org.testng.ITestResult)[pri:0, instance:com.jbk.owp.test.LoginPageTest@239963d8]" name="getResult" is-config="true" duration-ms="384" started-at="2020-01-21T12:01:51Z" finished-at="2020-01-21T12:01:51Z">
          <params>
            <param index="0">
              <value>
                <![CDATA[[TestResult name=verifyPlaceHolderPassword status=SUCCESS method=LoginPageTest.verifyPlaceHolderPassword()[pri:6, instance:com.jbk.owp.test.LoginPageTest@239963d8] output={null}]]]>
              </value>
            </param>
          </params>
          <reporter-output>
          </reporter-output>
        </test-method> <!-- getResult -->
        <test-method status="PASS" signature="setupTest()[pri:0, instance:com.jbk.owp.test.LoginPageTest@239963d8]" name="setupTest" is-config="true" duration-ms="0" started-at="2020-01-21T12:01:51Z" finished-at="2020-01-21T12:01:51Z">
          <reporter-output>
          </reporter-output>
        </test-method> <!-- setupTest -->
        <test-method status="PASS" signature="verifyButtoncolor()[pri:7, instance:com.jbk.owp.test.LoginPageTest@239963d8]" name="verifyButtoncolor" duration-ms="181" started-at="2020-01-21T12:01:51Z" finished-at="2020-01-21T12:01:52Z">
          <reporter-output>
          </reporter-output>
        </test-method> <!-- verifyButtoncolor -->
        <test-method status="PASS" signature="getResult(org.testng.ITestResult)[pri:0, instance:com.jbk.owp.test.LoginPageTest@239963d8]" name="getResult" is-config="true" duration-ms="72" started-at="2020-01-21T12:01:52Z" finished-at="2020-01-21T12:01:52Z">
          <params>
            <param index="0">
              <value>
                <![CDATA[[TestResult name=verifyButtoncolor status=SUCCESS method=LoginPageTest.verifyButtoncolor()[pri:7, instance:com.jbk.owp.test.LoginPageTest@239963d8] output={null}]]]>
              </value>
            </param>
          </params>
          <reporter-output>
          </reporter-output>
        </test-method> <!-- getResult -->
        <test-method status="PASS" signature="setupTest()[pri:0, instance:com.jbk.owp.test.LoginPageTest@239963d8]" name="setupTest" is-config="true" duration-ms="0" started-at="2020-01-21T12:01:52Z" finished-at="2020-01-21T12:01:52Z">
          <reporter-output>
          </reporter-output>
        </test-method> <!-- setupTest -->
        <test-method status="PASS" signature="verifyLinks()[pri:8, instance:com.jbk.owp.test.LoginPageTest@239963d8]" name="verifyLinks" duration-ms="38" started-at="2020-01-21T12:01:52Z" finished-at="2020-01-21T12:01:52Z">
          <reporter-output>
          </reporter-output>
        </test-method> <!-- verifyLinks -->
        <test-method status="PASS" signature="getResult(org.testng.ITestResult)[pri:0, instance:com.jbk.owp.test.LoginPageTest@239963d8]" name="getResult" is-config="true" duration-ms="115" started-at="2020-01-21T12:01:52Z" finished-at="2020-01-21T12:01:52Z">
          <params>
            <param index="0">
              <value>
                <![CDATA[[TestResult name=verifyLinks status=SUCCESS method=LoginPageTest.verifyLinks()[pri:8, instance:com.jbk.owp.test.LoginPageTest@239963d8] output={null}]]]>
              </value>
            </param>
          </params>
          <reporter-output>
          </reporter-output>
        </test-method> <!-- getResult -->
        <test-method status="PASS" signature="setupTest()[pri:0, instance:com.jbk.owp.test.LoginPageTest@239963d8]" name="setupTest" is-config="true" duration-ms="1" started-at="2020-01-21T12:01:52Z" finished-at="2020-01-21T12:01:52Z">
          <reporter-output>
          </reporter-output>
        </test-method> <!-- setupTest -->
        <test-method status="PASS" signature="Login(java.lang.String, java.lang.String, java.lang.String, java.lang.String, java.lang.String)[pri:9, instance:com.jbk.owp.test.LoginPageTest@239963d8]" name="Login" duration-ms="315" started-at="2020-01-21T12:01:52Z" data-provider="d_login" finished-at="2020-01-21T12:01:53Z">
          <params>
            <param index="0">
              <value>
                <![CDATA[TCJBK01]]>
              </value>
            </param>
            <param index="1">
              <value>
                <![CDATA[BlankInfo]]>
              </value>
            </param>
            <param index="2">
              <value>
                <![CDATA[]]>
              </value>
            </param>
            <param index="3">
              <value>
                <![CDATA[]]>
              </value>
            </param>
            <param index="4">
              <value>
                <![CDATA[Please enter email.]]>
              </value>
            </param>
          </params>
          <reporter-output>
          </reporter-output>
        </test-method> <!-- Login -->
        <test-method status="PASS" signature="getResult(org.testng.ITestResult)[pri:0, instance:com.jbk.owp.test.LoginPageTest@239963d8]" name="getResult" is-config="true" duration-ms="103" started-at="2020-01-21T12:01:53Z" finished-at="2020-01-21T12:01:53Z">
          <params>
            <param index="0">
              <value>
                <![CDATA[[TestResult name=Login status=SUCCESS method=LoginPageTest.Login(java.lang.String, java.lang.String, java.lang.String, java.lang.String, java.lang.String)[pri:9, instance:com.jbk.owp.test.LoginPageTest@239963d8] output={null}]]]>
              </value>
            </param>
          </params>
          <reporter-output>
          </reporter-output>
        </test-method> <!-- getResult -->
        <test-method status="PASS" signature="setupTest()[pri:0, instance:com.jbk.owp.test.LoginPageTest@239963d8]" name="setupTest" is-config="true" duration-ms="1" started-at="2020-01-21T12:01:53Z" finished-at="2020-01-21T12:01:53Z">
          <reporter-output>
          </reporter-output>
        </test-method> <!-- setupTest -->
        <test-method status="PASS" signature="Login(java.lang.String, java.lang.String, java.lang.String, java.lang.String, java.lang.String)[pri:9, instance:com.jbk.owp.test.LoginPageTest@239963d8]" name="Login" duration-ms="372" started-at="2020-01-21T12:01:53Z" data-provider="d_login" finished-at="2020-01-21T12:01:53Z">
          <params>
            <param index="0">
              <value>
                <![CDATA[TCJBK02]]>
              </value>
            </param>
            <param index="1">
              <value>
                <![CDATA[InvalidInfo]]>
              </value>
            </param>
            <param index="2">
              <value>
                <![CDATA[abc]]>
              </value>
            </param>
            <param index="3">
              <value>
                <![CDATA[123]]>
              </value>
            </param>
            <param index="4">
              <value>
                <![CDATA[Please enter email as kiran@gmail.com]]>
              </value>
            </param>
          </params>
          <reporter-output>
          </reporter-output>
        </test-method> <!-- Login -->
        <test-method status="PASS" signature="getResult(org.testng.ITestResult)[pri:0, instance:com.jbk.owp.test.LoginPageTest@239963d8]" name="getResult" is-config="true" duration-ms="125" started-at="2020-01-21T12:01:53Z" finished-at="2020-01-21T12:01:53Z">
          <params>
            <param index="0">
              <value>
                <![CDATA[[TestResult name=Login status=SUCCESS method=LoginPageTest.Login(java.lang.String, java.lang.String, java.lang.String, java.lang.String, java.lang.String)[pri:9, instance:com.jbk.owp.test.LoginPageTest@239963d8] output={null}]]]>
              </value>
            </param>
          </params>
          <reporter-output>
          </reporter-output>
        </test-method> <!-- getResult -->
        <test-method status="PASS" signature="Login(java.lang.String, java.lang.String, java.lang.String, java.lang.String, java.lang.String)[pri:9, instance:com.jbk.owp.test.LoginPageTest@239963d8]" name="Login" duration-ms="11260" started-at="2020-01-21T12:01:53Z" data-provider="d_login" finished-at="2020-01-21T12:02:05Z">
          <params>
            <param index="0">
              <value>
                <![CDATA[TCJBK03]]>
              </value>
            </param>
            <param index="1">
              <value>
                <![CDATA[ValidInfo]]>
              </value>
            </param>
            <param index="2">
              <value>
                <![CDATA[kiran@gmail.com]]>
              </value>
            </param>
            <param index="3">
              <value>
                <![CDATA[123456]]>
              </value>
            </param>
            <param index="4">
              <value>
                <![CDATA[Dashboard Courses Offered]]>
              </value>
            </param>
          </params>
          <reporter-output>
          </reporter-output>
        </test-method> <!-- Login -->
        <test-method status="PASS" signature="setupTest()[pri:0, instance:com.jbk.owp.test.LoginPageTest@239963d8]" name="setupTest" is-config="true" duration-ms="0" started-at="2020-01-21T12:01:53Z" finished-at="2020-01-21T12:01:53Z">
          <reporter-output>
          </reporter-output>
        </test-method> <!-- setupTest -->
        <test-method status="PASS" signature="getResult(org.testng.ITestResult)[pri:0, instance:com.jbk.owp.test.LoginPageTest@239963d8]" name="getResult" is-config="true" duration-ms="91" started-at="2020-01-21T12:02:05Z" finished-at="2020-01-21T12:02:05Z">
          <params>
            <param index="0">
              <value>
                <![CDATA[[TestResult name=Login status=SUCCESS method=LoginPageTest.Login(java.lang.String, java.lang.String, java.lang.String, java.lang.String, java.lang.String)[pri:9, instance:com.jbk.owp.test.LoginPageTest@239963d8] output={null}]]]>
              </value>
            </param>
          </params>
          <reporter-output>
          </reporter-output>
        </test-method> <!-- getResult -->
      </class> <!-- com.jbk.owp.test.LoginPageTest -->
      <class name="com.jbk.owp.base.TestBase">
        <test-method status="PASS" signature="Setup()[pri:0, instance:com.jbk.owp.base.TestBase@13deb50e]" name="Setup" is-config="true" duration-ms="12248" started-at="2020-01-21T12:01:37Z" finished-at="2020-01-21T12:01:50Z">
          <reporter-output>
            <line>
              <![CDATA[Test is Starting]]>
            </line>
            <line>
              <![CDATA[=====Application Started ========]]>
            </line>
          </reporter-output>
        </test-method> <!-- Setup -->
        <test-method status="PASS" signature="CloseApplication()[pri:0, instance:com.jbk.owp.base.TestBase@13deb50e]" name="CloseApplication" is-config="true" duration-ms="6896" started-at="2020-01-21T12:02:17Z" finished-at="2020-01-21T12:02:24Z">
          <reporter-output>
            <line>
              <![CDATA[===== Browser Session End  ========]]>
            </line>
          </reporter-output>
        </test-method> <!-- CloseApplication -->
      </class> <!-- com.jbk.owp.base.TestBase -->
    </test> <!-- Default test -->
  </suite> <!-- Suite -->
</testng-results>
