<?xml version="1.0" encoding="UTF-8"?>
<!-- Generated by org.testng.reporters.JUnitReportReporter -->
<testsuite skipped="32" hostname="SUBHASHA-PC"
	name="com.jbk.owp.test.DashboardTest" tests="34" failures="0"
	timestamp="21 Jan 2020 09:26:50 GMT" time="20.544" errors="2">
	<testcase name="getResult" time="0.324"
		classname="com.jbk.owp.test.DashboardTest">
		<error type="java.lang.NullPointerException">
      <![CDATA[java.lang.NullPointerException
at com.jbk.owp.base.TestBase.getResult(TestBase.java:102)
at sun.reflect.NativeMethodAccessorImpl.invoke0(Native Method)
at sun.reflect.NativeMethodAccessorImpl.invoke(NativeMethodAccessorImpl.java:62)
at sun.reflect.DelegatingMethodAccessorImpl.invoke(DelegatingMethodAccessorImpl.java:43)
at java.lang.reflect.Method.invoke(Method.java:498)
at org.testng.internal.MethodInvocationHelper.invokeMethod(MethodInvocationHelper.java:124)
at org.testng.internal.MethodInvocationHelper.invokeMethodConsideringTimeout(MethodInvocationHelper.java:59)
at org.testng.internal.Invoker.invokeConfigurationMethod(Invoker.java:458)
at org.testng.internal.Invoker.invokeConfigurations(Invoker.java:222)
at org.testng.internal.Invoker.invokeMethod(Invoker.java:646)
at org.testng.internal.Invoker.invokeTestMethod(Invoker.java:719)
at org.testng.internal.Invoker.invokeTestMethods(Invoker.java:989)
at org.testng.internal.TestMethodWorker.invokeTestMethods(TestMethodWorker.java:125)
at org.testng.internal.TestMethodWorker.run(TestMethodWorker.java:109)
at org.testng.TestRunner.privateRun(TestRunner.java:648)
at org.testng.TestRunner.run(TestRunner.java:505)
at org.testng.SuiteRunner.runTest(SuiteRunner.java:455)
at org.testng.SuiteRunner.runSequentially(SuiteRunner.java:450)
at org.testng.SuiteRunner.privateRun(SuiteRunner.java:415)
at org.testng.SuiteRunner.run(SuiteRunner.java:364)
at org.testng.SuiteRunnerWorker.runSuite(SuiteRunnerWorker.java:52)
at org.testng.SuiteRunnerWorker.run(SuiteRunnerWorker.java:84)
at org.testng.TestNG.runSuitesSequentially(TestNG.java:1208)
at org.testng.TestNG.runSuitesLocally(TestNG.java:1137)
at org.testng.TestNG.runSuites(TestNG.java:1049)
at org.testng.TestNG.run(TestNG.java:1017)
at org.testng.remote.AbstractRemoteTestNG.run(AbstractRemoteTestNG.java:132)
at org.testng.remote.RemoteTestNG.initAndRun(RemoteTestNG.java:236)
at org.testng.remote.RemoteTestNG.main(RemoteTestNG.java:81)
]]>
		</error>
	</testcase> <!-- getResult -->
	<testcase name="main_Navigation_Tab_Text_Check" time="20.220"
		classname="com.jbk.owp.test.DashboardTest">
		<error type="org.openqa.selenium.NoSuchElementException"
			message="Unable to locate element: //ul[@class=&quot;sidebar-menu&quot;]//*[.=&#039;MAIN NAVIGATION&#039;]
For documentation on this error, please visit: http://seleniumhq.org/exceptions/no_such_element.html
Build info: version: &#039;3.9.1&#039;, revision: &#039;63f7b50&#039;, time: &#039;2018-02-07T22:25:02.294Z&#039;
System info: host: &#039;SUBHASHA-PC&#039;, ip: &#039;192.168.1.203&#039;, os.name: &#039;Windows 10&#039;, os.arch: &#039;amd64&#039;, os.version: &#039;10.0&#039;, java.version: &#039;1.8.0_212&#039;
Driver info: org.openqa.selenium.firefox.FirefoxDriver
Capabilities {acceptInsecureCerts: true, browserName: firefox, browserVersion: 71.0, javascriptEnabled: true, moz:accessibilityChecks: false, moz:buildID: 20191202093317, moz:geckodriverVersion: 0.26.0, moz:headless: false, moz:processID: 4584, moz:profile: C:\Users\Subhash\AppData\Lo..., moz:shutdownTimeout: 60000, moz:useNonSpecCompliantPointerOrigin: false, moz:webdriverClick: true, pageLoadStrategy: normal, platform: WINDOWS, platformName: WINDOWS, platformVersion: 10.0, rotatable: false, setWindowRect: true, strictFileInteractability: false, timeouts: {implicit: 0, pageLoad: 300000, script: 30000}, unhandledPromptBehavior: dismiss and notify}
Session ID: 8aa0aa3d-71a9-4f3d-96af-1a4c1aa062f5
*** Element info: {Using=xpath, value=//ul[@class=&quot;sidebar-menu&quot;]//*[.=&#039;MAIN NAVIGATION&#039;]}">
      <![CDATA[org.openqa.selenium.NoSuchElementException: Unable to locate element: //ul[@class="sidebar-menu"]//*[.='MAIN NAVIGATION']
For documentation on this error, please visit: http://seleniumhq.org/exceptions/no_such_element.html
Build info: version: '3.9.1', revision: '63f7b50', time: '2018-02-07T22:25:02.294Z'
System info: host: 'SUBHASHA-PC', ip: '192.168.1.203', os.name: 'Windows 10', os.arch: 'amd64', os.version: '10.0', java.version: '1.8.0_212'
Driver info: org.openqa.selenium.firefox.FirefoxDriver
Capabilities {acceptInsecureCerts: true, browserName: firefox, browserVersion: 71.0, javascriptEnabled: true, moz:accessibilityChecks: false, moz:buildID: 20191202093317, moz:geckodriverVersion: 0.26.0, moz:headless: false, moz:processID: 4584, moz:profile: C:\Users\Subhash\AppData\Lo..., moz:shutdownTimeout: 60000, moz:useNonSpecCompliantPointerOrigin: false, moz:webdriverClick: true, pageLoadStrategy: normal, platform: WINDOWS, platformName: WINDOWS, platformVersion: 10.0, rotatable: false, setWindowRect: true, strictFileInteractability: false, timeouts: {implicit: 0, pageLoad: 300000, script: 30000}, unhandledPromptBehavior: dismiss and notify}
Session ID: 8aa0aa3d-71a9-4f3d-96af-1a4c1aa062f5
*** Element info: {Using=xpath, value=//ul[@class="sidebar-menu"]//*[.='MAIN NAVIGATION']}
at sun.reflect.NativeConstructorAccessorImpl.newInstance0(Native Method)
at sun.reflect.NativeConstructorAccessorImpl.newInstance(NativeConstructorAccessorImpl.java:62)
at sun.reflect.DelegatingConstructorAccessorImpl.newInstance(DelegatingConstructorAccessorImpl.java:45)
at java.lang.reflect.Constructor.newInstance(Constructor.java:423)
at org.openqa.selenium.remote.http.W3CHttpResponseCodec.createException(W3CHttpResponseCodec.java:187)
at org.openqa.selenium.remote.http.W3CHttpResponseCodec.decode(W3CHttpResponseCodec.java:122)
at org.openqa.selenium.remote.http.W3CHttpResponseCodec.decode(W3CHttpResponseCodec.java:49)
at org.openqa.selenium.remote.HttpCommandExecutor.execute(HttpCommandExecutor.java:160)
at org.openqa.selenium.remote.service.DriverCommandExecutor.execute(DriverCommandExecutor.java:83)
at org.openqa.selenium.remote.RemoteWebDriver.execute(RemoteWebDriver.java:601)
at org.openqa.selenium.remote.RemoteWebDriver.findElement(RemoteWebDriver.java:371)
at org.openqa.selenium.remote.RemoteWebDriver.findElementByXPath(RemoteWebDriver.java:473)
at org.openqa.selenium.By$ByXPath.findElement(By.java:361)
at org.openqa.selenium.remote.RemoteWebDriver.findElement(RemoteWebDriver.java:363)
at org.openqa.selenium.support.pagefactory.DefaultElementLocator.findElement(DefaultElementLocator.java:69)
at org.openqa.selenium.support.pagefactory.internal.LocatingElementHandler.invoke(LocatingElementHandler.java:38)
at com.sun.proxy.$Proxy11.getText(Unknown Source)
at com.jbk.owu.page.DashboardPagee.mainnavigationtext(DashboardPagee.java:77)
at com.jbk.owp.test.DashboardTest.main_Navigation_Tab_Text_Check(DashboardTest.java:35)
at sun.reflect.NativeMethodAccessorImpl.invoke0(Native Method)
at sun.reflect.NativeMethodAccessorImpl.invoke(NativeMethodAccessorImpl.java:62)
at sun.reflect.DelegatingMethodAccessorImpl.invoke(DelegatingMethodAccessorImpl.java:43)
at java.lang.reflect.Method.invoke(Method.java:498)
at org.testng.internal.MethodInvocationHelper.invokeMethod(MethodInvocationHelper.java:124)
at org.testng.internal.Invoker.invokeMethod(Invoker.java:583)
at org.testng.internal.Invoker.invokeTestMethod(Invoker.java:719)
at org.testng.internal.Invoker.invokeTestMethods(Invoker.java:989)
at org.testng.internal.TestMethodWorker.invokeTestMethods(TestMethodWorker.java:125)
at org.testng.internal.TestMethodWorker.run(TestMethodWorker.java:109)
at org.testng.TestRunner.privateRun(TestRunner.java:648)
at org.testng.TestRunner.run(TestRunner.java:505)
at org.testng.SuiteRunner.runTest(SuiteRunner.java:455)
at org.testng.SuiteRunner.runSequentially(SuiteRunner.java:450)
at org.testng.SuiteRunner.privateRun(SuiteRunner.java:415)
at org.testng.SuiteRunner.run(SuiteRunner.java:364)
at org.testng.SuiteRunnerWorker.runSuite(SuiteRunnerWorker.java:52)
at org.testng.SuiteRunnerWorker.run(SuiteRunnerWorker.java:84)
at org.testng.TestNG.runSuitesSequentially(TestNG.java:1208)
at org.testng.TestNG.runSuitesLocally(TestNG.java:1137)
at org.testng.TestNG.runSuites(TestNG.java:1049)
at org.testng.TestNG.run(TestNG.java:1017)
at org.testng.remote.AbstractRemoteTestNG.run(AbstractRemoteTestNG.java:132)
at org.testng.remote.RemoteTestNG.initAndRun(RemoteTestNG.java:236)
at org.testng.remote.RemoteTestNG.main(RemoteTestNG.java:81)
]]>
		</error>
	</testcase> <!-- main_Navigation_Tab_Text_Check -->
	<testcase name="Dashboard_Main_Heading_Text_Check" time="0.000"
		classname="com.jbk.owp.test.DashboardTest">
		<skipped />
	</testcase> <!-- Dashboard_Main_Heading_Text_Check -->
	<testcase name="user_Navigation_spell_Check" time="0.000"
		classname="com.jbk.owp.test.DashboardTest">
		<skipped />
	</testcase> <!-- user_Navigation_spell_Check -->
	<testcase name="oprators_Navigation_spell_Check" time="0.000"
		classname="com.jbk.owp.test.DashboardTest">
		<skipped />
	</testcase> <!-- oprators_Navigation_spell_Check -->
	<testcase name="useful_Links_spell_Check" time="0.000"
		classname="com.jbk.owp.test.DashboardTest">
		<skipped />
	</testcase> <!-- useful_Links_spell_Check -->
	<testcase name="downloads_Navigation_Spelling_Check" time="0.000"
		classname="com.jbk.owp.test.DashboardTest">
		<skipped />
	</testcase> <!-- downloads_Navigation_Spelling_Check -->
	<testcase name="logout_Navigation_Spelling_Check" time="0.000"
		classname="com.jbk.owp.test.DashboardTest">
		<skipped />
	</testcase> <!-- logout_Navigation_Spelling_Check -->
	<testcase name="Dashboard_Navigation_link_Check" time="0.000"
		classname="com.jbk.owp.test.DashboardTest">
		<skipped />
	</testcase> <!-- Dashboard_Navigation_link_Check -->
	<testcase name="user_Navigation_link_Check" time="0.000"
		classname="com.jbk.owp.test.DashboardTest">
		<skipped />
	</testcase> <!-- user_Navigation_link_Check -->
	<testcase name="oprators_Navigation_link_Check" time="0.000"
		classname="com.jbk.owp.test.DashboardTest">
		<skipped />
	</testcase> <!-- oprators_Navigation_link_Check -->
	<testcase name="usefulLinks_navigation_link_Check" time="0.000"
		classname="com.jbk.owp.test.DashboardTest">
		<skipped />
	</testcase> <!-- usefulLinks_navigation_link_Check -->
	<testcase name="downloads_Navigation_link_Check" time="0.000"
		classname="com.jbk.owp.test.DashboardTest">
		<skipped />
	</testcase> <!-- downloads_Navigation_link_Check -->
	<testcase name="sidebar_Menu_Navigations_Count" time="0.000"
		classname="com.jbk.owp.test.DashboardTest">
		<skipped />
	</testcase> <!-- sidebar_Menu_Navigations_Count -->
	<testcase name="User_Navigation_isdisplayed_Check" time="0.000"
		classname="com.jbk.owp.test.DashboardTest">
		<skipped />
	</testcase> <!-- User_Navigation_isdisplayed_Check -->
	<testcase name="operators_Navigation_isdisplayed" time="0.000"
		classname="com.jbk.owp.test.DashboardTest">
		<skipped />
	</testcase> <!-- operators_Navigation_isdisplayed -->
	<testcase name="usefullinks_Navaigation_isdisplayed" time="0.000"
		classname="com.jbk.owp.test.DashboardTest">
		<skipped />
	</testcase> <!-- usefullinks_Navaigation_isdisplayed -->
	<testcase name="downloads_navigation_isdisplayed" time="0.000"
		classname="com.jbk.owp.test.DashboardTest">
		<skipped />
	</testcase> <!-- downloads_navigation_isdisplayed -->
	<testcase name="logouttabisdisplayed" time="0.000"
		classname="com.jbk.owp.test.DashboardTest">
		<skipped />
	</testcase> <!-- logouttabisdisplayed -->
	<testcase name="moveover_Dashboard_Bgcolor" time="0.000"
		classname="com.jbk.owp.test.DashboardTest">
		<skipped />
	</testcase> <!-- moveover_Dashboard_Bgcolor -->
	<testcase name="moveover_User_Bgcolor" time="0.000"
		classname="com.jbk.owp.test.DashboardTest">
		<skipped />
	</testcase> <!-- moveover_User_Bgcolor -->
	<testcase name="moveover_Oprators_Bgcolor" time="0.000"
		classname="com.jbk.owp.test.DashboardTest">
		<skipped />
	</testcase> <!-- moveover_Oprators_Bgcolor -->
	<testcase name="moveover_UsefulLinks_Bgcolor" time="0.000"
		classname="com.jbk.owp.test.DashboardTest">
		<skipped />
	</testcase> <!-- moveover_UsefulLinks_Bgcolor -->
	<testcase name="moveover_downloads_Bgcolor" time="0.000"
		classname="com.jbk.owp.test.DashboardTest">
		<skipped />
	</testcase> <!-- moveover_downloads_Bgcolor -->
	<testcase name="moveover_Logout_Bgcolor" time="0.000"
		classname="com.jbk.owp.test.DashboardTest">
		<skipped />
	</testcase> <!-- moveover_Logout_Bgcolor -->
	<testcase name="jbk_Main_Heading_Spell_check" time="0.000"
		classname="com.jbk.owp.test.DashboardTest">
		<skipped />
	</testcase> <!-- jbk_Main_Heading_Spell_check -->
	<testcase name="jbk_subHeading_link" time="0.000"
		classname="com.jbk.owp.test.DashboardTest">
		<skipped />
	</testcase> <!-- jbk_subHeading_link -->
	<testcase name="jbk_text_logo_isdisplayed" time="0.000"
		classname="com.jbk.owp.test.DashboardTest">
		<skipped />
	</testcase> <!-- jbk_text_logo_isdisplayed -->
	<testcase name="user_img_isdisplayed" time="0.000"
		classname="com.jbk.owp.test.DashboardTest">
		<skipped />
	</testcase> <!-- user_img_isdisplayed -->
	<testcase name="dashboard_Main_Heading_Spell" time="0.000"
		classname="com.jbk.owp.test.DashboardTest">
		<skipped />
	</testcase> <!-- dashboard_Main_Heading_Spell -->
	<testcase name="dashboard_Fotter_Spell" time="0.000"
		classname="com.jbk.owp.test.DashboardTest">
		<skipped />
	</testcase> <!-- dashboard_Fotter_Spell -->
	<testcase name="pullright_Heading_spell" time="0.000"
		classname="com.jbk.owp.test.DashboardTest">
		<skipped />
	</testcase> <!-- pullright_Heading_spell -->
	<testcase name="selenium_Course_Spell" time="0.000"
		classname="com.jbk.owp.test.DashboardTest">
		<skipped />
	</testcase> <!-- selenium_Course_Spell -->
	<testcase name="automationtest_spell" time="0.000"
		classname="com.jbk.owp.test.DashboardTest">
		<skipped />
	</testcase> <!-- automationtest_spell -->
</testsuite> <!-- com.jbk.owp.test.DashboardTest -->
