
<!DOCTYPE html>
<html>


<head>
	<meta charset='utf-8' /> 
	<meta name='description' content='' />
	<meta name='robots' content='noodp, noydir' />
	<meta name='viewport' content='width=device-width, initial-scale=1' />
	<meta id="timeStampFormat" name="timeStampFormat" content='EEEE, MMMM dd, yyyy, hh:mm a '('zzz')''/>
	
	<link href='https://fonts.googleapis.com/css?family=Source+Sans+Pro:400,600' rel='stylesheet' type='text/css' />
	<link href="https://fonts.googleapis.com/icon?family=Material+Icons" rel="stylesheet" />

		<link href='https://cdn.rawgit.com/anshooarora/extentreports-java/b4a58fcfd1e137bd9287244035a7c80d3d73b3af/dist/css/extent.css' type='text/css' rel='stylesheet' />
	
	<title>JBK Extent Report </title>

	<style type='text/css'>
	</style>
</head>

	<body class='extent standard default hide-overflow '>
		<div id='theme-selector' alt='Click to toggle theme. To enable by default, use theme configuration.' title='Click to toggle theme. To enable by default, use theme configuration.'>
			<span><i class='material-icons'>desktop_windows</i></span>
		</div>

<nav>
	<div class="nav-wrapper">
		<a href="#!" class="brand-logo blue darken-3">Extent</a>

		<!-- slideout menu -->
		<ul id='slide-out' class='side-nav fixed hide-on-med-and-down'>
			<li class='waves-effect active'><a href='#!' view='test-view' onclick="configureView(0);chartsView('test');"><i class='material-icons'>dashboard</i></a></li>
						<li class='waves-effect'><a href='#!' view='exception-view' onclick="configureView(2)"><i class='material-icons'>bug_report</i></a></li>
			<li class='waves-effect'><a href='#!' onclick="configureView(-1);chartsView('dashboard');" view='dashboard-view'><i class='material-icons'>track_changes</i></i></a></li>
		</ul>

		<!-- report name -->
		<span class='report-name'>Test Report</span>
		
		<!-- report headline -->
		<span class='report-headline'></span>

		<!-- nav-right -->
		<ul id='nav-mobile' class='right hide-on-med-and-down nav-right'>
			<li>
                <a href='#!'>
                    <span class='label suite-start-time blue darken-3'>Friday, March 20, 2020, 03:55 PM (IST)</span>
				</a>
			</li>
			<li>
                <a href='#!'>
                    <span class='label blue darken-3'>3.1.5</span>
				</a>
			</li>
		</ul>
	</div>
</nav>

		<!-- container -->
		<div class='container'>

<div id='test-view' class='view'>
				
	<section id='controls'>
		<div class='controls grey lighten-4'>
			<!-- test toggle -->
			<div class='chip transparent'>
				<a class='dropdown-button tests-toggle' data-activates='tests-toggle' data-constrainwidth='true' data-beloworigin='true' data-hover='true' href='#'>
					<i class='material-icons'>warning</i> Status
				</a>
				<ul id='tests-toggle' class='dropdown-content'>
											<li status='pass'><a href='#!'>Pass <i class='material-icons green-text'>check_circle</i></a></li>
						<li status='fail'><a href='#!'>Fail <i class='material-icons red-text'>cancel</i></a></li>
					<li class='divider'></li>
					<li status='clear' clear='true'><a href='#!'>Clear Filters <i class='material-icons'>clear</i></a></li>
				</ul>
			</div>
			<!-- test toggle -->

			<!-- category toggle -->
			<!-- category toggle -->

			<!-- clear filters -->
			<div class='chip transparent hide'>
				<a class='' id='clear-filters' alt='Clear Filters' title='Clear Filters'>
					<i class='material-icons'>close</i> Clear
				</a>
			</div>
			<!-- clear filters -->

			<!-- enable dashboard -->
			<div id='toggle-test-view-charts' class='chip transparent'>
				<a class='pink-text' id='enable-dashboard' alt='Enable Dashboard' title='Enable Dashboard'>
					<i class='material-icons'>track_changes</i> Dashboard
				</a>
			</div>
			<!-- enable dashboard -->

			<!-- search -->
			<div class='chip transparent' alt='Search Tests' title='Search Tests'>
				<a href="#" class='search-div'>
					<i class='material-icons'>search</i> Search
				</a>

				<div class='input-field left hide'>
					<input id='search-tests' type='text' class='validate browser-default' placeholder='Search Tests...'>
				</div>
				
			</div>
			<!-- search -->
		</div>
	</section>


<div id='test-view-charts' class='subview-full'>
	<div id='charts-row' class='row nm-v nm-h'>
		<div class='col s12 m6 l6 np-h'>
			<div class='card-panel nm-v'>
				<div class='left panel-name'>Tests</div>
				<div class='chart-box'>
					<canvas id='parent-analysis' width='100' height='80'></canvas>
				</div>
				<div class='block text-small'>
					<span class='tooltipped' data-position='top' data-tooltip='95%'><span class='strong'>57</span> test(s) passed</span>
				</div>
				<div class='block text-small'>
					<span class='strong tooltipped' data-position='top' data-tooltip='5%'>3</span> test(s) failed, <span class='strong tooltipped' data-position='top' data-tooltip='0%'>0</span> others
				</div>
			</div>
		</div>
		
		<div class='col s12 m6 l6 np-h'>
			<div class='card-panel nm-v'>
				<div class='left panel-name'>Steps</div>
				<div class='chart-box'>
					<canvas id='child-analysis' width='100' height='80'></canvas>
				</div>
				<div class='block text-small'>
					<span class='tooltipped' data-position='top' data-tooltip='77.632%'><span class='strong'>59</span> step(s) passed</span>
				</div>
				<div class='block text-small'>
					<span class='strong tooltipped' data-position='top' data-tooltip='21.053%'>16</span> step(s) failed, <span class='strong tooltipped' data-position='top' data-tooltip='1.316%'>1</span> others
				</div>
			</div>
		</div>
		
	</div>
</div>

	<div class='subview-left left'>
		
		<div class='view-summary'>
			<h5>Tests</h5>
			<ul id='test-collection' class='test-collection'>
				
				
				<li class='test displayed active  pass' status='pass' bdd='false' test-id='1'>
					<div class='test-heading'>
						<span class='test-name'>verifyRegisterMemberlink</span>
						<span class='test-time'>Friday, March 20, 2020, 03:55 PM (IST)</span>
						<span class='test-status right pass'>pass</span>
					</div>
					<div class='test-content hide'>
<div class='test-time-info'>
	<span class='label start-time'>Friday, March 20, 2020, 03:55 PM (IST)</span>
	<span class='label end-time'>Friday, March 20, 2020, 03:55 PM (IST)</span>
	<span class='label time-taken grey lighten-1 white-text'>0h 0m 0s+8ms</span>
</div>
	<div class='test-desc'>This test case validate to check Register a new Membership link </div>
	<div class='test-steps'>
		<table class='bordered table-results'>
			<thead>
				<tr>
					<th>Status</th>
					<th>Timestamp</th>
					<th>Details</th>
				</tr>
			</thead>
			<tbody>
				<tr class='log' status='pass'>
					<td class='status pass' title='pass' alt='pass'><i class='material-icons'>check_circle</i></td>
					<td class='timestamp'>3:55:27 PM</td>
					<td class='step-details'><span class='label white-text green'>verifyRegisterMemberlinkTest Case Passsed</span></td>
				</tr>
			</tbody>
		</table>
	</div>
					</div>
				</li>
				
				
				<li class='test displayed active  pass' status='pass' bdd='false' test-id='2'>
					<div class='test-heading'>
						<span class='test-name'>VerifyTitle</span>
						<span class='test-time'>Friday, March 20, 2020, 03:55 PM (IST)</span>
						<span class='test-status right pass'>pass</span>
					</div>
					<div class='test-content hide'>
<div class='test-time-info'>
	<span class='label start-time'>Friday, March 20, 2020, 03:55 PM (IST)</span>
	<span class='label end-time'>Friday, March 20, 2020, 03:55 PM (IST)</span>
	<span class='label time-taken grey lighten-1 white-text'>0h 0m 0s+1ms</span>
</div>
	<div class='test-desc'>This test case validate to check Title of Register a new Membership link </div>
	<div class='test-steps'>
		<table class='bordered table-results'>
			<thead>
				<tr>
					<th>Status</th>
					<th>Timestamp</th>
					<th>Details</th>
				</tr>
			</thead>
			<tbody>
				<tr class='log' status='pass'>
					<td class='status pass' title='pass' alt='pass'><i class='material-icons'>check_circle</i></td>
					<td class='timestamp'>3:55:30 PM</td>
					<td class='step-details'><span class='label white-text green'>verifyTitleTest Case Passsed</span></td>
				</tr>
			</tbody>
		</table>
	</div>
					</div>
				</li>
				
				
				<li class='test displayed active  pass' status='pass' bdd='false' test-id='3'>
					<div class='test-heading'>
						<span class='test-name'>verifyPlaceholderName</span>
						<span class='test-time'>Friday, March 20, 2020, 03:55 PM (IST)</span>
						<span class='test-status right pass'>pass</span>
					</div>
					<div class='test-content hide'>
<div class='test-time-info'>
	<span class='label start-time'>Friday, March 20, 2020, 03:55 PM (IST)</span>
	<span class='label end-time'>Friday, March 20, 2020, 03:55 PM (IST)</span>
	<span class='label time-taken grey lighten-1 white-text'>0h 0m 0s+2ms</span>
</div>
	<div class='test-desc'>This test case validate to check Placeholder of Name on registeration page </div>
	<div class='test-steps'>
		<table class='bordered table-results'>
			<thead>
				<tr>
					<th>Status</th>
					<th>Timestamp</th>
					<th>Details</th>
				</tr>
			</thead>
			<tbody>
				<tr class='log' status='pass'>
					<td class='status pass' title='pass' alt='pass'><i class='material-icons'>check_circle</i></td>
					<td class='timestamp'>3:55:30 PM</td>
					<td class='step-details'><span class='label white-text green'>verifyPlaceholderNameTest Case Passsed</span></td>
				</tr>
			</tbody>
		</table>
	</div>
					</div>
				</li>
				
				
				<li class='test displayed active  pass' status='pass' bdd='false' test-id='4'>
					<div class='test-heading'>
						<span class='test-name'>verifyPlaceholderMobile</span>
						<span class='test-time'>Friday, March 20, 2020, 03:55 PM (IST)</span>
						<span class='test-status right pass'>pass</span>
					</div>
					<div class='test-content hide'>
<div class='test-time-info'>
	<span class='label start-time'>Friday, March 20, 2020, 03:55 PM (IST)</span>
	<span class='label end-time'>Friday, March 20, 2020, 03:55 PM (IST)</span>
	<span class='label time-taken grey lighten-1 white-text'>0h 0m 0s+2ms</span>
</div>
	<div class='test-desc'>This test case validate to check Placeholder of Mobile on registeration page </div>
	<div class='test-steps'>
		<table class='bordered table-results'>
			<thead>
				<tr>
					<th>Status</th>
					<th>Timestamp</th>
					<th>Details</th>
				</tr>
			</thead>
			<tbody>
				<tr class='log' status='pass'>
					<td class='status pass' title='pass' alt='pass'><i class='material-icons'>check_circle</i></td>
					<td class='timestamp'>3:55:30 PM</td>
					<td class='step-details'><span class='label white-text green'>verifyPlaceholderMobileTest Case Passsed</span></td>
				</tr>
			</tbody>
		</table>
	</div>
					</div>
				</li>
				
				
				<li class='test displayed active  pass' status='pass' bdd='false' test-id='5'>
					<div class='test-heading'>
						<span class='test-name'>verifyPlaceholderEmail</span>
						<span class='test-time'>Friday, March 20, 2020, 03:55 PM (IST)</span>
						<span class='test-status right pass'>pass</span>
					</div>
					<div class='test-content hide'>
<div class='test-time-info'>
	<span class='label start-time'>Friday, March 20, 2020, 03:55 PM (IST)</span>
	<span class='label end-time'>Friday, March 20, 2020, 03:55 PM (IST)</span>
	<span class='label time-taken grey lighten-1 white-text'>0h 0m 0s+1ms</span>
</div>
	<div class='test-desc'>This test case validate to check Placeholder of Email on registeration page </div>
	<div class='test-steps'>
		<table class='bordered table-results'>
			<thead>
				<tr>
					<th>Status</th>
					<th>Timestamp</th>
					<th>Details</th>
				</tr>
			</thead>
			<tbody>
				<tr class='log' status='pass'>
					<td class='status pass' title='pass' alt='pass'><i class='material-icons'>check_circle</i></td>
					<td class='timestamp'>3:55:30 PM</td>
					<td class='step-details'><span class='label white-text green'>verifyPlaceholderEmailTest Case Passsed</span></td>
				</tr>
			</tbody>
		</table>
	</div>
					</div>
				</li>
				
				
				<li class='test displayed active  pass' status='pass' bdd='false' test-id='6'>
					<div class='test-heading'>
						<span class='test-name'>verifyPlaceholderEmail</span>
						<span class='test-time'>Friday, March 20, 2020, 03:55 PM (IST)</span>
						<span class='test-status right pass'>pass</span>
					</div>
					<div class='test-content hide'>
<div class='test-time-info'>
	<span class='label start-time'>Friday, March 20, 2020, 03:55 PM (IST)</span>
	<span class='label end-time'>Friday, March 20, 2020, 03:55 PM (IST)</span>
	<span class='label time-taken grey lighten-1 white-text'>0h 0m 0s+1ms</span>
</div>
	<div class='test-desc'>This test case validate to check Placeholder of Email on registeration page </div>
	<div class='test-steps'>
		<table class='bordered table-results'>
			<thead>
				<tr>
					<th>Status</th>
					<th>Timestamp</th>
					<th>Details</th>
				</tr>
			</thead>
			<tbody>
				<tr class='log' status='pass'>
					<td class='status pass' title='pass' alt='pass'><i class='material-icons'>check_circle</i></td>
					<td class='timestamp'>3:55:30 PM</td>
					<td class='step-details'><span class='label white-text green'>verifyPlaceholderPasswordTest Case Passsed</span></td>
				</tr>
			</tbody>
		</table>
	</div>
					</div>
				</li>
				
				
				<li class='test displayed active  pass' status='pass' bdd='false' test-id='7'>
					<div class='test-heading'>
						<span class='test-name'>verifyRegisterMemberValidinfo</span>
						<span class='test-time'>Friday, March 20, 2020, 03:55 PM (IST)</span>
						<span class='test-status right pass'>pass</span>
					</div>
					<div class='test-content hide'>
<div class='test-time-info'>
	<span class='label start-time'>Friday, March 20, 2020, 03:55 PM (IST)</span>
	<span class='label end-time'>Friday, March 20, 2020, 03:55 PM (IST)</span>
	<span class='label time-taken grey lighten-1 white-text'>0h 0m 0s+4ms</span>
</div>
	<div class='test-desc'>This test case validate to check Register Member functionality with Validinfo </div>
	<div class='test-steps'>
		<table class='bordered table-results'>
			<thead>
				<tr>
					<th>Status</th>
					<th>Timestamp</th>
					<th>Details</th>
				</tr>
			</thead>
			<tbody>
				<tr class='log' status='pass'>
					<td class='status pass' title='pass' alt='pass'><i class='material-icons'>check_circle</i></td>
					<td class='timestamp'>3:55:37 PM</td>
					<td class='step-details'><span class='label white-text green'>verifyRegisterMemberValidinfoTest Case Passsed</span></td>
				</tr>
			</tbody>
		</table>
	</div>
					</div>
				</li>
				
				
				<li class='test displayed active  pass' status='pass' bdd='false' test-id='8'>
					<div class='test-heading'>
						<span class='test-name'>verify_RegisterMember_Validinfo</span>
						<span class='test-time'>Friday, March 20, 2020, 03:55 PM (IST)</span>
						<span class='test-status right pass'>pass</span>
					</div>
					<div class='test-content hide'>
<div class='test-time-info'>
	<span class='label start-time'>Friday, March 20, 2020, 03:55 PM (IST)</span>
	<span class='label end-time'>Friday, March 20, 2020, 03:55 PM (IST)</span>
	<span class='label time-taken grey lighten-1 white-text'>0h 0m 0s+2ms</span>
</div>
	<div class='test-desc'>This test case validate to check Register Member functionality with Validinfo </div>
	<div class='test-steps'>
		<table class='bordered table-results'>
			<thead>
				<tr>
					<th>Status</th>
					<th>Timestamp</th>
					<th>Details</th>
				</tr>
			</thead>
			<tbody>
				<tr class='log' status='pass'>
					<td class='status pass' title='pass' alt='pass'><i class='material-icons'>check_circle</i></td>
					<td class='timestamp'>3:55:38 PM</td>
					<td class='step-details'><span class='label white-text green'>verifyAlreadyMembershipLinkTest Case Passsed</span></td>
				</tr>
			</tbody>
		</table>
	</div>
					</div>
				</li>
				
				
				<li class='test displayed active  pass' status='pass' bdd='false' test-id='9'>
					<div class='test-heading'>
						<span class='test-name'>verifyUrl</span>
						<span class='test-time'>Friday, March 20, 2020, 03:55 PM (IST)</span>
						<span class='test-status right pass'>pass</span>
					</div>
					<div class='test-content hide'>
<div class='test-time-info'>
	<span class='label start-time'>Friday, March 20, 2020, 03:55 PM (IST)</span>
	<span class='label end-time'>Friday, March 20, 2020, 03:55 PM (IST)</span>
	<span class='label time-taken grey lighten-1 white-text'>0h 0m 0s+8ms</span>
</div>
	<div class='test-desc'>This test case validate to check URL of offlien application </div>
	<div class='test-steps'>
		<table class='bordered table-results'>
			<thead>
				<tr>
					<th>Status</th>
					<th>Timestamp</th>
					<th>Details</th>
				</tr>
			</thead>
			<tbody>
				<tr class='log' status='pass'>
					<td class='status pass' title='pass' alt='pass'><i class='material-icons'>check_circle</i></td>
					<td class='timestamp'>3:55:38 PM</td>
					<td class='step-details'><span class='label white-text green'>verify_Current_UrlTest Case Passsed</span></td>
				</tr>
			</tbody>
		</table>
	</div>
					</div>
				</li>
				
				
				<li class='test displayed active  fail' status='fail' bdd='false' test-id='10'>
					<div class='test-heading'>
						<span class='test-name'>verifyApplicationTitle</span>
						<span class='test-time'>Friday, March 20, 2020, 03:55 PM (IST)</span>
						<span class='test-status right fail'>fail</span>
					</div>
					<div class='test-content hide'>
<div class='test-time-info'>
	<span class='label start-time'>Friday, March 20, 2020, 03:55 PM (IST)</span>
	<span class='label end-time'>Friday, March 20, 2020, 03:55 PM (IST)</span>
	<span class='label time-taken grey lighten-1 white-text'>0h 0m 0s+458ms</span>
</div>
	<div class='test-desc'>This test case validate to check Title of offline application </div>
	<div class='test-steps'>
		<table class='bordered table-results'>
			<thead>
				<tr>
					<th>Status</th>
					<th>Timestamp</th>
					<th>Details</th>
				</tr>
			</thead>
			<tbody>
				<tr class='log' status='fail'>
					<td class='status fail' title='fail' alt='fail'><i class='material-icons'>cancel</i></td>
					<td class='timestamp'>3:55:38 PM</td>
					<td class='step-details'><span class='label white-text red'>verifyApplicationTitle Test Case Failed </span></td>
				</tr>
				<tr class='log' status='fail'>
					<td class='status fail' title='fail' alt='fail'><i class='material-icons'>cancel</i></td>
					<td class='timestamp'>3:55:38 PM</td>
					<td class='step-details'><pre>java.lang.AssertionError: expected [JavaByKiran | Log ] but found [JavaByKiran | Log in]
	at org.testng.Assert.fail(Assert.java:94)
	at org.testng.Assert.failNotEquals(Assert.java:513)
	at org.testng.Assert.assertEqualsImpl(Assert.java:135)
	at org.testng.Assert.assertEquals(Assert.java:116)
	at org.testng.Assert.assertEquals(Assert.java:190)
	at org.testng.Assert.assertEquals(Assert.java:200)
	at com.jbk.owp.test.LoginPageTest.verifyApplicationTitle(LoginPageTest.java:40)
	at sun.reflect.NativeMethodAccessorImpl.invoke0(Native Method)
	at sun.reflect.NativeMethodAccessorImpl.invoke(NativeMethodAccessorImpl.java:62)
	at sun.reflect.DelegatingMethodAccessorImpl.invoke(DelegatingMethodAccessorImpl.java:43)
	at java.lang.reflect.Method.invoke(Method.java:498)
	at org.testng.internal.MethodInvocationHelper.invokeMethod(MethodInvocationHelper.java:86)
	at org.testng.internal.Invoker.invokeMethod(Invoker.java:643)
	at org.testng.internal.Invoker.invokeTestMethod(Invoker.java:820)
	at org.testng.internal.Invoker.invokeTestMethods(Invoker.java:1128)
	at org.testng.internal.TestMethodWorker.invokeTestMethods(TestMethodWorker.java:129)
	at org.testng.internal.TestMethodWorker.run(TestMethodWorker.java:112)
	at org.testng.TestRunner.privateRun(TestRunner.java:782)
	at org.testng.TestRunner.run(TestRunner.java:632)
	at org.testng.SuiteRunner.runTest(SuiteRunner.java:366)
	at org.testng.SuiteRunner.runSequentially(SuiteRunner.java:361)
	at org.testng.SuiteRunner.privateRun(SuiteRunner.java:319)
	at org.testng.SuiteRunner.run(SuiteRunner.java:268)
	at org.testng.SuiteRunnerWorker.runSuite(SuiteRunnerWorker.java:52)
	at org.testng.SuiteRunnerWorker.run(SuiteRunnerWorker.java:86)
	at org.testng.TestNG.runSuitesSequentially(TestNG.java:1244)
	at org.testng.TestNG.runSuitesLocally(TestNG.java:1169)
	at org.testng.TestNG.run(TestNG.java:1064)
	at org.testng.remote.AbstractRemoteTestNG.run(AbstractRemoteTestNG.java:132)
	at org.testng.remote.RemoteTestNG.initAndRun(RemoteTestNG.java:236)
	at org.testng.remote.RemoteTestNG.main(RemoteTestNG.java:81)
</pre></td>
				</tr>
				<tr class='log' status='fail'>
					<td class='status fail' title='fail' alt='fail'><i class='material-icons'>cancel</i></td>
					<td class='timestamp'>3:55:38 PM</td>
					<td class='step-details'><span class='label white-text red'>verifyTitle Test Case Failed </span></td>
				</tr>
				<tr class='log' status='fail'>
					<td class='status fail' title='fail' alt='fail'><i class='material-icons'>cancel</i></td>
					<td class='timestamp'>3:55:38 PM</td>
					<td class='step-details'><pre>java.lang.AssertionError: expected [Java By subhash] but found [Java By Kiran]
	at org.testng.Assert.fail(Assert.java:94)
	at org.testng.Assert.failNotEquals(Assert.java:513)
	at org.testng.Assert.assertEqualsImpl(Assert.java:135)
	at org.testng.Assert.assertEquals(Assert.java:116)
	at org.testng.Assert.assertEquals(Assert.java:190)
	at org.testng.Assert.assertEquals(Assert.java:200)
	at com.jbk.owp.test.LoginPageTest.verifyTitle(LoginPageTest.java:45)
	at sun.reflect.NativeMethodAccessorImpl.invoke0(Native Method)
	at sun.reflect.NativeMethodAccessorImpl.invoke(NativeMethodAccessorImpl.java:62)
	at sun.reflect.DelegatingMethodAccessorImpl.invoke(DelegatingMethodAccessorImpl.java:43)
	at java.lang.reflect.Method.invoke(Method.java:498)
	at org.testng.internal.MethodInvocationHelper.invokeMethod(MethodInvocationHelper.java:86)
	at org.testng.internal.Invoker.invokeMethod(Invoker.java:643)
	at org.testng.internal.Invoker.invokeTestMethod(Invoker.java:820)
	at org.testng.internal.Invoker.invokeTestMethods(Invoker.java:1128)
	at org.testng.internal.TestMethodWorker.invokeTestMethods(TestMethodWorker.java:129)
	at org.testng.internal.TestMethodWorker.run(TestMethodWorker.java:112)
	at org.testng.TestRunner.privateRun(TestRunner.java:782)
	at org.testng.TestRunner.run(TestRunner.java:632)
	at org.testng.SuiteRunner.runTest(SuiteRunner.java:366)
	at org.testng.SuiteRunner.runSequentially(SuiteRunner.java:361)
	at org.testng.SuiteRunner.privateRun(SuiteRunner.java:319)
	at org.testng.SuiteRunner.run(SuiteRunner.java:268)
	at org.testng.SuiteRunnerWorker.runSuite(SuiteRunnerWorker.java:52)
	at org.testng.SuiteRunnerWorker.run(SuiteRunnerWorker.java:86)
	at org.testng.TestNG.runSuitesSequentially(TestNG.java:1244)
	at org.testng.TestNG.runSuitesLocally(TestNG.java:1169)
	at org.testng.TestNG.run(TestNG.java:1064)
	at org.testng.remote.AbstractRemoteTestNG.run(AbstractRemoteTestNG.java:132)
	at org.testng.remote.RemoteTestNG.initAndRun(RemoteTestNG.java:236)
	at org.testng.remote.RemoteTestNG.main(RemoteTestNG.java:81)
</pre></td>
				</tr>
			</tbody>
		</table>
	</div>
							<ul class='screenshots'>
								<li><img data-featherlight='C:\Users\Subhash\git\jbkowp\jbkowp\Reports\2020_03_20_15_5443_OWPReport\Screenshots\verifyApplicationTitle_Fail.png' width='10%' src='C:\Users\Subhash\git\jbkowp\jbkowp\Reports\2020_03_20_15_5443_OWPReport\Screenshots\verifyApplicationTitle_Fail.png' data-src='C:\Users\Subhash\git\jbkowp\jbkowp\Reports\2020_03_20_15_5443_OWPReport\Screenshots\verifyApplicationTitle_Fail.png'></li>
								<li><img data-featherlight='C:\Users\Subhash\git\jbkowp\jbkowp\Reports\2020_03_20_15_5443_OWPReport\Screenshots\verifyTitle_Fail.png' width='10%' src='C:\Users\Subhash\git\jbkowp\jbkowp\Reports\2020_03_20_15_5443_OWPReport\Screenshots\verifyTitle_Fail.png' data-src='C:\Users\Subhash\git\jbkowp\jbkowp\Reports\2020_03_20_15_5443_OWPReport\Screenshots\verifyTitle_Fail.png'></li>
							</ul>
					</div>
				</li>
				
				
				<li class='test displayed active  pass' status='pass' bdd='false' test-id='11'>
					<div class='test-heading'>
						<span class='test-name'>verifyloginsesion</span>
						<span class='test-time'>Friday, March 20, 2020, 03:55 PM (IST)</span>
						<span class='test-status right pass'>pass</span>
					</div>
					<div class='test-content hide'>
<div class='test-time-info'>
	<span class='label start-time'>Friday, March 20, 2020, 03:55 PM (IST)</span>
	<span class='label end-time'>Friday, March 20, 2020, 03:55 PM (IST)</span>
	<span class='label time-taken grey lighten-1 white-text'>0h 0m 0s+2ms</span>
</div>
	<div class='test-desc'>This test case validate to check session message on login page </div>
	<div class='test-steps'>
		<table class='bordered table-results'>
			<thead>
				<tr>
					<th>Status</th>
					<th>Timestamp</th>
					<th>Details</th>
				</tr>
			</thead>
			<tbody>
				<tr class='log' status='pass'>
					<td class='status pass' title='pass' alt='pass'><i class='material-icons'>check_circle</i></td>
					<td class='timestamp'>3:55:38 PM</td>
					<td class='step-details'><span class='label white-text green'>verifyloginsesionTest Case Passsed</span></td>
				</tr>
			</tbody>
		</table>
	</div>
					</div>
				</li>
				
				
				<li class='test displayed active  pass' status='pass' bdd='false' test-id='12'>
					<div class='test-heading'>
						<span class='test-name'>verifyPlaceHolderUsername</span>
						<span class='test-time'>Friday, March 20, 2020, 03:55 PM (IST)</span>
						<span class='test-status right pass'>pass</span>
					</div>
					<div class='test-content hide'>
<div class='test-time-info'>
	<span class='label start-time'>Friday, March 20, 2020, 03:55 PM (IST)</span>
	<span class='label end-time'>Friday, March 20, 2020, 03:55 PM (IST)</span>
	<span class='label time-taken grey lighten-1 white-text'>0h 0m 0s+2ms</span>
</div>
	<div class='test-desc'>This test case validate to check placeholder of username on login page </div>
	<div class='test-steps'>
		<table class='bordered table-results'>
			<thead>
				<tr>
					<th>Status</th>
					<th>Timestamp</th>
					<th>Details</th>
				</tr>
			</thead>
			<tbody>
				<tr class='log' status='pass'>
					<td class='status pass' title='pass' alt='pass'><i class='material-icons'>check_circle</i></td>
					<td class='timestamp'>3:55:38 PM</td>
					<td class='step-details'><span class='label white-text green'>verifyPlaceHolderUsernameTest Case Passsed</span></td>
				</tr>
			</tbody>
		</table>
	</div>
					</div>
				</li>
				
				
				<li class='test displayed active  pass' status='pass' bdd='false' test-id='13'>
					<div class='test-heading'>
						<span class='test-name'>verifyPlaceHolderPassword</span>
						<span class='test-time'>Friday, March 20, 2020, 03:55 PM (IST)</span>
						<span class='test-status right pass'>pass</span>
					</div>
					<div class='test-content hide'>
<div class='test-time-info'>
	<span class='label start-time'>Friday, March 20, 2020, 03:55 PM (IST)</span>
	<span class='label end-time'>Friday, March 20, 2020, 03:55 PM (IST)</span>
	<span class='label time-taken grey lighten-1 white-text'>0h 0m 0s+1ms</span>
</div>
	<div class='test-desc'>This test case validate to check placeholder of password on login page </div>
	<div class='test-steps'>
		<table class='bordered table-results'>
			<thead>
				<tr>
					<th>Status</th>
					<th>Timestamp</th>
					<th>Details</th>
				</tr>
			</thead>
			<tbody>
				<tr class='log' status='pass'>
					<td class='status pass' title='pass' alt='pass'><i class='material-icons'>check_circle</i></td>
					<td class='timestamp'>3:55:39 PM</td>
					<td class='step-details'><span class='label white-text green'>verifyPlaceHolderPasswordTest Case Passsed</span></td>
				</tr>
			</tbody>
		</table>
	</div>
					</div>
				</li>
				
				
				<li class='test displayed active  pass' status='pass' bdd='false' test-id='14'>
					<div class='test-heading'>
						<span class='test-name'>check_Button_color</span>
						<span class='test-time'>Friday, March 20, 2020, 03:55 PM (IST)</span>
						<span class='test-status right pass'>pass</span>
					</div>
					<div class='test-content hide'>
<div class='test-time-info'>
	<span class='label start-time'>Friday, March 20, 2020, 03:55 PM (IST)</span>
	<span class='label end-time'>Friday, March 20, 2020, 03:55 PM (IST)</span>
	<span class='label time-taken grey lighten-1 white-text'>0h 0m 0s+21ms</span>
</div>
	<div class='test-desc'>This test case validate to check sign in button color  on login page </div>
	<div class='test-steps'>
		<table class='bordered table-results'>
			<thead>
				<tr>
					<th>Status</th>
					<th>Timestamp</th>
					<th>Details</th>
				</tr>
			</thead>
			<tbody>
				<tr class='log' status='pass'>
					<td class='status pass' title='pass' alt='pass'><i class='material-icons'>check_circle</i></td>
					<td class='timestamp'>3:55:39 PM</td>
					<td class='step-details'><span class='label white-text green'>verifyButtoncolorTest Case Passsed</span></td>
				</tr>
			</tbody>
		</table>
	</div>
					</div>
				</li>
				
				
				<li class='test displayed active  pass' status='pass' bdd='false' test-id='15'>
					<div class='test-heading'>
						<span class='test-name'>verifyLinks</span>
						<span class='test-time'>Friday, March 20, 2020, 03:55 PM (IST)</span>
						<span class='test-status right pass'>pass</span>
					</div>
					<div class='test-content hide'>
<div class='test-time-info'>
	<span class='label start-time'>Friday, March 20, 2020, 03:55 PM (IST)</span>
	<span class='label end-time'>Friday, March 20, 2020, 03:55 PM (IST)</span>
	<span class='label time-taken grey lighten-1 white-text'>0h 0m 0s+589ms</span>
</div>
	<div class='test-desc'>This test case validate to check all links </div>
	<div class='test-steps'>
		<table class='bordered table-results'>
			<thead>
				<tr>
					<th>Status</th>
					<th>Timestamp</th>
					<th>Details</th>
				</tr>
			</thead>
			<tbody>
				<tr class='log' status='pass'>
					<td class='status pass' title='pass' alt='pass'><i class='material-icons'>check_circle</i></td>
					<td class='timestamp'>3:55:39 PM</td>
					<td class='step-details'><span class='label white-text green'>verifyLinksTest Case Passsed</span></td>
				</tr>
				<tr class='log' status='pass'>
					<td class='status pass' title='pass' alt='pass'><i class='material-icons'>check_circle</i></td>
					<td class='timestamp'>3:55:40 PM</td>
					<td class='step-details'><span class='label white-text green'>LoginTestTest Case Passsed</span></td>
				</tr>
			</tbody>
		</table>
	</div>
					</div>
				</li>
				
				
				<li class='test displayed active  pass' status='pass' bdd='false' test-id='16'>
					<div class='test-heading'>
						<span class='test-name'>LoginwithInvalidInfo</span>
						<span class='test-time'>Friday, March 20, 2020, 03:55 PM (IST)</span>
						<span class='test-status right pass'>pass</span>
					</div>
					<div class='test-content hide'>
<div class='test-time-info'>
	<span class='label start-time'>Friday, March 20, 2020, 03:55 PM (IST)</span>
	<span class='label end-time'>Friday, March 20, 2020, 03:55 PM (IST)</span>
	<span class='label time-taken grey lighten-1 white-text'>0h 0m 3s+706ms</span>
</div>
	<div class='test-desc'>This test case validate to check login functionality with invalid info </div>
	<div class='test-steps'>
		<table class='bordered table-results'>
			<thead>
				<tr>
					<th>Status</th>
					<th>Timestamp</th>
					<th>Details</th>
				</tr>
			</thead>
			<tbody>
				<tr class='log' status='pass'>
					<td class='status pass' title='pass' alt='pass'><i class='material-icons'>check_circle</i></td>
					<td class='timestamp'>3:55:40 PM</td>
					<td class='step-details'><span class='label white-text green'>LoginTestTest Case Passsed</span></td>
				</tr>
				<tr class='log' status='pass'>
					<td class='status pass' title='pass' alt='pass'><i class='material-icons'>check_circle</i></td>
					<td class='timestamp'>3:55:44 PM</td>
					<td class='step-details'><span class='label white-text green'>LoginTestTest Case Passsed</span></td>
				</tr>
			</tbody>
		</table>
	</div>
					</div>
				</li>
				
				
				<li class='test displayed active  pass' status='pass' bdd='false' test-id='17'>
					<div class='test-heading'>
						<span class='test-name'>CheckMainNavigationText</span>
						<span class='test-time'>Friday, March 20, 2020, 03:55 PM (IST)</span>
						<span class='test-status right pass'>pass</span>
					</div>
					<div class='test-content hide'>
<div class='test-time-info'>
	<span class='label start-time'>Friday, March 20, 2020, 03:55 PM (IST)</span>
	<span class='label end-time'>Friday, March 20, 2020, 03:55 PM (IST)</span>
	<span class='label time-taken grey lighten-1 white-text'>0h 0m 0s+2ms</span>
</div>
	<div class='test-desc'>Main Navigation Speeling Chec </div>
	<div class='test-steps'>
		<table class='bordered table-results'>
			<thead>
				<tr>
					<th>Status</th>
					<th>Timestamp</th>
					<th>Details</th>
				</tr>
			</thead>
			<tbody>
				<tr class='log' status='info'>
					<td class='status info' title='info' alt='info'><i class='material-icons'>info_outline</i></td>
					<td class='timestamp'>3:55:44 PM</td>
					<td class='step-details'>Main Navigation Speeling Check</td>
				</tr>
				<tr class='log' status='pass'>
					<td class='status pass' title='pass' alt='pass'><i class='material-icons'>check_circle</i></td>
					<td class='timestamp'>3:55:44 PM</td>
					<td class='step-details'><span class='label white-text green'>CheckMainNavigationTextTest Case Passsed</span></td>
				</tr>
			</tbody>
		</table>
	</div>
					</div>
				</li>
				
				
				<li class='test displayed active  pass' status='pass' bdd='false' test-id='18'>
					<div class='test-heading'>
						<span class='test-name'>CheckMainNavigationText</span>
						<span class='test-time'>Friday, March 20, 2020, 03:55 PM (IST)</span>
						<span class='test-status right pass'>pass</span>
					</div>
					<div class='test-content hide'>
<div class='test-time-info'>
	<span class='label start-time'>Friday, March 20, 2020, 03:55 PM (IST)</span>
	<span class='label end-time'>Friday, March 20, 2020, 03:55 PM (IST)</span>
	<span class='label time-taken grey lighten-1 white-text'>0h 0m 0s+1ms</span>
</div>
	<div class='test-desc'>This test validate to check spell of heading </div>
	<div class='test-steps'>
		<table class='bordered table-results'>
			<thead>
				<tr>
					<th>Status</th>
					<th>Timestamp</th>
					<th>Details</th>
				</tr>
			</thead>
			<tbody>
				<tr class='log' status='pass'>
					<td class='status pass' title='pass' alt='pass'><i class='material-icons'>check_circle</i></td>
					<td class='timestamp'>3:55:44 PM</td>
					<td class='step-details'><span class='label white-text green'>Dashboard_Main_Heading_Text_CheckTest Case Passsed</span></td>
				</tr>
			</tbody>
		</table>
	</div>
					</div>
				</li>
				
				
				<li class='test displayed active  pass' status='pass' bdd='false' test-id='19'>
					<div class='test-heading'>
						<span class='test-name'>CheckMainNavigationText</span>
						<span class='test-time'>Friday, March 20, 2020, 03:55 PM (IST)</span>
						<span class='test-status right pass'>pass</span>
					</div>
					<div class='test-content hide'>
<div class='test-time-info'>
	<span class='label start-time'>Friday, March 20, 2020, 03:55 PM (IST)</span>
	<span class='label end-time'>Friday, March 20, 2020, 03:55 PM (IST)</span>
	<span class='label time-taken grey lighten-1 white-text'>0h 0m 0s+2ms</span>
</div>
	<div class='test-desc'>This test validate to check spell of heading </div>
	<div class='test-steps'>
		<table class='bordered table-results'>
			<thead>
				<tr>
					<th>Status</th>
					<th>Timestamp</th>
					<th>Details</th>
				</tr>
			</thead>
			<tbody>
				<tr class='log' status='pass'>
					<td class='status pass' title='pass' alt='pass'><i class='material-icons'>check_circle</i></td>
					<td class='timestamp'>3:55:44 PM</td>
					<td class='step-details'><span class='label white-text green'>user_Navigation_spell_CheckTest Case Passsed</span></td>
				</tr>
			</tbody>
		</table>
	</div>
					</div>
				</li>
				
				
				<li class='test displayed active  pass' status='pass' bdd='false' test-id='20'>
					<div class='test-heading'>
						<span class='test-name'>CheckMainNavigationText</span>
						<span class='test-time'>Friday, March 20, 2020, 03:55 PM (IST)</span>
						<span class='test-status right pass'>pass</span>
					</div>
					<div class='test-content hide'>
<div class='test-time-info'>
	<span class='label start-time'>Friday, March 20, 2020, 03:55 PM (IST)</span>
	<span class='label end-time'>Friday, March 20, 2020, 03:55 PM (IST)</span>
	<span class='label time-taken grey lighten-1 white-text'>0h 0m 0s+3ms</span>
</div>
	<div class='test-desc'>This test validate to check spell of heading </div>
	<div class='test-steps'>
		<table class='bordered table-results'>
			<thead>
				<tr>
					<th>Status</th>
					<th>Timestamp</th>
					<th>Details</th>
				</tr>
			</thead>
			<tbody>
				<tr class='log' status='pass'>
					<td class='status pass' title='pass' alt='pass'><i class='material-icons'>check_circle</i></td>
					<td class='timestamp'>3:55:44 PM</td>
					<td class='step-details'><span class='label white-text green'>oprators_Navigation_spell_CheckTest Case Passsed</span></td>
				</tr>
			</tbody>
		</table>
	</div>
					</div>
				</li>
				
				
				<li class='test displayed active  pass' status='pass' bdd='false' test-id='21'>
					<div class='test-heading'>
						<span class='test-name'>CheckMainNavigationText</span>
						<span class='test-time'>Friday, March 20, 2020, 03:55 PM (IST)</span>
						<span class='test-status right pass'>pass</span>
					</div>
					<div class='test-content hide'>
<div class='test-time-info'>
	<span class='label start-time'>Friday, March 20, 2020, 03:55 PM (IST)</span>
	<span class='label end-time'>Friday, March 20, 2020, 03:55 PM (IST)</span>
	<span class='label time-taken grey lighten-1 white-text'>0h 0m 0s+2ms</span>
</div>
	<div class='test-desc'>This test validate to check spell of heading </div>
	<div class='test-steps'>
		<table class='bordered table-results'>
			<thead>
				<tr>
					<th>Status</th>
					<th>Timestamp</th>
					<th>Details</th>
				</tr>
			</thead>
			<tbody>
				<tr class='log' status='pass'>
					<td class='status pass' title='pass' alt='pass'><i class='material-icons'>check_circle</i></td>
					<td class='timestamp'>3:55:44 PM</td>
					<td class='step-details'><span class='label white-text green'>useful_Links_spell_CheckTest Case Passsed</span></td>
				</tr>
			</tbody>
		</table>
	</div>
					</div>
				</li>
				
				
				<li class='test displayed active  pass' status='pass' bdd='false' test-id='22'>
					<div class='test-heading'>
						<span class='test-name'>CheckMainNavigationText</span>
						<span class='test-time'>Friday, March 20, 2020, 03:55 PM (IST)</span>
						<span class='test-status right pass'>pass</span>
					</div>
					<div class='test-content hide'>
<div class='test-time-info'>
	<span class='label start-time'>Friday, March 20, 2020, 03:55 PM (IST)</span>
	<span class='label end-time'>Friday, March 20, 2020, 03:55 PM (IST)</span>
	<span class='label time-taken grey lighten-1 white-text'>0h 0m 0s+2ms</span>
</div>
	<div class='test-desc'>This test validate to check spell of heading </div>
	<div class='test-steps'>
		<table class='bordered table-results'>
			<thead>
				<tr>
					<th>Status</th>
					<th>Timestamp</th>
					<th>Details</th>
				</tr>
			</thead>
			<tbody>
				<tr class='log' status='pass'>
					<td class='status pass' title='pass' alt='pass'><i class='material-icons'>check_circle</i></td>
					<td class='timestamp'>3:55:44 PM</td>
					<td class='step-details'><span class='label white-text green'>downloads_Navigation_Spelling_CheckTest Case Passsed</span></td>
				</tr>
			</tbody>
		</table>
	</div>
					</div>
				</li>
				
				
				<li class='test displayed active  pass' status='pass' bdd='false' test-id='23'>
					<div class='test-heading'>
						<span class='test-name'>CheckMainNavigationText</span>
						<span class='test-time'>Friday, March 20, 2020, 03:55 PM (IST)</span>
						<span class='test-status right pass'>pass</span>
					</div>
					<div class='test-content hide'>
<div class='test-time-info'>
	<span class='label start-time'>Friday, March 20, 2020, 03:55 PM (IST)</span>
	<span class='label end-time'>Friday, March 20, 2020, 03:55 PM (IST)</span>
	<span class='label time-taken grey lighten-1 white-text'>0h 0m 0s+1ms</span>
</div>
	<div class='test-desc'>This test validate to check spell of heading </div>
	<div class='test-steps'>
		<table class='bordered table-results'>
			<thead>
				<tr>
					<th>Status</th>
					<th>Timestamp</th>
					<th>Details</th>
				</tr>
			</thead>
			<tbody>
				<tr class='log' status='pass'>
					<td class='status pass' title='pass' alt='pass'><i class='material-icons'>check_circle</i></td>
					<td class='timestamp'>3:55:44 PM</td>
					<td class='step-details'><span class='label white-text green'>logout_Navigation_Spelling_CheckTest Case Passsed</span></td>
				</tr>
			</tbody>
		</table>
	</div>
					</div>
				</li>
				
				
				<li class='test displayed active  pass' status='pass' bdd='false' test-id='24'>
					<div class='test-heading'>
						<span class='test-name'>CheckMainNavigationText</span>
						<span class='test-time'>Friday, March 20, 2020, 03:55 PM (IST)</span>
						<span class='test-status right pass'>pass</span>
					</div>
					<div class='test-content hide'>
<div class='test-time-info'>
	<span class='label start-time'>Friday, March 20, 2020, 03:55 PM (IST)</span>
	<span class='label end-time'>Friday, March 20, 2020, 03:55 PM (IST)</span>
	<span class='label time-taken grey lighten-1 white-text'>0h 0m 0s+2ms</span>
</div>
	<div class='test-desc'>This test validate to check spell of heading </div>
	<div class='test-steps'>
		<table class='bordered table-results'>
			<thead>
				<tr>
					<th>Status</th>
					<th>Timestamp</th>
					<th>Details</th>
				</tr>
			</thead>
			<tbody>
				<tr class='log' status='pass'>
					<td class='status pass' title='pass' alt='pass'><i class='material-icons'>check_circle</i></td>
					<td class='timestamp'>3:55:44 PM</td>
					<td class='step-details'><span class='label white-text green'>Dashboard_Navigation_link_CheckTest Case Passsed</span></td>
				</tr>
			</tbody>
		</table>
	</div>
					</div>
				</li>
				
				
				<li class='test displayed active  pass' status='pass' bdd='false' test-id='25'>
					<div class='test-heading'>
						<span class='test-name'>CheckMainNavigationText</span>
						<span class='test-time'>Friday, March 20, 2020, 03:55 PM (IST)</span>
						<span class='test-status right pass'>pass</span>
					</div>
					<div class='test-content hide'>
<div class='test-time-info'>
	<span class='label start-time'>Friday, March 20, 2020, 03:55 PM (IST)</span>
	<span class='label end-time'>Friday, March 20, 2020, 03:55 PM (IST)</span>
	<span class='label time-taken grey lighten-1 white-text'>0h 0m 0s+2ms</span>
</div>
	<div class='test-desc'>This test validate to check spell of heading </div>
	<div class='test-steps'>
		<table class='bordered table-results'>
			<thead>
				<tr>
					<th>Status</th>
					<th>Timestamp</th>
					<th>Details</th>
				</tr>
			</thead>
			<tbody>
				<tr class='log' status='pass'>
					<td class='status pass' title='pass' alt='pass'><i class='material-icons'>check_circle</i></td>
					<td class='timestamp'>3:55:45 PM</td>
					<td class='step-details'><span class='label white-text green'>user_Navigation_link_CheckTest Case Passsed</span></td>
				</tr>
			</tbody>
		</table>
	</div>
					</div>
				</li>
				
				
				<li class='test displayed active  pass' status='pass' bdd='false' test-id='26'>
					<div class='test-heading'>
						<span class='test-name'>CheckMainNavigationText</span>
						<span class='test-time'>Friday, March 20, 2020, 03:55 PM (IST)</span>
						<span class='test-status right pass'>pass</span>
					</div>
					<div class='test-content hide'>
<div class='test-time-info'>
	<span class='label start-time'>Friday, March 20, 2020, 03:55 PM (IST)</span>
	<span class='label end-time'>Friday, March 20, 2020, 03:55 PM (IST)</span>
	<span class='label time-taken grey lighten-1 white-text'>0h 0m 0s+1ms</span>
</div>
	<div class='test-desc'>This test validate to check spell of heading </div>
	<div class='test-steps'>
		<table class='bordered table-results'>
			<thead>
				<tr>
					<th>Status</th>
					<th>Timestamp</th>
					<th>Details</th>
				</tr>
			</thead>
			<tbody>
				<tr class='log' status='pass'>
					<td class='status pass' title='pass' alt='pass'><i class='material-icons'>check_circle</i></td>
					<td class='timestamp'>3:55:45 PM</td>
					<td class='step-details'><span class='label white-text green'>oprators_Navigation_link_CheckTest Case Passsed</span></td>
				</tr>
			</tbody>
		</table>
	</div>
					</div>
				</li>
				
				
				<li class='test displayed active  pass' status='pass' bdd='false' test-id='27'>
					<div class='test-heading'>
						<span class='test-name'>CheckMainNavigationText</span>
						<span class='test-time'>Friday, March 20, 2020, 03:55 PM (IST)</span>
						<span class='test-status right pass'>pass</span>
					</div>
					<div class='test-content hide'>
<div class='test-time-info'>
	<span class='label start-time'>Friday, March 20, 2020, 03:55 PM (IST)</span>
	<span class='label end-time'>Friday, March 20, 2020, 03:55 PM (IST)</span>
	<span class='label time-taken grey lighten-1 white-text'>0h 0m 0s+1ms</span>
</div>
	<div class='test-desc'>This test validate to check spell of heading </div>
	<div class='test-steps'>
		<table class='bordered table-results'>
			<thead>
				<tr>
					<th>Status</th>
					<th>Timestamp</th>
					<th>Details</th>
				</tr>
			</thead>
			<tbody>
				<tr class='log' status='pass'>
					<td class='status pass' title='pass' alt='pass'><i class='material-icons'>check_circle</i></td>
					<td class='timestamp'>3:55:45 PM</td>
					<td class='step-details'><span class='label white-text green'>usefulLinks_navigation_link_CheckTest Case Passsed</span></td>
				</tr>
			</tbody>
		</table>
	</div>
					</div>
				</li>
				
				
				<li class='test displayed active  pass' status='pass' bdd='false' test-id='28'>
					<div class='test-heading'>
						<span class='test-name'>CheckMainNavigationText</span>
						<span class='test-time'>Friday, March 20, 2020, 03:55 PM (IST)</span>
						<span class='test-status right pass'>pass</span>
					</div>
					<div class='test-content hide'>
<div class='test-time-info'>
	<span class='label start-time'>Friday, March 20, 2020, 03:55 PM (IST)</span>
	<span class='label end-time'>Friday, March 20, 2020, 03:55 PM (IST)</span>
	<span class='label time-taken grey lighten-1 white-text'>0h 0m 0s+1ms</span>
</div>
	<div class='test-desc'>This test validate to check spell of heading </div>
	<div class='test-steps'>
		<table class='bordered table-results'>
			<thead>
				<tr>
					<th>Status</th>
					<th>Timestamp</th>
					<th>Details</th>
				</tr>
			</thead>
			<tbody>
				<tr class='log' status='pass'>
					<td class='status pass' title='pass' alt='pass'><i class='material-icons'>check_circle</i></td>
					<td class='timestamp'>3:55:45 PM</td>
					<td class='step-details'><span class='label white-text green'>downloads_Navigation_link_CheckTest Case Passsed</span></td>
				</tr>
			</tbody>
		</table>
	</div>
					</div>
				</li>
				
				
				<li class='test displayed active  pass' status='pass' bdd='false' test-id='29'>
					<div class='test-heading'>
						<span class='test-name'>CheckMainNavigationText</span>
						<span class='test-time'>Friday, March 20, 2020, 03:55 PM (IST)</span>
						<span class='test-status right pass'>pass</span>
					</div>
					<div class='test-content hide'>
<div class='test-time-info'>
	<span class='label start-time'>Friday, March 20, 2020, 03:55 PM (IST)</span>
	<span class='label end-time'>Friday, March 20, 2020, 03:55 PM (IST)</span>
	<span class='label time-taken grey lighten-1 white-text'>0h 0m 0s+3ms</span>
</div>
	<div class='test-desc'>This test validate to check spell of heading </div>
	<div class='test-steps'>
		<table class='bordered table-results'>
			<thead>
				<tr>
					<th>Status</th>
					<th>Timestamp</th>
					<th>Details</th>
				</tr>
			</thead>
			<tbody>
				<tr class='log' status='pass'>
					<td class='status pass' title='pass' alt='pass'><i class='material-icons'>check_circle</i></td>
					<td class='timestamp'>3:55:45 PM</td>
					<td class='step-details'><span class='label white-text green'>sidebar_Menu_Navigations_CountTest Case Passsed</span></td>
				</tr>
			</tbody>
		</table>
	</div>
					</div>
				</li>
				
				
				<li class='test displayed active  pass' status='pass' bdd='false' test-id='30'>
					<div class='test-heading'>
						<span class='test-name'>CheckMainNavigationText</span>
						<span class='test-time'>Friday, March 20, 2020, 03:55 PM (IST)</span>
						<span class='test-status right pass'>pass</span>
					</div>
					<div class='test-content hide'>
<div class='test-time-info'>
	<span class='label start-time'>Friday, March 20, 2020, 03:55 PM (IST)</span>
	<span class='label end-time'>Friday, March 20, 2020, 03:55 PM (IST)</span>
	<span class='label time-taken grey lighten-1 white-text'>0h 0m 0s+1ms</span>
</div>
	<div class='test-desc'>This test validate to check spell of heading </div>
	<div class='test-steps'>
		<table class='bordered table-results'>
			<thead>
				<tr>
					<th>Status</th>
					<th>Timestamp</th>
					<th>Details</th>
				</tr>
			</thead>
			<tbody>
				<tr class='log' status='pass'>
					<td class='status pass' title='pass' alt='pass'><i class='material-icons'>check_circle</i></td>
					<td class='timestamp'>3:55:45 PM</td>
					<td class='step-details'><span class='label white-text green'>User_Navigation_isdisplayed_CheckTest Case Passsed</span></td>
				</tr>
			</tbody>
		</table>
	</div>
					</div>
				</li>
				
				
				<li class='test displayed active  pass' status='pass' bdd='false' test-id='31'>
					<div class='test-heading'>
						<span class='test-name'>CheckMainNavigationText</span>
						<span class='test-time'>Friday, March 20, 2020, 03:55 PM (IST)</span>
						<span class='test-status right pass'>pass</span>
					</div>
					<div class='test-content hide'>
<div class='test-time-info'>
	<span class='label start-time'>Friday, March 20, 2020, 03:55 PM (IST)</span>
	<span class='label end-time'>Friday, March 20, 2020, 03:55 PM (IST)</span>
	<span class='label time-taken grey lighten-1 white-text'>0h 0m 0s+1ms</span>
</div>
	<div class='test-desc'>This test validate to check spell of heading </div>
	<div class='test-steps'>
		<table class='bordered table-results'>
			<thead>
				<tr>
					<th>Status</th>
					<th>Timestamp</th>
					<th>Details</th>
				</tr>
			</thead>
			<tbody>
				<tr class='log' status='pass'>
					<td class='status pass' title='pass' alt='pass'><i class='material-icons'>check_circle</i></td>
					<td class='timestamp'>3:55:45 PM</td>
					<td class='step-details'><span class='label white-text green'>operators_Navigation_isdisplayedTest Case Passsed</span></td>
				</tr>
			</tbody>
		</table>
	</div>
					</div>
				</li>
				
				
				<li class='test displayed active  pass' status='pass' bdd='false' test-id='32'>
					<div class='test-heading'>
						<span class='test-name'>CheckMainNavigationText</span>
						<span class='test-time'>Friday, March 20, 2020, 03:55 PM (IST)</span>
						<span class='test-status right pass'>pass</span>
					</div>
					<div class='test-content hide'>
<div class='test-time-info'>
	<span class='label start-time'>Friday, March 20, 2020, 03:55 PM (IST)</span>
	<span class='label end-time'>Friday, March 20, 2020, 03:55 PM (IST)</span>
	<span class='label time-taken grey lighten-1 white-text'>0h 0m 0s+1ms</span>
</div>
	<div class='test-desc'>This test validate to check spell of heading </div>
	<div class='test-steps'>
		<table class='bordered table-results'>
			<thead>
				<tr>
					<th>Status</th>
					<th>Timestamp</th>
					<th>Details</th>
				</tr>
			</thead>
			<tbody>
				<tr class='log' status='pass'>
					<td class='status pass' title='pass' alt='pass'><i class='material-icons'>check_circle</i></td>
					<td class='timestamp'>3:55:45 PM</td>
					<td class='step-details'><span class='label white-text green'>usefullinks_Navaigation_isdisplayedTest Case Passsed</span></td>
				</tr>
			</tbody>
		</table>
	</div>
					</div>
				</li>
				
				
				<li class='test displayed active  pass' status='pass' bdd='false' test-id='33'>
					<div class='test-heading'>
						<span class='test-name'>CheckMainNavigationText</span>
						<span class='test-time'>Friday, March 20, 2020, 03:55 PM (IST)</span>
						<span class='test-status right pass'>pass</span>
					</div>
					<div class='test-content hide'>
<div class='test-time-info'>
	<span class='label start-time'>Friday, March 20, 2020, 03:55 PM (IST)</span>
	<span class='label end-time'>Friday, March 20, 2020, 03:55 PM (IST)</span>
	<span class='label time-taken grey lighten-1 white-text'>0h 0m 0s+1ms</span>
</div>
	<div class='test-desc'>This test validate to check spell of heading </div>
	<div class='test-steps'>
		<table class='bordered table-results'>
			<thead>
				<tr>
					<th>Status</th>
					<th>Timestamp</th>
					<th>Details</th>
				</tr>
			</thead>
			<tbody>
				<tr class='log' status='pass'>
					<td class='status pass' title='pass' alt='pass'><i class='material-icons'>check_circle</i></td>
					<td class='timestamp'>3:55:45 PM</td>
					<td class='step-details'><span class='label white-text green'>downloads_navigation_isdisplayedTest Case Passsed</span></td>
				</tr>
			</tbody>
		</table>
	</div>
					</div>
				</li>
				
				
				<li class='test displayed active  pass' status='pass' bdd='false' test-id='34'>
					<div class='test-heading'>
						<span class='test-name'>CheckMainNavigationText</span>
						<span class='test-time'>Friday, March 20, 2020, 03:55 PM (IST)</span>
						<span class='test-status right pass'>pass</span>
					</div>
					<div class='test-content hide'>
<div class='test-time-info'>
	<span class='label start-time'>Friday, March 20, 2020, 03:55 PM (IST)</span>
	<span class='label end-time'>Friday, March 20, 2020, 03:55 PM (IST)</span>
	<span class='label time-taken grey lighten-1 white-text'>0h 0m 0s+1ms</span>
</div>
	<div class='test-desc'>This test validate to check spell of heading </div>
	<div class='test-steps'>
		<table class='bordered table-results'>
			<thead>
				<tr>
					<th>Status</th>
					<th>Timestamp</th>
					<th>Details</th>
				</tr>
			</thead>
			<tbody>
				<tr class='log' status='pass'>
					<td class='status pass' title='pass' alt='pass'><i class='material-icons'>check_circle</i></td>
					<td class='timestamp'>3:55:45 PM</td>
					<td class='step-details'><span class='label white-text green'>logouttabisdisplayedTest Case Passsed</span></td>
				</tr>
			</tbody>
		</table>
	</div>
					</div>
				</li>
				
				
				<li class='test displayed active  fail' status='fail' bdd='false' test-id='35'>
					<div class='test-heading'>
						<span class='test-name'>CheckMainNavigationText</span>
						<span class='test-time'>Friday, March 20, 2020, 03:55 PM (IST)</span>
						<span class='test-status right fail'>fail</span>
					</div>
					<div class='test-content hide'>
<div class='test-time-info'>
	<span class='label start-time'>Friday, March 20, 2020, 03:55 PM (IST)</span>
	<span class='label end-time'>Friday, March 20, 2020, 03:55 PM (IST)</span>
	<span class='label time-taken grey lighten-1 white-text'>0h 0m 1s+932ms</span>
</div>
	<div class='test-desc'>This test validate to check spell of heading </div>
	<div class='test-steps'>
		<table class='bordered table-results'>
			<thead>
				<tr>
					<th>Status</th>
					<th>Timestamp</th>
					<th>Details</th>
				</tr>
			</thead>
			<tbody>
				<tr class='log' status='pass'>
					<td class='status pass' title='pass' alt='pass'><i class='material-icons'>check_circle</i></td>
					<td class='timestamp'>3:55:45 PM</td>
					<td class='step-details'><span class='label white-text green'>moveover_Dashboard_BgcolorTest Case Passsed</span></td>
				</tr>
				<tr class='log' status='fail'>
					<td class='status fail' title='fail' alt='fail'><i class='material-icons'>cancel</i></td>
					<td class='timestamp'>3:55:45 PM</td>
					<td class='step-details'><span class='label white-text red'>moveover_User_Bgcolor Test Case Failed </span></td>
				</tr>
				<tr class='log' status='fail'>
					<td class='status fail' title='fail' alt='fail'><i class='material-icons'>cancel</i></td>
					<td class='timestamp'>3:55:45 PM</td>
					<td class='step-details'><pre>java.lang.AssertionError: expected [rgba(30, 40, 44, 1)] but found [rgb(30, 40, 44)]
	at org.testng.Assert.fail(Assert.java:94)
	at org.testng.Assert.failNotEquals(Assert.java:513)
	at org.testng.Assert.assertEqualsImpl(Assert.java:135)
	at org.testng.Assert.assertEquals(Assert.java:116)
	at org.testng.Assert.assertEquals(Assert.java:190)
	at org.testng.Assert.assertEquals(Assert.java:200)
	at com.jbk.owp.test.DashboardPageTest.moveover_User_Bgcolor(DashboardPageTest.java:205)
	at sun.reflect.NativeMethodAccessorImpl.invoke0(Native Method)
	at sun.reflect.NativeMethodAccessorImpl.invoke(NativeMethodAccessorImpl.java:62)
	at sun.reflect.DelegatingMethodAccessorImpl.invoke(DelegatingMethodAccessorImpl.java:43)
	at java.lang.reflect.Method.invoke(Method.java:498)
	at org.testng.internal.MethodInvocationHelper.invokeMethod(MethodInvocationHelper.java:86)
	at org.testng.internal.Invoker.invokeMethod(Invoker.java:643)
	at org.testng.internal.Invoker.invokeTestMethod(Invoker.java:820)
	at org.testng.internal.Invoker.invokeTestMethods(Invoker.java:1128)
	at org.testng.internal.TestMethodWorker.invokeTestMethods(TestMethodWorker.java:129)
	at org.testng.internal.TestMethodWorker.run(TestMethodWorker.java:112)
	at org.testng.TestRunner.privateRun(TestRunner.java:782)
	at org.testng.TestRunner.run(TestRunner.java:632)
	at org.testng.SuiteRunner.runTest(SuiteRunner.java:366)
	at org.testng.SuiteRunner.runSequentially(SuiteRunner.java:361)
	at org.testng.SuiteRunner.privateRun(SuiteRunner.java:319)
	at org.testng.SuiteRunner.run(SuiteRunner.java:268)
	at org.testng.SuiteRunnerWorker.runSuite(SuiteRunnerWorker.java:52)
	at org.testng.SuiteRunnerWorker.run(SuiteRunnerWorker.java:86)
	at org.testng.TestNG.runSuitesSequentially(TestNG.java:1244)
	at org.testng.TestNG.runSuitesLocally(TestNG.java:1169)
	at org.testng.TestNG.run(TestNG.java:1064)
	at org.testng.remote.AbstractRemoteTestNG.run(AbstractRemoteTestNG.java:132)
	at org.testng.remote.RemoteTestNG.initAndRun(RemoteTestNG.java:236)
	at org.testng.remote.RemoteTestNG.main(RemoteTestNG.java:81)
</pre></td>
				</tr>
				<tr class='log' status='fail'>
					<td class='status fail' title='fail' alt='fail'><i class='material-icons'>cancel</i></td>
					<td class='timestamp'>3:55:46 PM</td>
					<td class='step-details'><span class='label white-text red'>moveover_Oprators_Bgcolor Test Case Failed </span></td>
				</tr>
				<tr class='log' status='fail'>
					<td class='status fail' title='fail' alt='fail'><i class='material-icons'>cancel</i></td>
					<td class='timestamp'>3:55:46 PM</td>
					<td class='step-details'><pre>java.lang.AssertionError: expected [rgba(30, 40, 44, 1)] but found [rgb(30, 40, 44)]
	at org.testng.Assert.fail(Assert.java:94)
	at org.testng.Assert.failNotEquals(Assert.java:513)
	at org.testng.Assert.assertEqualsImpl(Assert.java:135)
	at org.testng.Assert.assertEquals(Assert.java:116)
	at org.testng.Assert.assertEquals(Assert.java:190)
	at org.testng.Assert.assertEquals(Assert.java:200)
	at com.jbk.owp.test.DashboardPageTest.moveover_Oprators_Bgcolor(DashboardPageTest.java:218)
	at sun.reflect.NativeMethodAccessorImpl.invoke0(Native Method)
	at sun.reflect.NativeMethodAccessorImpl.invoke(NativeMethodAccessorImpl.java:62)
	at sun.reflect.DelegatingMethodAccessorImpl.invoke(DelegatingMethodAccessorImpl.java:43)
	at java.lang.reflect.Method.invoke(Method.java:498)
	at org.testng.internal.MethodInvocationHelper.invokeMethod(MethodInvocationHelper.java:86)
	at org.testng.internal.Invoker.invokeMethod(Invoker.java:643)
	at org.testng.internal.Invoker.invokeTestMethod(Invoker.java:820)
	at org.testng.internal.Invoker.invokeTestMethods(Invoker.java:1128)
	at org.testng.internal.TestMethodWorker.invokeTestMethods(TestMethodWorker.java:129)
	at org.testng.internal.TestMethodWorker.run(TestMethodWorker.java:112)
	at org.testng.TestRunner.privateRun(TestRunner.java:782)
	at org.testng.TestRunner.run(TestRunner.java:632)
	at org.testng.SuiteRunner.runTest(SuiteRunner.java:366)
	at org.testng.SuiteRunner.runSequentially(SuiteRunner.java:361)
	at org.testng.SuiteRunner.privateRun(SuiteRunner.java:319)
	at org.testng.SuiteRunner.run(SuiteRunner.java:268)
	at org.testng.SuiteRunnerWorker.runSuite(SuiteRunnerWorker.java:52)
	at org.testng.SuiteRunnerWorker.run(SuiteRunnerWorker.java:86)
	at org.testng.TestNG.runSuitesSequentially(TestNG.java:1244)
	at org.testng.TestNG.runSuitesLocally(TestNG.java:1169)
	at org.testng.TestNG.run(TestNG.java:1064)
	at org.testng.remote.AbstractRemoteTestNG.run(AbstractRemoteTestNG.java:132)
	at org.testng.remote.RemoteTestNG.initAndRun(RemoteTestNG.java:236)
	at org.testng.remote.RemoteTestNG.main(RemoteTestNG.java:81)
</pre></td>
				</tr>
				<tr class='log' status='fail'>
					<td class='status fail' title='fail' alt='fail'><i class='material-icons'>cancel</i></td>
					<td class='timestamp'>3:55:46 PM</td>
					<td class='step-details'><span class='label white-text red'>moveover_UsefulLinks_Bgcolor Test Case Failed </span></td>
				</tr>
				<tr class='log' status='fail'>
					<td class='status fail' title='fail' alt='fail'><i class='material-icons'>cancel</i></td>
					<td class='timestamp'>3:55:46 PM</td>
					<td class='step-details'><pre>java.lang.AssertionError: expected [rgba(30, 40, 44, 1)] but found [rgb(30, 40, 44)]
	at org.testng.Assert.fail(Assert.java:94)
	at org.testng.Assert.failNotEquals(Assert.java:513)
	at org.testng.Assert.assertEqualsImpl(Assert.java:135)
	at org.testng.Assert.assertEquals(Assert.java:116)
	at org.testng.Assert.assertEquals(Assert.java:190)
	at org.testng.Assert.assertEquals(Assert.java:200)
	at com.jbk.owp.test.DashboardPageTest.moveover_UsefulLinks_Bgcolor(DashboardPageTest.java:231)
	at sun.reflect.NativeMethodAccessorImpl.invoke0(Native Method)
	at sun.reflect.NativeMethodAccessorImpl.invoke(NativeMethodAccessorImpl.java:62)
	at sun.reflect.DelegatingMethodAccessorImpl.invoke(DelegatingMethodAccessorImpl.java:43)
	at java.lang.reflect.Method.invoke(Method.java:498)
	at org.testng.internal.MethodInvocationHelper.invokeMethod(MethodInvocationHelper.java:86)
	at org.testng.internal.Invoker.invokeMethod(Invoker.java:643)
	at org.testng.internal.Invoker.invokeTestMethod(Invoker.java:820)
	at org.testng.internal.Invoker.invokeTestMethods(Invoker.java:1128)
	at org.testng.internal.TestMethodWorker.invokeTestMethods(TestMethodWorker.java:129)
	at org.testng.internal.TestMethodWorker.run(TestMethodWorker.java:112)
	at org.testng.TestRunner.privateRun(TestRunner.java:782)
	at org.testng.TestRunner.run(TestRunner.java:632)
	at org.testng.SuiteRunner.runTest(SuiteRunner.java:366)
	at org.testng.SuiteRunner.runSequentially(SuiteRunner.java:361)
	at org.testng.SuiteRunner.privateRun(SuiteRunner.java:319)
	at org.testng.SuiteRunner.run(SuiteRunner.java:268)
	at org.testng.SuiteRunnerWorker.runSuite(SuiteRunnerWorker.java:52)
	at org.testng.SuiteRunnerWorker.run(SuiteRunnerWorker.java:86)
	at org.testng.TestNG.runSuitesSequentially(TestNG.java:1244)
	at org.testng.TestNG.runSuitesLocally(TestNG.java:1169)
	at org.testng.TestNG.run(TestNG.java:1064)
	at org.testng.remote.AbstractRemoteTestNG.run(AbstractRemoteTestNG.java:132)
	at org.testng.remote.RemoteTestNG.initAndRun(RemoteTestNG.java:236)
	at org.testng.remote.RemoteTestNG.main(RemoteTestNG.java:81)
</pre></td>
				</tr>
				<tr class='log' status='fail'>
					<td class='status fail' title='fail' alt='fail'><i class='material-icons'>cancel</i></td>
					<td class='timestamp'>3:55:47 PM</td>
					<td class='step-details'><span class='label white-text red'>moveover_downloads_Bgcolor Test Case Failed </span></td>
				</tr>
				<tr class='log' status='fail'>
					<td class='status fail' title='fail' alt='fail'><i class='material-icons'>cancel</i></td>
					<td class='timestamp'>3:55:47 PM</td>
					<td class='step-details'><pre>java.lang.AssertionError: expected [rgba(30, 40, 44, 1)] but found [rgb(30, 40, 44)]
	at org.testng.Assert.fail(Assert.java:94)
	at org.testng.Assert.failNotEquals(Assert.java:513)
	at org.testng.Assert.assertEqualsImpl(Assert.java:135)
	at org.testng.Assert.assertEquals(Assert.java:116)
	at org.testng.Assert.assertEquals(Assert.java:190)
	at org.testng.Assert.assertEquals(Assert.java:200)
	at com.jbk.owp.test.DashboardPageTest.moveover_downloads_Bgcolor(DashboardPageTest.java:243)
	at sun.reflect.NativeMethodAccessorImpl.invoke0(Native Method)
	at sun.reflect.NativeMethodAccessorImpl.invoke(NativeMethodAccessorImpl.java:62)
	at sun.reflect.DelegatingMethodAccessorImpl.invoke(DelegatingMethodAccessorImpl.java:43)
	at java.lang.reflect.Method.invoke(Method.java:498)
	at org.testng.internal.MethodInvocationHelper.invokeMethod(MethodInvocationHelper.java:86)
	at org.testng.internal.Invoker.invokeMethod(Invoker.java:643)
	at org.testng.internal.Invoker.invokeTestMethod(Invoker.java:820)
	at org.testng.internal.Invoker.invokeTestMethods(Invoker.java:1128)
	at org.testng.internal.TestMethodWorker.invokeTestMethods(TestMethodWorker.java:129)
	at org.testng.internal.TestMethodWorker.run(TestMethodWorker.java:112)
	at org.testng.TestRunner.privateRun(TestRunner.java:782)
	at org.testng.TestRunner.run(TestRunner.java:632)
	at org.testng.SuiteRunner.runTest(SuiteRunner.java:366)
	at org.testng.SuiteRunner.runSequentially(SuiteRunner.java:361)
	at org.testng.SuiteRunner.privateRun(SuiteRunner.java:319)
	at org.testng.SuiteRunner.run(SuiteRunner.java:268)
	at org.testng.SuiteRunnerWorker.runSuite(SuiteRunnerWorker.java:52)
	at org.testng.SuiteRunnerWorker.run(SuiteRunnerWorker.java:86)
	at org.testng.TestNG.runSuitesSequentially(TestNG.java:1244)
	at org.testng.TestNG.runSuitesLocally(TestNG.java:1169)
	at org.testng.TestNG.run(TestNG.java:1064)
	at org.testng.remote.AbstractRemoteTestNG.run(AbstractRemoteTestNG.java:132)
	at org.testng.remote.RemoteTestNG.initAndRun(RemoteTestNG.java:236)
	at org.testng.remote.RemoteTestNG.main(RemoteTestNG.java:81)
</pre></td>
				</tr>
				<tr class='log' status='fail'>
					<td class='status fail' title='fail' alt='fail'><i class='material-icons'>cancel</i></td>
					<td class='timestamp'>3:55:47 PM</td>
					<td class='step-details'><span class='label white-text red'>moveover_Logout_Bgcolor Test Case Failed </span></td>
				</tr>
				<tr class='log' status='fail'>
					<td class='status fail' title='fail' alt='fail'><i class='material-icons'>cancel</i></td>
					<td class='timestamp'>3:55:47 PM</td>
					<td class='step-details'><pre>java.lang.AssertionError: expected [rgba(0, 0, 0, 0.1)] but found [rgba(0, 0, 0, 0)]
	at org.testng.Assert.fail(Assert.java:94)
	at org.testng.Assert.failNotEquals(Assert.java:513)
	at org.testng.Assert.assertEqualsImpl(Assert.java:135)
	at org.testng.Assert.assertEquals(Assert.java:116)
	at org.testng.Assert.assertEquals(Assert.java:190)
	at org.testng.Assert.assertEquals(Assert.java:200)
	at com.jbk.owp.test.DashboardPageTest.moveover_Logout_Bgcolor(DashboardPageTest.java:255)
	at sun.reflect.NativeMethodAccessorImpl.invoke0(Native Method)
	at sun.reflect.NativeMethodAccessorImpl.invoke(NativeMethodAccessorImpl.java:62)
	at sun.reflect.DelegatingMethodAccessorImpl.invoke(DelegatingMethodAccessorImpl.java:43)
	at java.lang.reflect.Method.invoke(Method.java:498)
	at org.testng.internal.MethodInvocationHelper.invokeMethod(MethodInvocationHelper.java:86)
	at org.testng.internal.Invoker.invokeMethod(Invoker.java:643)
	at org.testng.internal.Invoker.invokeTestMethod(Invoker.java:820)
	at org.testng.internal.Invoker.invokeTestMethods(Invoker.java:1128)
	at org.testng.internal.TestMethodWorker.invokeTestMethods(TestMethodWorker.java:129)
	at org.testng.internal.TestMethodWorker.run(TestMethodWorker.java:112)
	at org.testng.TestRunner.privateRun(TestRunner.java:782)
	at org.testng.TestRunner.run(TestRunner.java:632)
	at org.testng.SuiteRunner.runTest(SuiteRunner.java:366)
	at org.testng.SuiteRunner.runSequentially(SuiteRunner.java:361)
	at org.testng.SuiteRunner.privateRun(SuiteRunner.java:319)
	at org.testng.SuiteRunner.run(SuiteRunner.java:268)
	at org.testng.SuiteRunnerWorker.runSuite(SuiteRunnerWorker.java:52)
	at org.testng.SuiteRunnerWorker.run(SuiteRunnerWorker.java:86)
	at org.testng.TestNG.runSuitesSequentially(TestNG.java:1244)
	at org.testng.TestNG.runSuitesLocally(TestNG.java:1169)
	at org.testng.TestNG.run(TestNG.java:1064)
	at org.testng.remote.AbstractRemoteTestNG.run(AbstractRemoteTestNG.java:132)
	at org.testng.remote.RemoteTestNG.initAndRun(RemoteTestNG.java:236)
	at org.testng.remote.RemoteTestNG.main(RemoteTestNG.java:81)
</pre></td>
				</tr>
			</tbody>
		</table>
	</div>
							<ul class='screenshots'>
								<li><img data-featherlight='C:\Users\Subhash\git\jbkowp\jbkowp\Reports\2020_03_20_15_5443_OWPReport\Screenshots\moveover_User_Bgcolor_Fail.png' width='10%' src='C:\Users\Subhash\git\jbkowp\jbkowp\Reports\2020_03_20_15_5443_OWPReport\Screenshots\moveover_User_Bgcolor_Fail.png' data-src='C:\Users\Subhash\git\jbkowp\jbkowp\Reports\2020_03_20_15_5443_OWPReport\Screenshots\moveover_User_Bgcolor_Fail.png'></li>
								<li><img data-featherlight='C:\Users\Subhash\git\jbkowp\jbkowp\Reports\2020_03_20_15_5443_OWPReport\Screenshots\moveover_Oprators_Bgcolor_Fail.png' width='10%' src='C:\Users\Subhash\git\jbkowp\jbkowp\Reports\2020_03_20_15_5443_OWPReport\Screenshots\moveover_Oprators_Bgcolor_Fail.png' data-src='C:\Users\Subhash\git\jbkowp\jbkowp\Reports\2020_03_20_15_5443_OWPReport\Screenshots\moveover_Oprators_Bgcolor_Fail.png'></li>
								<li><img data-featherlight='C:\Users\Subhash\git\jbkowp\jbkowp\Reports\2020_03_20_15_5443_OWPReport\Screenshots\moveover_UsefulLinks_Bgcolor_Fail.png' width='10%' src='C:\Users\Subhash\git\jbkowp\jbkowp\Reports\2020_03_20_15_5443_OWPReport\Screenshots\moveover_UsefulLinks_Bgcolor_Fail.png' data-src='C:\Users\Subhash\git\jbkowp\jbkowp\Reports\2020_03_20_15_5443_OWPReport\Screenshots\moveover_UsefulLinks_Bgcolor_Fail.png'></li>
								<li><img data-featherlight='C:\Users\Subhash\git\jbkowp\jbkowp\Reports\2020_03_20_15_5443_OWPReport\Screenshots\moveover_downloads_Bgcolor_Fail.png' width='10%' src='C:\Users\Subhash\git\jbkowp\jbkowp\Reports\2020_03_20_15_5443_OWPReport\Screenshots\moveover_downloads_Bgcolor_Fail.png' data-src='C:\Users\Subhash\git\jbkowp\jbkowp\Reports\2020_03_20_15_5443_OWPReport\Screenshots\moveover_downloads_Bgcolor_Fail.png'></li>
								<li><img data-featherlight='C:\Users\Subhash\git\jbkowp\jbkowp\Reports\2020_03_20_15_5443_OWPReport\Screenshots\moveover_Logout_Bgcolor_Fail.png' width='10%' src='C:\Users\Subhash\git\jbkowp\jbkowp\Reports\2020_03_20_15_5443_OWPReport\Screenshots\moveover_Logout_Bgcolor_Fail.png' data-src='C:\Users\Subhash\git\jbkowp\jbkowp\Reports\2020_03_20_15_5443_OWPReport\Screenshots\moveover_Logout_Bgcolor_Fail.png'></li>
							</ul>
					</div>
				</li>
				
				
				<li class='test displayed active  pass' status='pass' bdd='false' test-id='36'>
					<div class='test-heading'>
						<span class='test-name'>CheckMainNavigationText</span>
						<span class='test-time'>Friday, March 20, 2020, 03:55 PM (IST)</span>
						<span class='test-status right pass'>pass</span>
					</div>
					<div class='test-content hide'>
<div class='test-time-info'>
	<span class='label start-time'>Friday, March 20, 2020, 03:55 PM (IST)</span>
	<span class='label end-time'>Friday, March 20, 2020, 03:55 PM (IST)</span>
	<span class='label time-taken grey lighten-1 white-text'>0h 0m 0s+1ms</span>
</div>
	<div class='test-desc'>This test validate to check spell of heading </div>
	<div class='test-steps'>
		<table class='bordered table-results'>
			<thead>
				<tr>
					<th>Status</th>
					<th>Timestamp</th>
					<th>Details</th>
				</tr>
			</thead>
			<tbody>
				<tr class='log' status='pass'>
					<td class='status pass' title='pass' alt='pass'><i class='material-icons'>check_circle</i></td>
					<td class='timestamp'>3:55:48 PM</td>
					<td class='step-details'><span class='label white-text green'>jbk_Main_Heading_Spell_checkTest Case Passsed</span></td>
				</tr>
			</tbody>
		</table>
	</div>
					</div>
				</li>
				
				
				<li class='test displayed active  pass' status='pass' bdd='false' test-id='37'>
					<div class='test-heading'>
						<span class='test-name'>CheckMainNavigationText</span>
						<span class='test-time'>Friday, March 20, 2020, 03:55 PM (IST)</span>
						<span class='test-status right pass'>pass</span>
					</div>
					<div class='test-content hide'>
<div class='test-time-info'>
	<span class='label start-time'>Friday, March 20, 2020, 03:55 PM (IST)</span>
	<span class='label end-time'>Friday, March 20, 2020, 03:55 PM (IST)</span>
	<span class='label time-taken grey lighten-1 white-text'>0h 0m 0s+2ms</span>
</div>
	<div class='test-desc'>This test validate to check spell of heading </div>
	<div class='test-steps'>
		<table class='bordered table-results'>
			<thead>
				<tr>
					<th>Status</th>
					<th>Timestamp</th>
					<th>Details</th>
				</tr>
			</thead>
			<tbody>
				<tr class='log' status='pass'>
					<td class='status pass' title='pass' alt='pass'><i class='material-icons'>check_circle</i></td>
					<td class='timestamp'>3:55:48 PM</td>
					<td class='step-details'><span class='label white-text green'>jbk_subHeading_linkTest Case Passsed</span></td>
				</tr>
			</tbody>
		</table>
	</div>
					</div>
				</li>
				
				
				<li class='test displayed active  pass' status='pass' bdd='false' test-id='38'>
					<div class='test-heading'>
						<span class='test-name'>CheckMainNavigationText</span>
						<span class='test-time'>Friday, March 20, 2020, 03:55 PM (IST)</span>
						<span class='test-status right pass'>pass</span>
					</div>
					<div class='test-content hide'>
<div class='test-time-info'>
	<span class='label start-time'>Friday, March 20, 2020, 03:55 PM (IST)</span>
	<span class='label end-time'>Friday, March 20, 2020, 03:55 PM (IST)</span>
	<span class='label time-taken grey lighten-1 white-text'>0h 0m 0s+1ms</span>
</div>
	<div class='test-desc'>This test validate to check spell of heading </div>
	<div class='test-steps'>
		<table class='bordered table-results'>
			<thead>
				<tr>
					<th>Status</th>
					<th>Timestamp</th>
					<th>Details</th>
				</tr>
			</thead>
			<tbody>
				<tr class='log' status='pass'>
					<td class='status pass' title='pass' alt='pass'><i class='material-icons'>check_circle</i></td>
					<td class='timestamp'>3:55:48 PM</td>
					<td class='step-details'><span class='label white-text green'>jbk_text_logo_isdisplayedTest Case Passsed</span></td>
				</tr>
			</tbody>
		</table>
	</div>
					</div>
				</li>
				
				
				<li class='test displayed active  pass' status='pass' bdd='false' test-id='39'>
					<div class='test-heading'>
						<span class='test-name'>CheckMainNavigationText</span>
						<span class='test-time'>Friday, March 20, 2020, 03:55 PM (IST)</span>
						<span class='test-status right pass'>pass</span>
					</div>
					<div class='test-content hide'>
<div class='test-time-info'>
	<span class='label start-time'>Friday, March 20, 2020, 03:55 PM (IST)</span>
	<span class='label end-time'>Friday, March 20, 2020, 03:55 PM (IST)</span>
	<span class='label time-taken grey lighten-1 white-text'>0h 0m 0s+1ms</span>
</div>
	<div class='test-desc'>This test validate to check spell of heading </div>
	<div class='test-steps'>
		<table class='bordered table-results'>
			<thead>
				<tr>
					<th>Status</th>
					<th>Timestamp</th>
					<th>Details</th>
				</tr>
			</thead>
			<tbody>
				<tr class='log' status='pass'>
					<td class='status pass' title='pass' alt='pass'><i class='material-icons'>check_circle</i></td>
					<td class='timestamp'>3:55:48 PM</td>
					<td class='step-details'><span class='label white-text green'>user_img_isdisplayedTest Case Passsed</span></td>
				</tr>
			</tbody>
		</table>
	</div>
					</div>
				</li>
				
				
				<li class='test displayed active  pass' status='pass' bdd='false' test-id='40'>
					<div class='test-heading'>
						<span class='test-name'>CheckMainNavigationText</span>
						<span class='test-time'>Friday, March 20, 2020, 03:55 PM (IST)</span>
						<span class='test-status right pass'>pass</span>
					</div>
					<div class='test-content hide'>
<div class='test-time-info'>
	<span class='label start-time'>Friday, March 20, 2020, 03:55 PM (IST)</span>
	<span class='label end-time'>Friday, March 20, 2020, 03:55 PM (IST)</span>
	<span class='label time-taken grey lighten-1 white-text'>0h 0m 0s+1ms</span>
</div>
	<div class='test-desc'>This test validate to check spell of heading </div>
	<div class='test-steps'>
		<table class='bordered table-results'>
			<thead>
				<tr>
					<th>Status</th>
					<th>Timestamp</th>
					<th>Details</th>
				</tr>
			</thead>
			<tbody>
				<tr class='log' status='pass'>
					<td class='status pass' title='pass' alt='pass'><i class='material-icons'>check_circle</i></td>
					<td class='timestamp'>3:55:48 PM</td>
					<td class='step-details'><span class='label white-text green'>dashboard_Main_Heading_SpellTest Case Passsed</span></td>
				</tr>
			</tbody>
		</table>
	</div>
					</div>
				</li>
				
				
				<li class='test displayed active  pass' status='pass' bdd='false' test-id='41'>
					<div class='test-heading'>
						<span class='test-name'>CheckMainNavigationText</span>
						<span class='test-time'>Friday, March 20, 2020, 03:55 PM (IST)</span>
						<span class='test-status right pass'>pass</span>
					</div>
					<div class='test-content hide'>
<div class='test-time-info'>
	<span class='label start-time'>Friday, March 20, 2020, 03:55 PM (IST)</span>
	<span class='label end-time'>Friday, March 20, 2020, 03:55 PM (IST)</span>
	<span class='label time-taken grey lighten-1 white-text'>0h 0m 0s+1ms</span>
</div>
	<div class='test-desc'>This test validate to check spell of heading </div>
	<div class='test-steps'>
		<table class='bordered table-results'>
			<thead>
				<tr>
					<th>Status</th>
					<th>Timestamp</th>
					<th>Details</th>
				</tr>
			</thead>
			<tbody>
				<tr class='log' status='pass'>
					<td class='status pass' title='pass' alt='pass'><i class='material-icons'>check_circle</i></td>
					<td class='timestamp'>3:55:48 PM</td>
					<td class='step-details'><span class='label white-text green'>dashboard_Fotter_SpellTest Case Passsed</span></td>
				</tr>
			</tbody>
		</table>
	</div>
					</div>
				</li>
				
				
				<li class='test displayed active  pass' status='pass' bdd='false' test-id='42'>
					<div class='test-heading'>
						<span class='test-name'>CheckMainNavigationText</span>
						<span class='test-time'>Friday, March 20, 2020, 03:55 PM (IST)</span>
						<span class='test-status right pass'>pass</span>
					</div>
					<div class='test-content hide'>
<div class='test-time-info'>
	<span class='label start-time'>Friday, March 20, 2020, 03:55 PM (IST)</span>
	<span class='label end-time'>Friday, March 20, 2020, 03:55 PM (IST)</span>
	<span class='label time-taken grey lighten-1 white-text'>0h 0m 0s+1ms</span>
</div>
	<div class='test-desc'>This test validate to check spell of heading </div>
	<div class='test-steps'>
		<table class='bordered table-results'>
			<thead>
				<tr>
					<th>Status</th>
					<th>Timestamp</th>
					<th>Details</th>
				</tr>
			</thead>
			<tbody>
				<tr class='log' status='pass'>
					<td class='status pass' title='pass' alt='pass'><i class='material-icons'>check_circle</i></td>
					<td class='timestamp'>3:55:48 PM</td>
					<td class='step-details'><span class='label white-text green'>pullright_Heading_spellTest Case Passsed</span></td>
				</tr>
			</tbody>
		</table>
	</div>
					</div>
				</li>
				
				
				<li class='test displayed active  pass' status='pass' bdd='false' test-id='43'>
					<div class='test-heading'>
						<span class='test-name'>CheckMainNavigationText</span>
						<span class='test-time'>Friday, March 20, 2020, 03:55 PM (IST)</span>
						<span class='test-status right pass'>pass</span>
					</div>
					<div class='test-content hide'>
<div class='test-time-info'>
	<span class='label start-time'>Friday, March 20, 2020, 03:55 PM (IST)</span>
	<span class='label end-time'>Friday, March 20, 2020, 03:55 PM (IST)</span>
	<span class='label time-taken grey lighten-1 white-text'>0h 0m 0s+1ms</span>
</div>
	<div class='test-desc'>This test validate to check spell of heading </div>
	<div class='test-steps'>
		<table class='bordered table-results'>
			<thead>
				<tr>
					<th>Status</th>
					<th>Timestamp</th>
					<th>Details</th>
				</tr>
			</thead>
			<tbody>
				<tr class='log' status='pass'>
					<td class='status pass' title='pass' alt='pass'><i class='material-icons'>check_circle</i></td>
					<td class='timestamp'>3:55:48 PM</td>
					<td class='step-details'><span class='label white-text green'>selenium_Course_SpellTest Case Passsed</span></td>
				</tr>
			</tbody>
		</table>
	</div>
					</div>
				</li>
				
				
				<li class='test displayed active  pass' status='pass' bdd='false' test-id='44'>
					<div class='test-heading'>
						<span class='test-name'>CheckMainNavigationText</span>
						<span class='test-time'>Friday, March 20, 2020, 03:55 PM (IST)</span>
						<span class='test-status right pass'>pass</span>
					</div>
					<div class='test-content hide'>
<div class='test-time-info'>
	<span class='label start-time'>Friday, March 20, 2020, 03:55 PM (IST)</span>
	<span class='label end-time'>Friday, March 20, 2020, 03:55 PM (IST)</span>
	<span class='label time-taken grey lighten-1 white-text'>0h 0m 0s+1ms</span>
</div>
	<div class='test-desc'>This test validate to check spel </div>
	<div class='test-steps'>
		<table class='bordered table-results'>
			<thead>
				<tr>
					<th>Status</th>
					<th>Timestamp</th>
					<th>Details</th>
				</tr>
			</thead>
			<tbody>
				<tr class='log' status='pass'>
					<td class='status pass' title='pass' alt='pass'><i class='material-icons'>check_circle</i></td>
					<td class='timestamp'>3:55:48 PM</td>
					<td class='step-details'><span class='label white-text green'>automationtest_spellTest Case Passsed</span></td>
				</tr>
			</tbody>
		</table>
	</div>
					</div>
				</li>
				
				
				<li class='test displayed active  pass' status='pass' bdd='false' test-id='45'>
					<div class='test-heading'>
						<span class='test-name'>verifyUserLink</span>
						<span class='test-time'>Friday, March 20, 2020, 03:55 PM (IST)</span>
						<span class='test-status right pass'>pass</span>
					</div>
					<div class='test-content hide'>
<div class='test-time-info'>
	<span class='label start-time'>Friday, March 20, 2020, 03:55 PM (IST)</span>
	<span class='label end-time'>Friday, March 20, 2020, 03:55 PM (IST)</span>
	<span class='label time-taken grey lighten-1 white-text'>0h 0m 0s+2ms</span>
</div>
	<div class='test-desc'>This test case validate to check User link from leftnavigation </div>
	<div class='test-steps'>
		<table class='bordered table-results'>
			<thead>
				<tr>
					<th>Status</th>
					<th>Timestamp</th>
					<th>Details</th>
				</tr>
			</thead>
			<tbody>
				<tr class='log' status='pass'>
					<td class='status pass' title='pass' alt='pass'><i class='material-icons'>check_circle</i></td>
					<td class='timestamp'>3:55:49 PM</td>
					<td class='step-details'><span class='label white-text green'>verifyUserLinkTest Case Passsed</span></td>
				</tr>
			</tbody>
		</table>
	</div>
					</div>
				</li>
				
				
				<li class='test displayed active  pass' status='pass' bdd='false' test-id='46'>
					<div class='test-heading'>
						<span class='test-name'>verifyOperatorslink</span>
						<span class='test-time'>Friday, March 20, 2020, 03:55 PM (IST)</span>
						<span class='test-status right pass'>pass</span>
					</div>
					<div class='test-content hide'>
<div class='test-time-info'>
	<span class='label start-time'>Friday, March 20, 2020, 03:55 PM (IST)</span>
	<span class='label end-time'>Friday, March 20, 2020, 03:55 PM (IST)</span>
	<span class='label time-taken grey lighten-1 white-text'>0h 0m 0s+1ms</span>
</div>
	<div class='test-desc'>This test case validate to check Operators link from leftnavigation </div>
	<div class='test-steps'>
		<table class='bordered table-results'>
			<thead>
				<tr>
					<th>Status</th>
					<th>Timestamp</th>
					<th>Details</th>
				</tr>
			</thead>
			<tbody>
				<tr class='log' status='pass'>
					<td class='status pass' title='pass' alt='pass'><i class='material-icons'>check_circle</i></td>
					<td class='timestamp'>3:55:49 PM</td>
					<td class='step-details'><span class='label white-text green'>verifyOperatorslinkTest Case Passsed</span></td>
				</tr>
			</tbody>
		</table>
	</div>
					</div>
				</li>
				
				
				<li class='test displayed active  pass' status='pass' bdd='false' test-id='47'>
					<div class='test-heading'>
						<span class='test-name'>verifyUsefullink</span>
						<span class='test-time'>Friday, March 20, 2020, 03:55 PM (IST)</span>
						<span class='test-status right pass'>pass</span>
					</div>
					<div class='test-content hide'>
<div class='test-time-info'>
	<span class='label start-time'>Friday, March 20, 2020, 03:55 PM (IST)</span>
	<span class='label end-time'>Friday, March 20, 2020, 03:55 PM (IST)</span>
	<span class='label time-taken grey lighten-1 white-text'>0h 0m 0s+0ms</span>
</div>
	<div class='test-desc'>This test case validate to check Useful link from leftnavigation </div>
	<div class='test-steps'>
		<table class='bordered table-results'>
			<thead>
				<tr>
					<th>Status</th>
					<th>Timestamp</th>
					<th>Details</th>
				</tr>
			</thead>
			<tbody>
				<tr class='log' status='pass'>
					<td class='status pass' title='pass' alt='pass'><i class='material-icons'>check_circle</i></td>
					<td class='timestamp'>3:55:49 PM</td>
					<td class='step-details'><span class='label white-text green'>verifyUsefulLinkTest Case Passsed</span></td>
				</tr>
			</tbody>
		</table>
	</div>
					</div>
				</li>
				
				
				<li class='test displayed active  pass' status='pass' bdd='false' test-id='48'>
					<div class='test-heading'>
						<span class='test-name'>verifyDownloadlink</span>
						<span class='test-time'>Friday, March 20, 2020, 03:55 PM (IST)</span>
						<span class='test-status right pass'>pass</span>
					</div>
					<div class='test-content hide'>
<div class='test-time-info'>
	<span class='label start-time'>Friday, March 20, 2020, 03:55 PM (IST)</span>
	<span class='label end-time'>Friday, March 20, 2020, 03:56 PM (IST)</span>
	<span class='label time-taken grey lighten-1 white-text'>0h 0m 25s+643ms</span>
</div>
	<div class='test-desc'>This test case validate to check Download link from leftnavigation </div>
	<div class='test-steps'>
		<table class='bordered table-results'>
			<thead>
				<tr>
					<th>Status</th>
					<th>Timestamp</th>
					<th>Details</th>
				</tr>
			</thead>
			<tbody>
				<tr class='log' status='pass'>
					<td class='status pass' title='pass' alt='pass'><i class='material-icons'>check_circle</i></td>
					<td class='timestamp'>3:55:50 PM</td>
					<td class='step-details'><span class='label white-text green'>verifyDownloadLinkTest Case Passsed</span></td>
				</tr>
				<tr class='log' status='pass'>
					<td class='status pass' title='pass' alt='pass'><i class='material-icons'>check_circle</i></td>
					<td class='timestamp'>3:56:13 PM</td>
					<td class='step-details'><span class='label white-text green'>getTableDataTest Case Passsed</span></td>
				</tr>
				<tr class='log' status='pass'>
					<td class='status pass' title='pass' alt='pass'><i class='material-icons'>check_circle</i></td>
					<td class='timestamp'>3:56:15 PM</td>
					<td class='step-details'><span class='label white-text green'>VerifyDeleteTest Case Passsed</span></td>
				</tr>
			</tbody>
		</table>
	</div>
					</div>
				</li>
				
				
				<li class='test displayed active  pass' status='pass' bdd='false' test-id='49'>
					<div class='test-heading'>
						<span class='test-name'>VerifTable count</span>
						<span class='test-time'>Friday, March 20, 2020, 03:55 PM (IST)</span>
						<span class='test-status right pass'>pass</span>
					</div>
					<div class='test-content hide'>
<div class='test-time-info'>
	<span class='label start-time'>Friday, March 20, 2020, 03:55 PM (IST)</span>
	<span class='label end-time'>Friday, March 20, 2020, 03:55 PM (IST)</span>
	<span class='label time-taken grey lighten-1 white-text'>0h 0m 0s+0ms</span>
</div>
	<div class='test-desc'>This test case validate to Table count </div>
					</div>
				</li>
				
				
				<li class='test displayed active  pass' status='pass' bdd='false' test-id='50'>
					<div class='test-heading'>
						<span class='test-name'>VerifyDelete</span>
						<span class='test-time'>Friday, March 20, 2020, 03:56 PM (IST)</span>
						<span class='test-status right pass'>pass</span>
					</div>
					<div class='test-content hide'>
<div class='test-time-info'>
	<span class='label start-time'>Friday, March 20, 2020, 03:56 PM (IST)</span>
	<span class='label end-time'>Friday, March 20, 2020, 03:56 PM (IST)</span>
	<span class='label time-taken grey lighten-1 white-text'>0h 0m 0s+0ms</span>
</div>
	<div class='test-desc'>This test case validate to check delete functionality </div>
					</div>
				</li>
				
				
				<li class='test displayed active  pass' status='pass' bdd='false' test-id='51'>
					<div class='test-heading'>
						<span class='test-name'>verifyAdduser</span>
						<span class='test-time'>Friday, March 20, 2020, 03:56 PM (IST)</span>
						<span class='test-status right pass'>pass</span>
					</div>
					<div class='test-content hide'>
<div class='test-time-info'>
	<span class='label start-time'>Friday, March 20, 2020, 03:56 PM (IST)</span>
	<span class='label end-time'>Friday, March 20, 2020, 03:56 PM (IST)</span>
	<span class='label time-taken grey lighten-1 white-text'>0h 0m 0s+0ms</span>
</div>
	<div class='test-desc'>This test case validate to check add user functionality with blnk info </div>
					</div>
				</li>
				
				
				<li class='test displayed active  pass' status='pass' bdd='false' test-id='52'>
					<div class='test-heading'>
						<span class='test-name'>LoginwithValidInfo</span>
						<span class='test-time'>Friday, March 20, 2020, 03:56 PM (IST)</span>
						<span class='test-status right pass'>pass</span>
					</div>
					<div class='test-content hide'>
<div class='test-time-info'>
	<span class='label start-time'>Friday, March 20, 2020, 03:56 PM (IST)</span>
	<span class='label end-time'>Friday, March 20, 2020, 03:56 PM (IST)</span>
	<span class='label time-taken grey lighten-1 white-text'>0h 0m 0s+1ms</span>
</div>
	<div class='test-desc'>This test case validate to check login functionality with valid info </div>
	<div class='test-steps'>
		<table class='bordered table-results'>
			<thead>
				<tr>
					<th>Status</th>
					<th>Timestamp</th>
					<th>Details</th>
				</tr>
			</thead>
			<tbody>
				<tr class='log' status='pass'>
					<td class='status pass' title='pass' alt='pass'><i class='material-icons'>check_circle</i></td>
					<td class='timestamp'>3:56:22 PM</td>
					<td class='step-details'><span class='label white-text green'>Fill_FormTest Case Passsed</span></td>
				</tr>
			</tbody>
		</table>
	</div>
					</div>
				</li>
				
				
				<li class='test displayed active  pass' status='pass' bdd='false' test-id='53'>
					<div class='test-heading'>
						<span class='test-name'>verifyAdduser</span>
						<span class='test-time'>Friday, March 20, 2020, 03:56 PM (IST)</span>
						<span class='test-status right pass'>pass</span>
					</div>
					<div class='test-content hide'>
<div class='test-time-info'>
	<span class='label start-time'>Friday, March 20, 2020, 03:56 PM (IST)</span>
	<span class='label end-time'>Friday, March 20, 2020, 03:56 PM (IST)</span>
	<span class='label time-taken grey lighten-1 white-text'>0h 0m 0s+0ms</span>
</div>
	<div class='test-desc'>This test case validate to check Cancel functionality with info </div>
					</div>
				</li>
				
				
				<li class='test displayed active  fail' status='fail' bdd='false' test-id='54'>
					<div class='test-heading'>
						<span class='test-name'>VerifyCancelWithValid</span>
						<span class='test-time'>Friday, March 20, 2020, 03:56 PM (IST)</span>
						<span class='test-status right fail'>fail</span>
					</div>
					<div class='test-content hide'>
<div class='test-time-info'>
	<span class='label start-time'>Friday, March 20, 2020, 03:56 PM (IST)</span>
	<span class='label end-time'>Friday, March 20, 2020, 03:57 PM (IST)</span>
	<span class='label time-taken grey lighten-1 white-text'>0h 1m 6s+828ms</span>
</div>
	<div class='test-desc'>This test case validate to check cancel functionality with valid info </div>
	<div class='test-steps'>
		<table class='bordered table-results'>
			<thead>
				<tr>
					<th>Status</th>
					<th>Timestamp</th>
					<th>Details</th>
				</tr>
			</thead>
			<tbody>
				<tr class='log' status='pass'>
					<td class='status pass' title='pass' alt='pass'><i class='material-icons'>check_circle</i></td>
					<td class='timestamp'>3:56:27 PM</td>
					<td class='step-details'><span class='label white-text green'>VerifyCancelTest Case Passsed</span></td>
				</tr>
				<tr class='log' status='fail'>
					<td class='status fail' title='fail' alt='fail'><i class='material-icons'>cancel</i></td>
					<td class='timestamp'>3:56:48 PM</td>
					<td class='step-details'><span class='label white-text red'>Login Test Case Failed </span></td>
				</tr>
				<tr class='log' status='fail'>
					<td class='status fail' title='fail' alt='fail'><i class='material-icons'>cancel</i></td>
					<td class='timestamp'>3:56:48 PM</td>
					<td class='step-details'><pre>org.openqa.selenium.NoSuchElementException: Unable to locate element: //*[@id='email']
For documentation on this error, please visit: http://seleniumhq.org/exceptions/no_such_element.html
Build info: version: '3.9.1', revision: '63f7b50', time: '2018-02-07T22:25:02.294Z'
System info: host: 'SUBHASHA-PC', ip: '192.168.1.102', os.name: 'Windows 10', os.arch: 'amd64', os.version: '10.0', java.version: '1.8.0_212'
Driver info: org.openqa.selenium.firefox.FirefoxDriver
Capabilities {acceptInsecureCerts: true, browserName: firefox, browserVersion: 71.0, javascriptEnabled: true, moz:accessibilityChecks: false, moz:buildID: 20191202093317, moz:geckodriverVersion: 0.26.0, moz:headless: false, moz:processID: 7284, moz:profile: C:\Users\Subhash\AppData\Lo..., moz:shutdownTimeout: 60000, moz:useNonSpecCompliantPointerOrigin: false, moz:webdriverClick: true, pageLoadStrategy: normal, platform: WINDOWS, platformName: WINDOWS, platformVersion: 10.0, rotatable: false, setWindowRect: true, strictFileInteractability: false, timeouts: {implicit: 0, pageLoad: 300000, script: 30000}, unhandledPromptBehavior: dismiss and notify}
Session ID: 0b7bf474-fcad-4007-9d7c-cc22dd791d43
*** Element info: {Using=xpath, value=//*[@id='email']}
	at sun.reflect.NativeConstructorAccessorImpl.newInstance0(Native Method)
	at sun.reflect.NativeConstructorAccessorImpl.newInstance(NativeConstructorAccessorImpl.java:62)
	at sun.reflect.DelegatingConstructorAccessorImpl.newInstance(DelegatingConstructorAccessorImpl.java:45)
	at java.lang.reflect.Constructor.newInstance(Constructor.java:423)
	at org.openqa.selenium.remote.http.W3CHttpResponseCodec.createException(W3CHttpResponseCodec.java:187)
	at org.openqa.selenium.remote.http.W3CHttpResponseCodec.decode(W3CHttpResponseCodec.java:122)
	at org.openqa.selenium.remote.http.W3CHttpResponseCodec.decode(W3CHttpResponseCodec.java:49)
	at org.openqa.selenium.remote.HttpCommandExecutor.execute(HttpCommandExecutor.java:160)
	at org.openqa.selenium.remote.service.DriverCommandExecutor.execute(DriverCommandExecutor.java:83)
	at org.openqa.selenium.remote.RemoteWebDriver.execute(RemoteWebDriver.java:601)
	at org.openqa.selenium.remote.RemoteWebDriver.findElement(RemoteWebDriver.java:371)
	at org.openqa.selenium.remote.RemoteWebDriver.findElementByXPath(RemoteWebDriver.java:473)
	at org.openqa.selenium.By$ByXPath.findElement(By.java:361)
	at org.openqa.selenium.remote.RemoteWebDriver.findElement(RemoteWebDriver.java:363)
	at com.jbk.owp.test.UsefulLinksTest.Login(UsefulLinksTest.java:29)
	at sun.reflect.NativeMethodAccessorImpl.invoke0(Native Method)
	at sun.reflect.NativeMethodAccessorImpl.invoke(NativeMethodAccessorImpl.java:62)
	at sun.reflect.DelegatingMethodAccessorImpl.invoke(DelegatingMethodAccessorImpl.java:43)
	at java.lang.reflect.Method.invoke(Method.java:498)
	at org.testng.internal.MethodInvocationHelper.invokeMethod(MethodInvocationHelper.java:86)
	at org.testng.internal.Invoker.invokeMethod(Invoker.java:643)
	at org.testng.internal.Invoker.invokeTestMethod(Invoker.java:820)
	at org.testng.internal.Invoker.invokeTestMethods(Invoker.java:1128)
	at org.testng.internal.TestMethodWorker.invokeTestMethods(TestMethodWorker.java:129)
	at org.testng.internal.TestMethodWorker.run(TestMethodWorker.java:112)
	at org.testng.TestRunner.privateRun(TestRunner.java:782)
	at org.testng.TestRunner.run(TestRunner.java:632)
	at org.testng.SuiteRunner.runTest(SuiteRunner.java:366)
	at org.testng.SuiteRunner.runSequentially(SuiteRunner.java:361)
	at org.testng.SuiteRunner.privateRun(SuiteRunner.java:319)
	at org.testng.SuiteRunner.run(SuiteRunner.java:268)
	at org.testng.SuiteRunnerWorker.runSuite(SuiteRunnerWorker.java:52)
	at org.testng.SuiteRunnerWorker.run(SuiteRunnerWorker.java:86)
	at org.testng.TestNG.runSuitesSequentially(TestNG.java:1244)
	at org.testng.TestNG.runSuitesLocally(TestNG.java:1169)
	at org.testng.TestNG.run(TestNG.java:1064)
	at org.testng.remote.AbstractRemoteTestNG.run(AbstractRemoteTestNG.java:132)
	at org.testng.remote.RemoteTestNG.initAndRun(RemoteTestNG.java:236)
	at org.testng.remote.RemoteTestNG.main(RemoteTestNG.java:81)
</pre></td>
				</tr>
				<tr class='log' status='pass'>
					<td class='status pass' title='pass' alt='pass'><i class='material-icons'>check_circle</i></td>
					<td class='timestamp'>3:56:59 PM</td>
					<td class='step-details'><span class='label white-text green'>VerifyScheduleTabTest Case Passsed</span></td>
				</tr>
				<tr class='log' status='pass'>
					<td class='status pass' title='pass' alt='pass'><i class='material-icons'>check_circle</i></td>
					<td class='timestamp'>3:57:10 PM</td>
					<td class='step-details'><span class='label white-text green'>VideoLacturesTabTest Case Passsed</span></td>
				</tr>
				<tr class='log' status='pass'>
					<td class='status pass' title='pass' alt='pass'><i class='material-icons'>check_circle</i></td>
					<td class='timestamp'>3:57:21 PM</td>
					<td class='step-details'><span class='label white-text green'>SeleniumInterviewTest Case Passsed</span></td>
				</tr>
				<tr class='log' status='pass'>
					<td class='status pass' title='pass' alt='pass'><i class='material-icons'>check_circle</i></td>
					<td class='timestamp'>3:57:22 PM</td>
					<td class='step-details'><span class='label white-text green'>JavaInterviewTabTest Case Passsed</span></td>
				</tr>
				<tr class='log' status='pass'>
					<td class='status pass' title='pass' alt='pass'><i class='material-icons'>check_circle</i></td>
					<td class='timestamp'>3:57:27 PM</td>
					<td class='step-details'><span class='label white-text green'>CoursesTabTest Case Passsed</span></td>
				</tr>
				<tr class='log' status='pass'>
					<td class='status pass' title='pass' alt='pass'><i class='material-icons'>check_circle</i></td>
					<td class='timestamp'>3:57:34 PM</td>
					<td class='step-details'><span class='label white-text green'>PlacemntTabTest Case Passsed</span></td>
				</tr>
			</tbody>
		</table>
	</div>
							<ul class='screenshots'>
								<li><img data-featherlight='C:\Users\Subhash\git\jbkowp\jbkowp\Reports\2020_03_20_15_5443_OWPReport\Screenshots\Login_Fail.png' width='10%' src='C:\Users\Subhash\git\jbkowp\jbkowp\Reports\2020_03_20_15_5443_OWPReport\Screenshots\Login_Fail.png' data-src='C:\Users\Subhash\git\jbkowp\jbkowp\Reports\2020_03_20_15_5443_OWPReport\Screenshots\Login_Fail.png'></li>
							</ul>
					</div>
				</li>
				
				
				<li class='test displayed active  pass' status='pass' bdd='false' test-id='55'>
					<div class='test-heading'>
						<span class='test-name'>Login TEST CASE</span>
						<span class='test-time'>Friday, March 20, 2020, 03:56 PM (IST)</span>
						<span class='test-status right pass'>pass</span>
					</div>
					<div class='test-content hide'>
<div class='test-time-info'>
	<span class='label start-time'>Friday, March 20, 2020, 03:56 PM (IST)</span>
	<span class='label end-time'>Friday, March 20, 2020, 03:56 PM (IST)</span>
	<span class='label time-taken grey lighten-1 white-text'>0h 0m 0s+0ms</span>
</div>
					</div>
				</li>
				
				
				<li class='test displayed active  pass' status='pass' bdd='false' test-id='56'>
					<div class='test-heading'>
						<span class='test-name'>VerifyVideoLecturesTab</span>
						<span class='test-time'>Friday, March 20, 2020, 03:56 PM (IST)</span>
						<span class='test-status right pass'>pass</span>
					</div>
					<div class='test-content hide'>
<div class='test-time-info'>
	<span class='label start-time'>Friday, March 20, 2020, 03:56 PM (IST)</span>
	<span class='label end-time'>Friday, March 20, 2020, 03:56 PM (IST)</span>
	<span class='label time-taken grey lighten-1 white-text'>0h 0m 0s+0ms</span>
</div>
	<div class='test-desc'>This test case validate to check video Lacture tab </div>
					</div>
				</li>
				
				
				<li class='test displayed active  pass' status='pass' bdd='false' test-id='57'>
					<div class='test-heading'>
						<span class='test-name'>VerifySeleniumInterviewTab</span>
						<span class='test-time'>Friday, March 20, 2020, 03:57 PM (IST)</span>
						<span class='test-status right pass'>pass</span>
					</div>
					<div class='test-content hide'>
<div class='test-time-info'>
	<span class='label start-time'>Friday, March 20, 2020, 03:57 PM (IST)</span>
	<span class='label end-time'>Friday, March 20, 2020, 03:57 PM (IST)</span>
	<span class='label time-taken grey lighten-1 white-text'>0h 0m 0s+0ms</span>
</div>
	<div class='test-desc'>This test case validate to check selenium interview </div>
					</div>
				</li>
				
				
				<li class='test displayed active  pass' status='pass' bdd='false' test-id='58'>
					<div class='test-heading'>
						<span class='test-name'>VerifyJavaInterviewTab</span>
						<span class='test-time'>Friday, March 20, 2020, 03:57 PM (IST)</span>
						<span class='test-status right pass'>pass</span>
					</div>
					<div class='test-content hide'>
<div class='test-time-info'>
	<span class='label start-time'>Friday, March 20, 2020, 03:57 PM (IST)</span>
	<span class='label end-time'>Friday, March 20, 2020, 03:57 PM (IST)</span>
	<span class='label time-taken grey lighten-1 white-text'>0h 0m 0s+0ms</span>
</div>
	<div class='test-desc'>This test case validate to check Java Interview tab </div>
					</div>
				</li>
				
				
				<li class='test displayed active  pass' status='pass' bdd='false' test-id='59'>
					<div class='test-heading'>
						<span class='test-name'>VerifyCoursesTab</span>
						<span class='test-time'>Friday, March 20, 2020, 03:57 PM (IST)</span>
						<span class='test-status right pass'>pass</span>
					</div>
					<div class='test-content hide'>
<div class='test-time-info'>
	<span class='label start-time'>Friday, March 20, 2020, 03:57 PM (IST)</span>
	<span class='label end-time'>Friday, March 20, 2020, 03:57 PM (IST)</span>
	<span class='label time-taken grey lighten-1 white-text'>0h 0m 0s+0ms</span>
</div>
	<div class='test-desc'>This test case validate to check courses tab </div>
					</div>
				</li>
				
				
				<li class='test displayed active  pass' status='pass' bdd='false' test-id='60'>
					<div class='test-heading'>
						<span class='test-name'>VerifyPlacemntTab</span>
						<span class='test-time'>Friday, March 20, 2020, 03:57 PM (IST)</span>
						<span class='test-status right pass'>pass</span>
					</div>
					<div class='test-content hide'>
<div class='test-time-info'>
	<span class='label start-time'>Friday, March 20, 2020, 03:57 PM (IST)</span>
	<span class='label end-time'>Friday, March 20, 2020, 03:57 PM (IST)</span>
	<span class='label time-taken grey lighten-1 white-text'>0h 0m 0s+0ms</span>
</div>
	<div class='test-desc'>This test case validate to check placement tab </div>
					</div>
				</li>
			</ul>
		</div>
	</div>
	<!-- subview left -->

	<div class='subview-right left'>
		<div class='view-summary'>
			<h5 class='test-name'></h5>

			<div id='step-filters' class="right">
				<span class="blue-text" status="info" alt="info" title="info"><i class="material-icons">info_outline</i></span>
				<span class="green-text" status="pass" alt="pass" title="pass"><i class="material-icons">check_circle</i></span>
				<span class="red-text" status="fail" alt="fail" title="fail"><i class="material-icons">cancel</i></span>
				<span class="red-text text-darken-4" status="fatal" alt="fatal" title="fatal"><i class="material-icons">cancel</i></span>
				<span class="pink-text text-lighten-1" status="error" alt="error" title="error"><i class="material-icons">error</i></span>
				<span class="orange-text" alt="warning" status="warning" title="warning"><i class="material-icons">warning</i></span>
				<span class="teal-text" status="skip" alt="skip" title="skip"><i class="material-icons">redo</i></span>
				<span status="clear" alt="Clear filters" title="Clear filters"><i class="material-icons">clear</i></span>
			</div>
		</div>
	</div>
	<!-- subview right -->

</div>
<!-- test view -->
<!-- category view -->
<div id='exception-view' class='view hide'>

    <section id='controls'>
        <div class='controls grey lighten-4'>
            <!-- search -->
            <div class='chip transparent' alt='Search Tests' title='Search Tests'>
                <a href="#" class='search-div'>
                    <i class='material-icons'>search</i> Search
                </a>

                <div class='input-field left hide'>
                    <input id='search-tests' type='text' class='validate browser-default' placeholder='Search Tests...'>
                </div>

            </div>
            <!-- search -->
        </div>
    </section>

    <div class='subview-left left'>

        <div class='view-summary'>
            <h5>Exceptions</h3>
                <ul id='exception-collection' class='exception-collection'>

                        <li class='exception displayed active'>
                            <div class='exception-heading'>
                                <span class='exception-name'>java.lang.AssertionError</span>
                                <span class='exception-count right'><span class='label red lighten-1 white-text'>2</span></span>
                            </div>
                            <div class='exception-content hide'>
                                <div class='exception-tests'>
                                    <table class='bordered table-results'>
                                        <thead>
                                        <tr>
                                            <th>Timestamp</th>
                                            <th>TestName</th>
                                            <th>Status</th>
                                        </tr>
                                        </thead>
                                        <tbody>
                                                    <tr>
                                                        <td>Friday, March 20, 2020, 03:55 PM (IST)</td>
                                                        <td class='linked' test-id='10'>verifyApplicationTitle</td>
                                                        <td><pre><pre>java.lang.AssertionError: expected [JavaByKiran | Log ] but found [JavaByKiran | Log in]
	at org.testng.Assert.fail(Assert.java:94)
	at org.testng.Assert.failNotEquals(Assert.java:513)
	at org.testng.Assert.assertEqualsImpl(Assert.java:135)
	at org.testng.Assert.assertEquals(Assert.java:116)
	at org.testng.Assert.assertEquals(Assert.java:190)
	at org.testng.Assert.assertEquals(Assert.java:200)
	at com.jbk.owp.test.LoginPageTest.verifyApplicationTitle(LoginPageTest.java:40)
	at sun.reflect.NativeMethodAccessorImpl.invoke0(Native Method)
	at sun.reflect.NativeMethodAccessorImpl.invoke(NativeMethodAccessorImpl.java:62)
	at sun.reflect.DelegatingMethodAccessorImpl.invoke(DelegatingMethodAccessorImpl.java:43)
	at java.lang.reflect.Method.invoke(Method.java:498)
	at org.testng.internal.MethodInvocationHelper.invokeMethod(MethodInvocationHelper.java:86)
	at org.testng.internal.Invoker.invokeMethod(Invoker.java:643)
	at org.testng.internal.Invoker.invokeTestMethod(Invoker.java:820)
	at org.testng.internal.Invoker.invokeTestMethods(Invoker.java:1128)
	at org.testng.internal.TestMethodWorker.invokeTestMethods(TestMethodWorker.java:129)
	at org.testng.internal.TestMethodWorker.run(TestMethodWorker.java:112)
	at org.testng.TestRunner.privateRun(TestRunner.java:782)
	at org.testng.TestRunner.run(TestRunner.java:632)
	at org.testng.SuiteRunner.runTest(SuiteRunner.java:366)
	at org.testng.SuiteRunner.runSequentially(SuiteRunner.java:361)
	at org.testng.SuiteRunner.privateRun(SuiteRunner.java:319)
	at org.testng.SuiteRunner.run(SuiteRunner.java:268)
	at org.testng.SuiteRunnerWorker.runSuite(SuiteRunnerWorker.java:52)
	at org.testng.SuiteRunnerWorker.run(SuiteRunnerWorker.java:86)
	at org.testng.TestNG.runSuitesSequentially(TestNG.java:1244)
	at org.testng.TestNG.runSuitesLocally(TestNG.java:1169)
	at org.testng.TestNG.run(TestNG.java:1064)
	at org.testng.remote.AbstractRemoteTestNG.run(AbstractRemoteTestNG.java:132)
	at org.testng.remote.RemoteTestNG.initAndRun(RemoteTestNG.java:236)
	at org.testng.remote.RemoteTestNG.main(RemoteTestNG.java:81)
</pre></pre></td>
                                                    </tr>
                                                    <tr>
                                                        <td>Friday, March 20, 2020, 03:55 PM (IST)</td>
                                                        <td class='linked' test-id='10'>verifyApplicationTitle</td>
                                                        <td><pre><pre>java.lang.AssertionError: expected [Java By subhash] but found [Java By Kiran]
	at org.testng.Assert.fail(Assert.java:94)
	at org.testng.Assert.failNotEquals(Assert.java:513)
	at org.testng.Assert.assertEqualsImpl(Assert.java:135)
	at org.testng.Assert.assertEquals(Assert.java:116)
	at org.testng.Assert.assertEquals(Assert.java:190)
	at org.testng.Assert.assertEquals(Assert.java:200)
	at com.jbk.owp.test.LoginPageTest.verifyTitle(LoginPageTest.java:45)
	at sun.reflect.NativeMethodAccessorImpl.invoke0(Native Method)
	at sun.reflect.NativeMethodAccessorImpl.invoke(NativeMethodAccessorImpl.java:62)
	at sun.reflect.DelegatingMethodAccessorImpl.invoke(DelegatingMethodAccessorImpl.java:43)
	at java.lang.reflect.Method.invoke(Method.java:498)
	at org.testng.internal.MethodInvocationHelper.invokeMethod(MethodInvocationHelper.java:86)
	at org.testng.internal.Invoker.invokeMethod(Invoker.java:643)
	at org.testng.internal.Invoker.invokeTestMethod(Invoker.java:820)
	at org.testng.internal.Invoker.invokeTestMethods(Invoker.java:1128)
	at org.testng.internal.TestMethodWorker.invokeTestMethods(TestMethodWorker.java:129)
	at org.testng.internal.TestMethodWorker.run(TestMethodWorker.java:112)
	at org.testng.TestRunner.privateRun(TestRunner.java:782)
	at org.testng.TestRunner.run(TestRunner.java:632)
	at org.testng.SuiteRunner.runTest(SuiteRunner.java:366)
	at org.testng.SuiteRunner.runSequentially(SuiteRunner.java:361)
	at org.testng.SuiteRunner.privateRun(SuiteRunner.java:319)
	at org.testng.SuiteRunner.run(SuiteRunner.java:268)
	at org.testng.SuiteRunnerWorker.runSuite(SuiteRunnerWorker.java:52)
	at org.testng.SuiteRunnerWorker.run(SuiteRunnerWorker.java:86)
	at org.testng.TestNG.runSuitesSequentially(TestNG.java:1244)
	at org.testng.TestNG.runSuitesLocally(TestNG.java:1169)
	at org.testng.TestNG.run(TestNG.java:1064)
	at org.testng.remote.AbstractRemoteTestNG.run(AbstractRemoteTestNG.java:132)
	at org.testng.remote.RemoteTestNG.initAndRun(RemoteTestNG.java:236)
	at org.testng.remote.RemoteTestNG.main(RemoteTestNG.java:81)
</pre></pre></td>
                                                    </tr>
                                                    <tr>
                                                        <td>Friday, March 20, 2020, 03:55 PM (IST)</td>
                                                        <td class='linked' test-id='35'>CheckMainNavigationText</td>
                                                        <td><pre><pre>java.lang.AssertionError: expected [rgba(30, 40, 44, 1)] but found [rgb(30, 40, 44)]
	at org.testng.Assert.fail(Assert.java:94)
	at org.testng.Assert.failNotEquals(Assert.java:513)
	at org.testng.Assert.assertEqualsImpl(Assert.java:135)
	at org.testng.Assert.assertEquals(Assert.java:116)
	at org.testng.Assert.assertEquals(Assert.java:190)
	at org.testng.Assert.assertEquals(Assert.java:200)
	at com.jbk.owp.test.DashboardPageTest.moveover_User_Bgcolor(DashboardPageTest.java:205)
	at sun.reflect.NativeMethodAccessorImpl.invoke0(Native Method)
	at sun.reflect.NativeMethodAccessorImpl.invoke(NativeMethodAccessorImpl.java:62)
	at sun.reflect.DelegatingMethodAccessorImpl.invoke(DelegatingMethodAccessorImpl.java:43)
	at java.lang.reflect.Method.invoke(Method.java:498)
	at org.testng.internal.MethodInvocationHelper.invokeMethod(MethodInvocationHelper.java:86)
	at org.testng.internal.Invoker.invokeMethod(Invoker.java:643)
	at org.testng.internal.Invoker.invokeTestMethod(Invoker.java:820)
	at org.testng.internal.Invoker.invokeTestMethods(Invoker.java:1128)
	at org.testng.internal.TestMethodWorker.invokeTestMethods(TestMethodWorker.java:129)
	at org.testng.internal.TestMethodWorker.run(TestMethodWorker.java:112)
	at org.testng.TestRunner.privateRun(TestRunner.java:782)
	at org.testng.TestRunner.run(TestRunner.java:632)
	at org.testng.SuiteRunner.runTest(SuiteRunner.java:366)
	at org.testng.SuiteRunner.runSequentially(SuiteRunner.java:361)
	at org.testng.SuiteRunner.privateRun(SuiteRunner.java:319)
	at org.testng.SuiteRunner.run(SuiteRunner.java:268)
	at org.testng.SuiteRunnerWorker.runSuite(SuiteRunnerWorker.java:52)
	at org.testng.SuiteRunnerWorker.run(SuiteRunnerWorker.java:86)
	at org.testng.TestNG.runSuitesSequentially(TestNG.java:1244)
	at org.testng.TestNG.runSuitesLocally(TestNG.java:1169)
	at org.testng.TestNG.run(TestNG.java:1064)
	at org.testng.remote.AbstractRemoteTestNG.run(AbstractRemoteTestNG.java:132)
	at org.testng.remote.RemoteTestNG.initAndRun(RemoteTestNG.java:236)
	at org.testng.remote.RemoteTestNG.main(RemoteTestNG.java:81)
</pre></pre></td>
                                                    </tr>
                                                    <tr>
                                                        <td>Friday, March 20, 2020, 03:55 PM (IST)</td>
                                                        <td class='linked' test-id='35'>CheckMainNavigationText</td>
                                                        <td><pre><pre>java.lang.AssertionError: expected [rgba(30, 40, 44, 1)] but found [rgb(30, 40, 44)]
	at org.testng.Assert.fail(Assert.java:94)
	at org.testng.Assert.failNotEquals(Assert.java:513)
	at org.testng.Assert.assertEqualsImpl(Assert.java:135)
	at org.testng.Assert.assertEquals(Assert.java:116)
	at org.testng.Assert.assertEquals(Assert.java:190)
	at org.testng.Assert.assertEquals(Assert.java:200)
	at com.jbk.owp.test.DashboardPageTest.moveover_Oprators_Bgcolor(DashboardPageTest.java:218)
	at sun.reflect.NativeMethodAccessorImpl.invoke0(Native Method)
	at sun.reflect.NativeMethodAccessorImpl.invoke(NativeMethodAccessorImpl.java:62)
	at sun.reflect.DelegatingMethodAccessorImpl.invoke(DelegatingMethodAccessorImpl.java:43)
	at java.lang.reflect.Method.invoke(Method.java:498)
	at org.testng.internal.MethodInvocationHelper.invokeMethod(MethodInvocationHelper.java:86)
	at org.testng.internal.Invoker.invokeMethod(Invoker.java:643)
	at org.testng.internal.Invoker.invokeTestMethod(Invoker.java:820)
	at org.testng.internal.Invoker.invokeTestMethods(Invoker.java:1128)
	at org.testng.internal.TestMethodWorker.invokeTestMethods(TestMethodWorker.java:129)
	at org.testng.internal.TestMethodWorker.run(TestMethodWorker.java:112)
	at org.testng.TestRunner.privateRun(TestRunner.java:782)
	at org.testng.TestRunner.run(TestRunner.java:632)
	at org.testng.SuiteRunner.runTest(SuiteRunner.java:366)
	at org.testng.SuiteRunner.runSequentially(SuiteRunner.java:361)
	at org.testng.SuiteRunner.privateRun(SuiteRunner.java:319)
	at org.testng.SuiteRunner.run(SuiteRunner.java:268)
	at org.testng.SuiteRunnerWorker.runSuite(SuiteRunnerWorker.java:52)
	at org.testng.SuiteRunnerWorker.run(SuiteRunnerWorker.java:86)
	at org.testng.TestNG.runSuitesSequentially(TestNG.java:1244)
	at org.testng.TestNG.runSuitesLocally(TestNG.java:1169)
	at org.testng.TestNG.run(TestNG.java:1064)
	at org.testng.remote.AbstractRemoteTestNG.run(AbstractRemoteTestNG.java:132)
	at org.testng.remote.RemoteTestNG.initAndRun(RemoteTestNG.java:236)
	at org.testng.remote.RemoteTestNG.main(RemoteTestNG.java:81)
</pre></pre></td>
                                                    </tr>
                                                    <tr>
                                                        <td>Friday, March 20, 2020, 03:55 PM (IST)</td>
                                                        <td class='linked' test-id='35'>CheckMainNavigationText</td>
                                                        <td><pre><pre>java.lang.AssertionError: expected [rgba(30, 40, 44, 1)] but found [rgb(30, 40, 44)]
	at org.testng.Assert.fail(Assert.java:94)
	at org.testng.Assert.failNotEquals(Assert.java:513)
	at org.testng.Assert.assertEqualsImpl(Assert.java:135)
	at org.testng.Assert.assertEquals(Assert.java:116)
	at org.testng.Assert.assertEquals(Assert.java:190)
	at org.testng.Assert.assertEquals(Assert.java:200)
	at com.jbk.owp.test.DashboardPageTest.moveover_UsefulLinks_Bgcolor(DashboardPageTest.java:231)
	at sun.reflect.NativeMethodAccessorImpl.invoke0(Native Method)
	at sun.reflect.NativeMethodAccessorImpl.invoke(NativeMethodAccessorImpl.java:62)
	at sun.reflect.DelegatingMethodAccessorImpl.invoke(DelegatingMethodAccessorImpl.java:43)
	at java.lang.reflect.Method.invoke(Method.java:498)
	at org.testng.internal.MethodInvocationHelper.invokeMethod(MethodInvocationHelper.java:86)
	at org.testng.internal.Invoker.invokeMethod(Invoker.java:643)
	at org.testng.internal.Invoker.invokeTestMethod(Invoker.java:820)
	at org.testng.internal.Invoker.invokeTestMethods(Invoker.java:1128)
	at org.testng.internal.TestMethodWorker.invokeTestMethods(TestMethodWorker.java:129)
	at org.testng.internal.TestMethodWorker.run(TestMethodWorker.java:112)
	at org.testng.TestRunner.privateRun(TestRunner.java:782)
	at org.testng.TestRunner.run(TestRunner.java:632)
	at org.testng.SuiteRunner.runTest(SuiteRunner.java:366)
	at org.testng.SuiteRunner.runSequentially(SuiteRunner.java:361)
	at org.testng.SuiteRunner.privateRun(SuiteRunner.java:319)
	at org.testng.SuiteRunner.run(SuiteRunner.java:268)
	at org.testng.SuiteRunnerWorker.runSuite(SuiteRunnerWorker.java:52)
	at org.testng.SuiteRunnerWorker.run(SuiteRunnerWorker.java:86)
	at org.testng.TestNG.runSuitesSequentially(TestNG.java:1244)
	at org.testng.TestNG.runSuitesLocally(TestNG.java:1169)
	at org.testng.TestNG.run(TestNG.java:1064)
	at org.testng.remote.AbstractRemoteTestNG.run(AbstractRemoteTestNG.java:132)
	at org.testng.remote.RemoteTestNG.initAndRun(RemoteTestNG.java:236)
	at org.testng.remote.RemoteTestNG.main(RemoteTestNG.java:81)
</pre></pre></td>
                                                    </tr>
                                                    <tr>
                                                        <td>Friday, March 20, 2020, 03:55 PM (IST)</td>
                                                        <td class='linked' test-id='35'>CheckMainNavigationText</td>
                                                        <td><pre><pre>java.lang.AssertionError: expected [rgba(30, 40, 44, 1)] but found [rgb(30, 40, 44)]
	at org.testng.Assert.fail(Assert.java:94)
	at org.testng.Assert.failNotEquals(Assert.java:513)
	at org.testng.Assert.assertEqualsImpl(Assert.java:135)
	at org.testng.Assert.assertEquals(Assert.java:116)
	at org.testng.Assert.assertEquals(Assert.java:190)
	at org.testng.Assert.assertEquals(Assert.java:200)
	at com.jbk.owp.test.DashboardPageTest.moveover_downloads_Bgcolor(DashboardPageTest.java:243)
	at sun.reflect.NativeMethodAccessorImpl.invoke0(Native Method)
	at sun.reflect.NativeMethodAccessorImpl.invoke(NativeMethodAccessorImpl.java:62)
	at sun.reflect.DelegatingMethodAccessorImpl.invoke(DelegatingMethodAccessorImpl.java:43)
	at java.lang.reflect.Method.invoke(Method.java:498)
	at org.testng.internal.MethodInvocationHelper.invokeMethod(MethodInvocationHelper.java:86)
	at org.testng.internal.Invoker.invokeMethod(Invoker.java:643)
	at org.testng.internal.Invoker.invokeTestMethod(Invoker.java:820)
	at org.testng.internal.Invoker.invokeTestMethods(Invoker.java:1128)
	at org.testng.internal.TestMethodWorker.invokeTestMethods(TestMethodWorker.java:129)
	at org.testng.internal.TestMethodWorker.run(TestMethodWorker.java:112)
	at org.testng.TestRunner.privateRun(TestRunner.java:782)
	at org.testng.TestRunner.run(TestRunner.java:632)
	at org.testng.SuiteRunner.runTest(SuiteRunner.java:366)
	at org.testng.SuiteRunner.runSequentially(SuiteRunner.java:361)
	at org.testng.SuiteRunner.privateRun(SuiteRunner.java:319)
	at org.testng.SuiteRunner.run(SuiteRunner.java:268)
	at org.testng.SuiteRunnerWorker.runSuite(SuiteRunnerWorker.java:52)
	at org.testng.SuiteRunnerWorker.run(SuiteRunnerWorker.java:86)
	at org.testng.TestNG.runSuitesSequentially(TestNG.java:1244)
	at org.testng.TestNG.runSuitesLocally(TestNG.java:1169)
	at org.testng.TestNG.run(TestNG.java:1064)
	at org.testng.remote.AbstractRemoteTestNG.run(AbstractRemoteTestNG.java:132)
	at org.testng.remote.RemoteTestNG.initAndRun(RemoteTestNG.java:236)
	at org.testng.remote.RemoteTestNG.main(RemoteTestNG.java:81)
</pre></pre></td>
                                                    </tr>
                                                    <tr>
                                                        <td>Friday, March 20, 2020, 03:55 PM (IST)</td>
                                                        <td class='linked' test-id='35'>CheckMainNavigationText</td>
                                                        <td><pre><pre>java.lang.AssertionError: expected [rgba(0, 0, 0, 0.1)] but found [rgba(0, 0, 0, 0)]
	at org.testng.Assert.fail(Assert.java:94)
	at org.testng.Assert.failNotEquals(Assert.java:513)
	at org.testng.Assert.assertEqualsImpl(Assert.java:135)
	at org.testng.Assert.assertEquals(Assert.java:116)
	at org.testng.Assert.assertEquals(Assert.java:190)
	at org.testng.Assert.assertEquals(Assert.java:200)
	at com.jbk.owp.test.DashboardPageTest.moveover_Logout_Bgcolor(DashboardPageTest.java:255)
	at sun.reflect.NativeMethodAccessorImpl.invoke0(Native Method)
	at sun.reflect.NativeMethodAccessorImpl.invoke(NativeMethodAccessorImpl.java:62)
	at sun.reflect.DelegatingMethodAccessorImpl.invoke(DelegatingMethodAccessorImpl.java:43)
	at java.lang.reflect.Method.invoke(Method.java:498)
	at org.testng.internal.MethodInvocationHelper.invokeMethod(MethodInvocationHelper.java:86)
	at org.testng.internal.Invoker.invokeMethod(Invoker.java:643)
	at org.testng.internal.Invoker.invokeTestMethod(Invoker.java:820)
	at org.testng.internal.Invoker.invokeTestMethods(Invoker.java:1128)
	at org.testng.internal.TestMethodWorker.invokeTestMethods(TestMethodWorker.java:129)
	at org.testng.internal.TestMethodWorker.run(TestMethodWorker.java:112)
	at org.testng.TestRunner.privateRun(TestRunner.java:782)
	at org.testng.TestRunner.run(TestRunner.java:632)
	at org.testng.SuiteRunner.runTest(SuiteRunner.java:366)
	at org.testng.SuiteRunner.runSequentially(SuiteRunner.java:361)
	at org.testng.SuiteRunner.privateRun(SuiteRunner.java:319)
	at org.testng.SuiteRunner.run(SuiteRunner.java:268)
	at org.testng.SuiteRunnerWorker.runSuite(SuiteRunnerWorker.java:52)
	at org.testng.SuiteRunnerWorker.run(SuiteRunnerWorker.java:86)
	at org.testng.TestNG.runSuitesSequentially(TestNG.java:1244)
	at org.testng.TestNG.runSuitesLocally(TestNG.java:1169)
	at org.testng.TestNG.run(TestNG.java:1064)
	at org.testng.remote.AbstractRemoteTestNG.run(AbstractRemoteTestNG.java:132)
	at org.testng.remote.RemoteTestNG.initAndRun(RemoteTestNG.java:236)
	at org.testng.remote.RemoteTestNG.main(RemoteTestNG.java:81)
</pre></pre></td>
                                                    </tr>
                                        </tbody>
                                    </table>
                                </div>
                            </div>
                        </li>
                        <li class='exception displayed active'>
                            <div class='exception-heading'>
                                <span class='exception-name'>org.openqa.selenium.NoSuchElementException</span>
                                <span class='exception-count right'><span class='label red lighten-1 white-text'>1</span></span>
                            </div>
                            <div class='exception-content hide'>
                                <div class='exception-tests'>
                                    <table class='bordered table-results'>
                                        <thead>
                                        <tr>
                                            <th>Timestamp</th>
                                            <th>TestName</th>
                                            <th>Status</th>
                                        </tr>
                                        </thead>
                                        <tbody>
                                                    <tr>
                                                        <td>Friday, March 20, 2020, 03:56 PM (IST)</td>
                                                        <td class='linked' test-id='54'>VerifyCancelWithValid</td>
                                                        <td><pre><pre>org.openqa.selenium.NoSuchElementException: Unable to locate element: //*[@id='email']
For documentation on this error, please visit: http://seleniumhq.org/exceptions/no_such_element.html
Build info: version: '3.9.1', revision: '63f7b50', time: '2018-02-07T22:25:02.294Z'
System info: host: 'SUBHASHA-PC', ip: '192.168.1.102', os.name: 'Windows 10', os.arch: 'amd64', os.version: '10.0', java.version: '1.8.0_212'
Driver info: org.openqa.selenium.firefox.FirefoxDriver
Capabilities {acceptInsecureCerts: true, browserName: firefox, browserVersion: 71.0, javascriptEnabled: true, moz:accessibilityChecks: false, moz:buildID: 20191202093317, moz:geckodriverVersion: 0.26.0, moz:headless: false, moz:processID: 7284, moz:profile: C:\Users\Subhash\AppData\Lo..., moz:shutdownTimeout: 60000, moz:useNonSpecCompliantPointerOrigin: false, moz:webdriverClick: true, pageLoadStrategy: normal, platform: WINDOWS, platformName: WINDOWS, platformVersion: 10.0, rotatable: false, setWindowRect: true, strictFileInteractability: false, timeouts: {implicit: 0, pageLoad: 300000, script: 30000}, unhandledPromptBehavior: dismiss and notify}
Session ID: 0b7bf474-fcad-4007-9d7c-cc22dd791d43
*** Element info: {Using=xpath, value=//*[@id='email']}
	at sun.reflect.NativeConstructorAccessorImpl.newInstance0(Native Method)
	at sun.reflect.NativeConstructorAccessorImpl.newInstance(NativeConstructorAccessorImpl.java:62)
	at sun.reflect.DelegatingConstructorAccessorImpl.newInstance(DelegatingConstructorAccessorImpl.java:45)
	at java.lang.reflect.Constructor.newInstance(Constructor.java:423)
	at org.openqa.selenium.remote.http.W3CHttpResponseCodec.createException(W3CHttpResponseCodec.java:187)
	at org.openqa.selenium.remote.http.W3CHttpResponseCodec.decode(W3CHttpResponseCodec.java:122)
	at org.openqa.selenium.remote.http.W3CHttpResponseCodec.decode(W3CHttpResponseCodec.java:49)
	at org.openqa.selenium.remote.HttpCommandExecutor.execute(HttpCommandExecutor.java:160)
	at org.openqa.selenium.remote.service.DriverCommandExecutor.execute(DriverCommandExecutor.java:83)
	at org.openqa.selenium.remote.RemoteWebDriver.execute(RemoteWebDriver.java:601)
	at org.openqa.selenium.remote.RemoteWebDriver.findElement(RemoteWebDriver.java:371)
	at org.openqa.selenium.remote.RemoteWebDriver.findElementByXPath(RemoteWebDriver.java:473)
	at org.openqa.selenium.By$ByXPath.findElement(By.java:361)
	at org.openqa.selenium.remote.RemoteWebDriver.findElement(RemoteWebDriver.java:363)
	at com.jbk.owp.test.UsefulLinksTest.Login(UsefulLinksTest.java:29)
	at sun.reflect.NativeMethodAccessorImpl.invoke0(Native Method)
	at sun.reflect.NativeMethodAccessorImpl.invoke(NativeMethodAccessorImpl.java:62)
	at sun.reflect.DelegatingMethodAccessorImpl.invoke(DelegatingMethodAccessorImpl.java:43)
	at java.lang.reflect.Method.invoke(Method.java:498)
	at org.testng.internal.MethodInvocationHelper.invokeMethod(MethodInvocationHelper.java:86)
	at org.testng.internal.Invoker.invokeMethod(Invoker.java:643)
	at org.testng.internal.Invoker.invokeTestMethod(Invoker.java:820)
	at org.testng.internal.Invoker.invokeTestMethods(Invoker.java:1128)
	at org.testng.internal.TestMethodWorker.invokeTestMethods(TestMethodWorker.java:129)
	at org.testng.internal.TestMethodWorker.run(TestMethodWorker.java:112)
	at org.testng.TestRunner.privateRun(TestRunner.java:782)
	at org.testng.TestRunner.run(TestRunner.java:632)
	at org.testng.SuiteRunner.runTest(SuiteRunner.java:366)
	at org.testng.SuiteRunner.runSequentially(SuiteRunner.java:361)
	at org.testng.SuiteRunner.privateRun(SuiteRunner.java:319)
	at org.testng.SuiteRunner.run(SuiteRunner.java:268)
	at org.testng.SuiteRunnerWorker.runSuite(SuiteRunnerWorker.java:52)
	at org.testng.SuiteRunnerWorker.run(SuiteRunnerWorker.java:86)
	at org.testng.TestNG.runSuitesSequentially(TestNG.java:1244)
	at org.testng.TestNG.runSuitesLocally(TestNG.java:1169)
	at org.testng.TestNG.run(TestNG.java:1064)
	at org.testng.remote.AbstractRemoteTestNG.run(AbstractRemoteTestNG.java:132)
	at org.testng.remote.RemoteTestNG.initAndRun(RemoteTestNG.java:236)
	at org.testng.remote.RemoteTestNG.main(RemoteTestNG.java:81)
</pre></pre></td>
                                                    </tr>
                                        </tbody>
                                    </table>
                                </div>
                            </div>
                        </li>
                </ul>
        </div>
    </div>

    <div class='subview-right left'>
        <div class='view-summary'>
            <h5 class='exception-name'></h5>
        </div>
    </div>
</div>
<!-- exception view -->
<div id='dashboard-view' class='view hide'>
	<div class='card-panel transparent np-v'>
		<h5>Dashboard</h5>

		<div class='row'>
			<div class='col s2'>
				<div class='card-panel r'>
					Tests
					<div class='panel-lead'>60</div>
				</div>
			</div>
			<div class='col s2'>
				<div class='card-panel r'>
					Steps
					<div class='panel-lead'>76</div>
				</div>
			</div>
			<div class='col s2'>
				<div class='card-panel r'>
					Start
					<div class='panel-lead'>Friday, March 20, 2020, 03:55 PM (IST)</div>
				</div>
			</div>
			<div class='col s2'>
				<div class='card-panel r'>
			 		End
			 		<div class='panel-lead'>Friday, March 20, 2020, 03:57 PM (IST)</div>
				</div>
			</div>
			<div class='col s2'>
				<div class='card-panel r'>
					Time Taken
					<div class='panel-lead'>0h 2m 9s+455ms</div>
				</div>
			</div>
			<div class='col s4'>
				<div class='card-panel dashboard-environment'>
					<span class='right label cyan white-text'>Environment</span><p>&nbsp;</p>
					
					<table>
						<tr>
							<th>Name</th>
							<th>Value</th>
						</tr>
							<tr>
								<td>Browser</td>
								<td>firefox</td>
							</tr>
							<tr>
								<td>Environment</td>
								<td>QA</td>
							</tr>
							<tr>
								<td>Project Name</td>
								<td>jbkows</td>
							</tr>
							<tr>
								<td>Suite</td>
								<td>SmokeTest</td>
							</tr>
					</table>
				</div>
			</div>
		</div>
	</div>
</div>
<!-- dashboard view -->
<!-- testrunner-logs view -->
		</div>
		<!-- container -->

		<script>
			var statusGroup = {
				passParent: 57,
				failParent: 3,
				fatalParent: 0,
				errorParent: 0,
				warningParent: 0,
				skipParent: 0,
				exceptionsParent: 3,
				
				passChild: 59,
				failChild: 16,
				fatalChild: 0,
				errorChild: 0,
				warningChild: 0,
				skipChild: 0,
				infoChild: 1,
				exceptionsChild: 16,
				
				passGrandChild: 0,
				failGrandChild: 0,
				fatalGrandChild: 0,
				errorGrandChild: 0,
				warningGrandChild: 0,
				skipGrandChild: 0,
				infoGrandChild: 0,
				exceptionsGrandChild: 0,
			};
		</script>
		
			<script src='https://cdn.rawgit.com/anshooarora/extentreports-java/fca20fb7653aade98810546ab96a2a4360e3e712/dist/js/extent.js' type='text/javascript'></script>
		
		
 		<script type='text/javascript'>
 		</script>
	</body>
	
</html>
