<html>
<head>
<title>TestNG:  Default test</title>
<link href="../testng.css" rel="stylesheet" type="text/css" />
<link href="../my-testng.css" rel="stylesheet" type="text/css" />

<style type="text/css">
.log { display: none;} 
.stack-trace { display: none;} 
</style>
<script type="text/javascript">
<!--
function flip(e) {
  current = e.style.display;
  if (current == 'block') {
    e.style.display = 'none';
    return 0;
  }
  else {
    e.style.display = 'block';
    return 1;
  }
}

function toggleBox(szDivId, elem, msg1, msg2)
{
  var res = -1;  if (document.getElementById) {
    res = flip(document.getElementById(szDivId));
  }
  else if (document.all) {
    // this is the way old msie versions work
    res = flip(document.all[szDivId]);
  }
  if(elem) {
    if(res == 0) elem.innerHTML = msg1; else elem.innerHTML = msg2;
  }

}

function toggleAllBoxes() {
  if (document.getElementsByTagName) {
    d = document.getElementsByTagName('div');
    for (i = 0; i < d.length; i++) {
      if (d[i].className == 'log') {
        flip(d[i]);
      }
    }
  }
}

// -->
</script>

</head>
<body>
<h2 align='center'>Default test</h2><table border='1' align="center">
<tr>
<td>Tests passed/Failed/Skipped:</td><td>41/7/0</td>
</tr><tr>
<td>Started on:</td><td>Tue Jan 21 17:31:50 IST 2020</td>
</tr>
<tr><td>Total time:</td><td>26 seconds (26514 ms)</td>
</tr><tr>
<td>Included groups:</td><td></td>
</tr><tr>
<td>Excluded groups:</td><td></td>
</tr>
</table><p/>
<small><i>(Hover the method name to see the test class name)</i></small><p/>
<table width='100%' border='1' class='invocation-failed'>
<tr><td colspan='4' align='center'><b>FAILED TESTS</b></td></tr>
<tr><td><b>Test method</b></td>
<td width="30%"><b>Exception</b></td>
<td width="10%"><b>Time (seconds)</b></td>
<td><b>Instance</b></td>
</tr>
<tr>
<td title='com.jbk.owp.test.DashboardPageTest.dashboard_Main_Heading_Spell()'><b>dashboard_Main_Heading_Spell</b><br>Test class: com.jbk.owp.test.DashboardPageTest<br>Test method: Dashboard Main Head speeling check </td>
<td><div><pre>java.lang.AssertionError: expected [Dashboard Courses Offered] but found [[[FirefoxDriver: firefox on WINDOWS (cbe88e0d-81c6-47f9-9186-e77c247d9054)] -&gt; xpath: //h1]]
	at com.jbk.owp.test.DashboardPageTest.dashboard_Main_Heading_Spell(DashboardPageTest.java:293)
... Removed 30 stack frames</pre></div><a href='#' onClick='toggleBox("stack-trace211199210", this, "Click to show all stack frames", "Click to hide stack frames")'>Click to show all stack frames</a>
<div class='stack-trace' id='stack-trace211199210'><pre>java.lang.AssertionError: expected [Dashboard Courses Offered] but found [[[FirefoxDriver: firefox on WINDOWS (cbe88e0d-81c6-47f9-9186-e77c247d9054)] -&gt; xpath: //h1]]
	at org.testng.Assert.fail(Assert.java:96)
	at org.testng.Assert.failNotEquals(Assert.java:776)
	at org.testng.Assert.assertEqualsImpl(Assert.java:137)
	at org.testng.Assert.assertEquals(Assert.java:118)
	at org.testng.Assert.assertEquals(Assert.java:442)
	at com.jbk.owp.test.DashboardPageTest.dashboard_Main_Heading_Spell(DashboardPageTest.java:293)
	at sun.reflect.NativeMethodAccessorImpl.invoke0(Native Method)
	at sun.reflect.NativeMethodAccessorImpl.invoke(NativeMethodAccessorImpl.java:62)
	at sun.reflect.DelegatingMethodAccessorImpl.invoke(DelegatingMethodAccessorImpl.java:43)
	at java.lang.reflect.Method.invoke(Method.java:498)
	at org.testng.internal.MethodInvocationHelper.invokeMethod(MethodInvocationHelper.java:124)
	at org.testng.internal.Invoker.invokeMethod(Invoker.java:583)
	at org.testng.internal.Invoker.invokeTestMethod(Invoker.java:719)
	at org.testng.internal.Invoker.invokeTestMethods(Invoker.java:989)
	at org.testng.internal.TestMethodWorker.invokeTestMethods(TestMethodWorker.java:125)
	at org.testng.internal.TestMethodWorker.run(TestMethodWorker.java:109)
	at org.testng.TestRunner.privateRun(TestRunner.java:648)
	at org.testng.TestRunner.run(TestRunner.java:505)
	at org.testng.SuiteRunner.runTest(SuiteRunner.java:455)
	at org.testng.SuiteRunner.runSequentially(SuiteRunner.java:450)
	at org.testng.SuiteRunner.privateRun(SuiteRunner.java:415)
	at org.testng.SuiteRunner.run(SuiteRunner.java:364)
	at org.testng.SuiteRunnerWorker.runSuite(SuiteRunnerWorker.java:52)
	at org.testng.SuiteRunnerWorker.run(SuiteRunnerWorker.java:84)
	at org.testng.TestNG.runSuitesSequentially(TestNG.java:1208)
	at org.testng.TestNG.runSuitesLocally(TestNG.java:1137)
	at org.testng.TestNG.runSuites(TestNG.java:1049)
	at org.testng.TestNG.run(TestNG.java:1017)
	at org.testng.remote.AbstractRemoteTestNG.run(AbstractRemoteTestNG.java:132)
	at org.testng.remote.RemoteTestNG.initAndRun(RemoteTestNG.java:236)
	at org.testng.remote.RemoteTestNG.main(RemoteTestNG.java:81)
</pre></div></td>
<td>0</td>
<td>com.jbk.owp.test.DashboardPageTest@3abbfa04</td></tr>
<tr>
<td title='com.jbk.owp.test.DashboardPageTest.moveover_Logout_Bgcolor()'><b>moveover_Logout_Bgcolor</b><br>Test class: com.jbk.owp.test.DashboardPageTest<br>Test method: Moveover on Logout Navigation Bgcolor change checking</td>
<td><div><pre>java.lang.AssertionError: expected [rgba(0, 0, 0, 0.1)] but found [rgba(0, 0, 0, 0)]
	at com.jbk.owp.test.DashboardPageTest.moveover_Logout_Bgcolor(DashboardPageTest.java:254)
... Removed 31 stack frames</pre></div><a href='#' onClick='toggleBox("stack-trace1437983537", this, "Click to show all stack frames", "Click to hide stack frames")'>Click to show all stack frames</a>
<div class='stack-trace' id='stack-trace1437983537'><pre>java.lang.AssertionError: expected [rgba(0, 0, 0, 0.1)] but found [rgba(0, 0, 0, 0)]
	at org.testng.Assert.fail(Assert.java:96)
	at org.testng.Assert.failNotEquals(Assert.java:776)
	at org.testng.Assert.assertEqualsImpl(Assert.java:137)
	at org.testng.Assert.assertEquals(Assert.java:118)
	at org.testng.Assert.assertEquals(Assert.java:453)
	at org.testng.Assert.assertEquals(Assert.java:463)
	at com.jbk.owp.test.DashboardPageTest.moveover_Logout_Bgcolor(DashboardPageTest.java:254)
	at sun.reflect.NativeMethodAccessorImpl.invoke0(Native Method)
	at sun.reflect.NativeMethodAccessorImpl.invoke(NativeMethodAccessorImpl.java:62)
	at sun.reflect.DelegatingMethodAccessorImpl.invoke(DelegatingMethodAccessorImpl.java:43)
	at java.lang.reflect.Method.invoke(Method.java:498)
	at org.testng.internal.MethodInvocationHelper.invokeMethod(MethodInvocationHelper.java:124)
	at org.testng.internal.Invoker.invokeMethod(Invoker.java:583)
	at org.testng.internal.Invoker.invokeTestMethod(Invoker.java:719)
	at org.testng.internal.Invoker.invokeTestMethods(Invoker.java:989)
	at org.testng.internal.TestMethodWorker.invokeTestMethods(TestMethodWorker.java:125)
	at org.testng.internal.TestMethodWorker.run(TestMethodWorker.java:109)
	at org.testng.TestRunner.privateRun(TestRunner.java:648)
	at org.testng.TestRunner.run(TestRunner.java:505)
	at org.testng.SuiteRunner.runTest(SuiteRunner.java:455)
	at org.testng.SuiteRunner.runSequentially(SuiteRunner.java:450)
	at org.testng.SuiteRunner.privateRun(SuiteRunner.java:415)
	at org.testng.SuiteRunner.run(SuiteRunner.java:364)
	at org.testng.SuiteRunnerWorker.runSuite(SuiteRunnerWorker.java:52)
	at org.testng.SuiteRunnerWorker.run(SuiteRunnerWorker.java:84)
	at org.testng.TestNG.runSuitesSequentially(TestNG.java:1208)
	at org.testng.TestNG.runSuitesLocally(TestNG.java:1137)
	at org.testng.TestNG.runSuites(TestNG.java:1049)
	at org.testng.TestNG.run(TestNG.java:1017)
	at org.testng.remote.AbstractRemoteTestNG.run(AbstractRemoteTestNG.java:132)
	at org.testng.remote.RemoteTestNG.initAndRun(RemoteTestNG.java:236)
	at org.testng.remote.RemoteTestNG.main(RemoteTestNG.java:81)
</pre></div></td>
<td>0</td>
<td>com.jbk.owp.test.DashboardPageTest@3abbfa04</td></tr>
<tr>
<td title='com.jbk.owp.test.DashboardPageTest.moveover_Oprators_Bgcolor()'><b>moveover_Oprators_Bgcolor</b><br>Test class: com.jbk.owp.test.DashboardPageTest<br>Test method: Moveover on Oprators Navigation Bgcolor change checking</td>
<td><div><pre>java.lang.AssertionError: expected [rgba(30, 40, 44, 1)] but found [rgb(30, 40, 44)]
	at com.jbk.owp.test.DashboardPageTest.moveover_Oprators_Bgcolor(DashboardPageTest.java:216)
... Removed 31 stack frames</pre></div><a href='#' onClick='toggleBox("stack-trace1298557761", this, "Click to show all stack frames", "Click to hide stack frames")'>Click to show all stack frames</a>
<div class='stack-trace' id='stack-trace1298557761'><pre>java.lang.AssertionError: expected [rgba(30, 40, 44, 1)] but found [rgb(30, 40, 44)]
	at org.testng.Assert.fail(Assert.java:96)
	at org.testng.Assert.failNotEquals(Assert.java:776)
	at org.testng.Assert.assertEqualsImpl(Assert.java:137)
	at org.testng.Assert.assertEquals(Assert.java:118)
	at org.testng.Assert.assertEquals(Assert.java:453)
	at org.testng.Assert.assertEquals(Assert.java:463)
	at com.jbk.owp.test.DashboardPageTest.moveover_Oprators_Bgcolor(DashboardPageTest.java:216)
	at sun.reflect.NativeMethodAccessorImpl.invoke0(Native Method)
	at sun.reflect.NativeMethodAccessorImpl.invoke(NativeMethodAccessorImpl.java:62)
	at sun.reflect.DelegatingMethodAccessorImpl.invoke(DelegatingMethodAccessorImpl.java:43)
	at java.lang.reflect.Method.invoke(Method.java:498)
	at org.testng.internal.MethodInvocationHelper.invokeMethod(MethodInvocationHelper.java:124)
	at org.testng.internal.Invoker.invokeMethod(Invoker.java:583)
	at org.testng.internal.Invoker.invokeTestMethod(Invoker.java:719)
	at org.testng.internal.Invoker.invokeTestMethods(Invoker.java:989)
	at org.testng.internal.TestMethodWorker.invokeTestMethods(TestMethodWorker.java:125)
	at org.testng.internal.TestMethodWorker.run(TestMethodWorker.java:109)
	at org.testng.TestRunner.privateRun(TestRunner.java:648)
	at org.testng.TestRunner.run(TestRunner.java:505)
	at org.testng.SuiteRunner.runTest(SuiteRunner.java:455)
	at org.testng.SuiteRunner.runSequentially(SuiteRunner.java:450)
	at org.testng.SuiteRunner.privateRun(SuiteRunner.java:415)
	at org.testng.SuiteRunner.run(SuiteRunner.java:364)
	at org.testng.SuiteRunnerWorker.runSuite(SuiteRunnerWorker.java:52)
	at org.testng.SuiteRunnerWorker.run(SuiteRunnerWorker.java:84)
	at org.testng.TestNG.runSuitesSequentially(TestNG.java:1208)
	at org.testng.TestNG.runSuitesLocally(TestNG.java:1137)
	at org.testng.TestNG.runSuites(TestNG.java:1049)
	at org.testng.TestNG.run(TestNG.java:1017)
	at org.testng.remote.AbstractRemoteTestNG.run(AbstractRemoteTestNG.java:132)
	at org.testng.remote.RemoteTestNG.initAndRun(RemoteTestNG.java:236)
	at org.testng.remote.RemoteTestNG.main(RemoteTestNG.java:81)
</pre></div></td>
<td>0</td>
<td>com.jbk.owp.test.DashboardPageTest@3abbfa04</td></tr>
<tr>
<td title='com.jbk.owp.test.DashboardPageTest.moveover_UsefulLinks_Bgcolor()'><b>moveover_UsefulLinks_Bgcolor</b><br>Test class: com.jbk.owp.test.DashboardPageTest<br>Test method: Moveover on Useful Navigation Bgcolor change checking</td>
<td><div><pre>java.lang.AssertionError: expected [rgba(30, 40, 44, 1)] but found [rgb(30, 40, 44)]
	at com.jbk.owp.test.DashboardPageTest.moveover_UsefulLinks_Bgcolor(DashboardPageTest.java:229)
... Removed 31 stack frames</pre></div><a href='#' onClick='toggleBox("stack-trace1604342290", this, "Click to show all stack frames", "Click to hide stack frames")'>Click to show all stack frames</a>
<div class='stack-trace' id='stack-trace1604342290'><pre>java.lang.AssertionError: expected [rgba(30, 40, 44, 1)] but found [rgb(30, 40, 44)]
	at org.testng.Assert.fail(Assert.java:96)
	at org.testng.Assert.failNotEquals(Assert.java:776)
	at org.testng.Assert.assertEqualsImpl(Assert.java:137)
	at org.testng.Assert.assertEquals(Assert.java:118)
	at org.testng.Assert.assertEquals(Assert.java:453)
	at org.testng.Assert.assertEquals(Assert.java:463)
	at com.jbk.owp.test.DashboardPageTest.moveover_UsefulLinks_Bgcolor(DashboardPageTest.java:229)
	at sun.reflect.NativeMethodAccessorImpl.invoke0(Native Method)
	at sun.reflect.NativeMethodAccessorImpl.invoke(NativeMethodAccessorImpl.java:62)
	at sun.reflect.DelegatingMethodAccessorImpl.invoke(DelegatingMethodAccessorImpl.java:43)
	at java.lang.reflect.Method.invoke(Method.java:498)
	at org.testng.internal.MethodInvocationHelper.invokeMethod(MethodInvocationHelper.java:124)
	at org.testng.internal.Invoker.invokeMethod(Invoker.java:583)
	at org.testng.internal.Invoker.invokeTestMethod(Invoker.java:719)
	at org.testng.internal.Invoker.invokeTestMethods(Invoker.java:989)
	at org.testng.internal.TestMethodWorker.invokeTestMethods(TestMethodWorker.java:125)
	at org.testng.internal.TestMethodWorker.run(TestMethodWorker.java:109)
	at org.testng.TestRunner.privateRun(TestRunner.java:648)
	at org.testng.TestRunner.run(TestRunner.java:505)
	at org.testng.SuiteRunner.runTest(SuiteRunner.java:455)
	at org.testng.SuiteRunner.runSequentially(SuiteRunner.java:450)
	at org.testng.SuiteRunner.privateRun(SuiteRunner.java:415)
	at org.testng.SuiteRunner.run(SuiteRunner.java:364)
	at org.testng.SuiteRunnerWorker.runSuite(SuiteRunnerWorker.java:52)
	at org.testng.SuiteRunnerWorker.run(SuiteRunnerWorker.java:84)
	at org.testng.TestNG.runSuitesSequentially(TestNG.java:1208)
	at org.testng.TestNG.runSuitesLocally(TestNG.java:1137)
	at org.testng.TestNG.runSuites(TestNG.java:1049)
	at org.testng.TestNG.run(TestNG.java:1017)
	at org.testng.remote.AbstractRemoteTestNG.run(AbstractRemoteTestNG.java:132)
	at org.testng.remote.RemoteTestNG.initAndRun(RemoteTestNG.java:236)
	at org.testng.remote.RemoteTestNG.main(RemoteTestNG.java:81)
</pre></div></td>
<td>0</td>
<td>com.jbk.owp.test.DashboardPageTest@3abbfa04</td></tr>
<tr>
<td title='com.jbk.owp.test.DashboardPageTest.moveover_User_Bgcolor()'><b>moveover_User_Bgcolor</b><br>Test class: com.jbk.owp.test.DashboardPageTest<br>Test method: Moveover on User Navigation Bgcolor change checking</td>
<td><div><pre>java.lang.AssertionError: expected [rgba(30, 40, 44, 1)] but found [rgb(30, 40, 44)]
	at com.jbk.owp.test.DashboardPageTest.moveover_User_Bgcolor(DashboardPageTest.java:203)
... Removed 31 stack frames</pre></div><a href='#' onClick='toggleBox("stack-trace1659435106", this, "Click to show all stack frames", "Click to hide stack frames")'>Click to show all stack frames</a>
<div class='stack-trace' id='stack-trace1659435106'><pre>java.lang.AssertionError: expected [rgba(30, 40, 44, 1)] but found [rgb(30, 40, 44)]
	at org.testng.Assert.fail(Assert.java:96)
	at org.testng.Assert.failNotEquals(Assert.java:776)
	at org.testng.Assert.assertEqualsImpl(Assert.java:137)
	at org.testng.Assert.assertEquals(Assert.java:118)
	at org.testng.Assert.assertEquals(Assert.java:453)
	at org.testng.Assert.assertEquals(Assert.java:463)
	at com.jbk.owp.test.DashboardPageTest.moveover_User_Bgcolor(DashboardPageTest.java:203)
	at sun.reflect.NativeMethodAccessorImpl.invoke0(Native Method)
	at sun.reflect.NativeMethodAccessorImpl.invoke(NativeMethodAccessorImpl.java:62)
	at sun.reflect.DelegatingMethodAccessorImpl.invoke(DelegatingMethodAccessorImpl.java:43)
	at java.lang.reflect.Method.invoke(Method.java:498)
	at org.testng.internal.MethodInvocationHelper.invokeMethod(MethodInvocationHelper.java:124)
	at org.testng.internal.Invoker.invokeMethod(Invoker.java:583)
	at org.testng.internal.Invoker.invokeTestMethod(Invoker.java:719)
	at org.testng.internal.Invoker.invokeTestMethods(Invoker.java:989)
	at org.testng.internal.TestMethodWorker.invokeTestMethods(TestMethodWorker.java:125)
	at org.testng.internal.TestMethodWorker.run(TestMethodWorker.java:109)
	at org.testng.TestRunner.privateRun(TestRunner.java:648)
	at org.testng.TestRunner.run(TestRunner.java:505)
	at org.testng.SuiteRunner.runTest(SuiteRunner.java:455)
	at org.testng.SuiteRunner.runSequentially(SuiteRunner.java:450)
	at org.testng.SuiteRunner.privateRun(SuiteRunner.java:415)
	at org.testng.SuiteRunner.run(SuiteRunner.java:364)
	at org.testng.SuiteRunnerWorker.runSuite(SuiteRunnerWorker.java:52)
	at org.testng.SuiteRunnerWorker.run(SuiteRunnerWorker.java:84)
	at org.testng.TestNG.runSuitesSequentially(TestNG.java:1208)
	at org.testng.TestNG.runSuitesLocally(TestNG.java:1137)
	at org.testng.TestNG.runSuites(TestNG.java:1049)
	at org.testng.TestNG.run(TestNG.java:1017)
	at org.testng.remote.AbstractRemoteTestNG.run(AbstractRemoteTestNG.java:132)
	at org.testng.remote.RemoteTestNG.initAndRun(RemoteTestNG.java:236)
	at org.testng.remote.RemoteTestNG.main(RemoteTestNG.java:81)
</pre></div></td>
<td>0</td>
<td>com.jbk.owp.test.DashboardPageTest@3abbfa04</td></tr>
<tr>
<td title='com.jbk.owp.test.DashboardPageTest.moveover_downloads_Bgcolor()'><b>moveover_downloads_Bgcolor</b><br>Test class: com.jbk.owp.test.DashboardPageTest<br>Test method: Moveover on Downlaods Navigation Bgcolor change checking</td>
<td><div><pre>java.lang.AssertionError: expected [rgba(30, 40, 44, 1)] but found [rgb(30, 40, 44)]
	at com.jbk.owp.test.DashboardPageTest.moveover_downloads_Bgcolor(DashboardPageTest.java:242)
... Removed 31 stack frames</pre></div><a href='#' onClick='toggleBox("stack-trace1865617081", this, "Click to show all stack frames", "Click to hide stack frames")'>Click to show all stack frames</a>
<div class='stack-trace' id='stack-trace1865617081'><pre>java.lang.AssertionError: expected [rgba(30, 40, 44, 1)] but found [rgb(30, 40, 44)]
	at org.testng.Assert.fail(Assert.java:96)
	at org.testng.Assert.failNotEquals(Assert.java:776)
	at org.testng.Assert.assertEqualsImpl(Assert.java:137)
	at org.testng.Assert.assertEquals(Assert.java:118)
	at org.testng.Assert.assertEquals(Assert.java:453)
	at org.testng.Assert.assertEquals(Assert.java:463)
	at com.jbk.owp.test.DashboardPageTest.moveover_downloads_Bgcolor(DashboardPageTest.java:242)
	at sun.reflect.NativeMethodAccessorImpl.invoke0(Native Method)
	at sun.reflect.NativeMethodAccessorImpl.invoke(NativeMethodAccessorImpl.java:62)
	at sun.reflect.DelegatingMethodAccessorImpl.invoke(DelegatingMethodAccessorImpl.java:43)
	at java.lang.reflect.Method.invoke(Method.java:498)
	at org.testng.internal.MethodInvocationHelper.invokeMethod(MethodInvocationHelper.java:124)
	at org.testng.internal.Invoker.invokeMethod(Invoker.java:583)
	at org.testng.internal.Invoker.invokeTestMethod(Invoker.java:719)
	at org.testng.internal.Invoker.invokeTestMethods(Invoker.java:989)
	at org.testng.internal.TestMethodWorker.invokeTestMethods(TestMethodWorker.java:125)
	at org.testng.internal.TestMethodWorker.run(TestMethodWorker.java:109)
	at org.testng.TestRunner.privateRun(TestRunner.java:648)
	at org.testng.TestRunner.run(TestRunner.java:505)
	at org.testng.SuiteRunner.runTest(SuiteRunner.java:455)
	at org.testng.SuiteRunner.runSequentially(SuiteRunner.java:450)
	at org.testng.SuiteRunner.privateRun(SuiteRunner.java:415)
	at org.testng.SuiteRunner.run(SuiteRunner.java:364)
	at org.testng.SuiteRunnerWorker.runSuite(SuiteRunnerWorker.java:52)
	at org.testng.SuiteRunnerWorker.run(SuiteRunnerWorker.java:84)
	at org.testng.TestNG.runSuitesSequentially(TestNG.java:1208)
	at org.testng.TestNG.runSuitesLocally(TestNG.java:1137)
	at org.testng.TestNG.runSuites(TestNG.java:1049)
	at org.testng.TestNG.run(TestNG.java:1017)
	at org.testng.remote.AbstractRemoteTestNG.run(AbstractRemoteTestNG.java:132)
	at org.testng.remote.RemoteTestNG.initAndRun(RemoteTestNG.java:236)
	at org.testng.remote.RemoteTestNG.main(RemoteTestNG.java:81)
</pre></div></td>
<td>0</td>
<td>com.jbk.owp.test.DashboardPageTest@3abbfa04</td></tr>
<tr>
<td title='com.jbk.owp.test.LoginPageTest.verifyTitle()'><b>verifyTitle</b><br>Test class: com.jbk.owp.test.LoginPageTest</td>
<td><div><pre>java.lang.AssertionError: expected [Java By subhash] but found [Java By Kiran]
	at com.jbk.owp.test.LoginPageTest.verifyTitle(LoginPageTest.java:49)
... Removed 31 stack frames</pre></div><a href='#' onClick='toggleBox("stack-trace977674685", this, "Click to show all stack frames", "Click to hide stack frames")'>Click to show all stack frames</a>
<div class='stack-trace' id='stack-trace977674685'><pre>java.lang.AssertionError: expected [Java By subhash] but found [Java By Kiran]
	at org.testng.Assert.fail(Assert.java:96)
	at org.testng.Assert.failNotEquals(Assert.java:776)
	at org.testng.Assert.assertEqualsImpl(Assert.java:137)
	at org.testng.Assert.assertEquals(Assert.java:118)
	at org.testng.Assert.assertEquals(Assert.java:453)
	at org.testng.Assert.assertEquals(Assert.java:463)
	at com.jbk.owp.test.LoginPageTest.verifyTitle(LoginPageTest.java:49)
	at sun.reflect.NativeMethodAccessorImpl.invoke0(Native Method)
	at sun.reflect.NativeMethodAccessorImpl.invoke(NativeMethodAccessorImpl.java:62)
	at sun.reflect.DelegatingMethodAccessorImpl.invoke(DelegatingMethodAccessorImpl.java:43)
	at java.lang.reflect.Method.invoke(Method.java:498)
	at org.testng.internal.MethodInvocationHelper.invokeMethod(MethodInvocationHelper.java:124)
	at org.testng.internal.Invoker.invokeMethod(Invoker.java:583)
	at org.testng.internal.Invoker.invokeTestMethod(Invoker.java:719)
	at org.testng.internal.Invoker.invokeTestMethods(Invoker.java:989)
	at org.testng.internal.TestMethodWorker.invokeTestMethods(TestMethodWorker.java:125)
	at org.testng.internal.TestMethodWorker.run(TestMethodWorker.java:109)
	at org.testng.TestRunner.privateRun(TestRunner.java:648)
	at org.testng.TestRunner.run(TestRunner.java:505)
	at org.testng.SuiteRunner.runTest(SuiteRunner.java:455)
	at org.testng.SuiteRunner.runSequentially(SuiteRunner.java:450)
	at org.testng.SuiteRunner.privateRun(SuiteRunner.java:415)
	at org.testng.SuiteRunner.run(SuiteRunner.java:364)
	at org.testng.SuiteRunnerWorker.runSuite(SuiteRunnerWorker.java:52)
	at org.testng.SuiteRunnerWorker.run(SuiteRunnerWorker.java:84)
	at org.testng.TestNG.runSuitesSequentially(TestNG.java:1208)
	at org.testng.TestNG.runSuitesLocally(TestNG.java:1137)
	at org.testng.TestNG.runSuites(TestNG.java:1049)
	at org.testng.TestNG.run(TestNG.java:1017)
	at org.testng.remote.AbstractRemoteTestNG.run(AbstractRemoteTestNG.java:132)
	at org.testng.remote.RemoteTestNG.initAndRun(RemoteTestNG.java:236)
	at org.testng.remote.RemoteTestNG.main(RemoteTestNG.java:81)
</pre></div></td>
<td>0</td>
<td>com.jbk.owp.test.LoginPageTest@239963d8</td></tr>
</table><p>
<table width='100%' border='1' class='invocation-passed'>
<tr><td colspan='4' align='center'><b>PASSED TESTS</b></td></tr>
<tr><td><b>Test method</b></td>
<td width="30%"><b>Exception</b></td>
<td width="10%"><b>Time (seconds)</b></td>
<td><b>Instance</b></td>
</tr>
<tr>
<td title='com.jbk.owp.test.DashboardPageTest.Dashboard_Main_Heading_Text_Check()'><b>Dashboard_Main_Heading_Text_Check</b><br>Test class: com.jbk.owp.test.DashboardPageTest<br>Test method: Dashboard  Main Heading spell check</td>
<td></td>
<td>0</td>
<td>com.jbk.owp.test.DashboardPageTest@3abbfa04</td></tr>
<tr>
<td title='com.jbk.owp.test.DashboardPageTest.Dashboard_Navigation_link_Check()'><b>Dashboard_Navigation_link_Check</b><br>Test class: com.jbk.owp.test.DashboardPageTest<br>Test method: Dashboard Navigation link Check</td>
<td></td>
<td>0</td>
<td>com.jbk.owp.test.DashboardPageTest@3abbfa04</td></tr>
<tr>
<td title='com.jbk.owp.test.LoginPageTest.Login()'><b>Login</b><br>Test class: com.jbk.owp.test.LoginPageTest<br>Parameters: TCJBK01, BlankInfo, , , Please enter email.</td>
<td></td>
<td>0</td>
<td>com.jbk.owp.test.LoginPageTest@239963d8</td></tr>
<tr>
<td title='com.jbk.owp.test.LoginPageTest.Login()'><b>Login</b><br>Test class: com.jbk.owp.test.LoginPageTest<br>Parameters: TCJBK02, InvalidInfo, abc, 123, Please enter email as kiran@gmail.com</td>
<td></td>
<td>0</td>
<td>com.jbk.owp.test.LoginPageTest@239963d8</td></tr>
<tr>
<td title='com.jbk.owp.test.LoginPageTest.Login()'><b>Login</b><br>Test class: com.jbk.owp.test.LoginPageTest<br>Parameters: TCJBK03, ValidInfo, kiran@gmail.com, 123456, Dashboard Courses Offered</td>
<td></td>
<td>11</td>
<td>com.jbk.owp.test.LoginPageTest@239963d8</td></tr>
<tr>
<td title='com.jbk.owp.test.DashboardPageTest.User_Navigation_isdisplayed_Check()'><b>User_Navigation_isdisplayed_Check</b><br>Test class: com.jbk.owp.test.DashboardPageTest<br>Test method: User Navigation Display check</td>
<td></td>
<td>0</td>
<td>com.jbk.owp.test.DashboardPageTest@3abbfa04</td></tr>
<tr>
<td title='com.jbk.owp.test.DashboardPageTest.automationtest_spell()'><b>automationtest_spell</b><br>Test class: com.jbk.owp.test.DashboardPageTest<br>Test method: automation heading speeling check </td>
<td></td>
<td>0</td>
<td>com.jbk.owp.test.DashboardPageTest@3abbfa04</td></tr>
<tr>
<td title='com.jbk.owp.test.DashboardPageTest.dashboard_Fotter_Spell()'><b>dashboard_Fotter_Spell</b><br>Test class: com.jbk.owp.test.DashboardPageTest<br>Test method: Dashboard fottor speeling check </td>
<td></td>
<td>0</td>
<td>com.jbk.owp.test.DashboardPageTest@3abbfa04</td></tr>
<tr>
<td title='com.jbk.owp.test.DashboardPageTest.downloads_Navigation_Spelling_Check()'><b>downloads_Navigation_Spelling_Check</b><br>Test class: com.jbk.owp.test.DashboardPageTest<br>Test method: Downloads Navigation Speeling Check</td>
<td></td>
<td>0</td>
<td>com.jbk.owp.test.DashboardPageTest@3abbfa04</td></tr>
<tr>
<td title='com.jbk.owp.test.DashboardPageTest.downloads_Navigation_link_Check()'><b>downloads_Navigation_link_Check</b><br>Test class: com.jbk.owp.test.DashboardPageTest<br>Test method: Downloads Navigation link Check</td>
<td></td>
<td>0</td>
<td>com.jbk.owp.test.DashboardPageTest@3abbfa04</td></tr>
<tr>
<td title='com.jbk.owp.test.DashboardPageTest.downloads_navigation_isdisplayed()'><b>downloads_navigation_isdisplayed</b><br>Test class: com.jbk.owp.test.DashboardPageTest<br>Test method: Downloads  Navigation Display check</td>
<td></td>
<td>0</td>
<td>com.jbk.owp.test.DashboardPageTest@3abbfa04</td></tr>
<tr>
<td title='com.jbk.owp.test.DashboardPageTest.jbk_Main_Heading_Spell_check()'><b>jbk_Main_Heading_Spell_check</b><br>Test class: com.jbk.owp.test.DashboardPageTest<br>Test method: JBK Main Heading Spell Check </td>
<td></td>
<td>0</td>
<td>com.jbk.owp.test.DashboardPageTest@3abbfa04</td></tr>
<tr>
<td title='com.jbk.owp.test.DashboardPageTest.jbk_subHeading_link()'><b>jbk_subHeading_link</b><br>Test class: com.jbk.owp.test.DashboardPageTest<br>Test method: JBK subHedding link Check </td>
<td></td>
<td>0</td>
<td>com.jbk.owp.test.DashboardPageTest@3abbfa04</td></tr>
<tr>
<td title='com.jbk.owp.test.DashboardPageTest.jbk_text_logo_isdisplayed()'><b>jbk_text_logo_isdisplayed</b><br>Test class: com.jbk.owp.test.DashboardPageTest<br>Test method: JBK  text Logo display check </td>
<td></td>
<td>0</td>
<td>com.jbk.owp.test.DashboardPageTest@3abbfa04</td></tr>
<tr>
<td title='com.jbk.owp.test.DashboardPageTest.logout_Navigation_Spelling_Check()'><b>logout_Navigation_Spelling_Check</b><br>Test class: com.jbk.owp.test.DashboardPageTest<br>Test method: Logout Navigation Speeling Check</td>
<td></td>
<td>0</td>
<td>com.jbk.owp.test.DashboardPageTest@3abbfa04</td></tr>
<tr>
<td title='com.jbk.owp.test.DashboardPageTest.logouttabisdisplayed()'><b>logouttabisdisplayed</b><br>Test class: com.jbk.owp.test.DashboardPageTest<br>Test method: Logout Navigation Display check</td>
<td></td>
<td>0</td>
<td>com.jbk.owp.test.DashboardPageTest@3abbfa04</td></tr>
<tr>
<td title='com.jbk.owp.test.DashboardPageTest.main_Navigation_Tab_Text_Check()'><b>main_Navigation_Tab_Text_Check</b><br>Test class: com.jbk.owp.test.DashboardPageTest<br>Test method: Main Navigation Speeling Check</td>
<td></td>
<td>0</td>
<td>com.jbk.owp.test.DashboardPageTest@3abbfa04</td></tr>
<tr>
<td title='com.jbk.owp.test.DashboardPageTest.moveover_Dashboard_Bgcolor()'><b>moveover_Dashboard_Bgcolor</b><br>Test class: com.jbk.owp.test.DashboardPageTest<br>Test method: Moveover on Dashboard Navigation Bgcolor change checking</td>
<td></td>
<td>0</td>
<td>com.jbk.owp.test.DashboardPageTest@3abbfa04</td></tr>
<tr>
<td title='com.jbk.owp.test.DashboardPageTest.operators_Navigation_isdisplayed()'><b>operators_Navigation_isdisplayed</b><br>Test class: com.jbk.owp.test.DashboardPageTest<br>Test method: Oprators Navigation Display check</td>
<td></td>
<td>0</td>
<td>com.jbk.owp.test.DashboardPageTest@3abbfa04</td></tr>
<tr>
<td title='com.jbk.owp.test.DashboardPageTest.oprators_Navigation_link_Check()'><b>oprators_Navigation_link_Check</b><br>Test class: com.jbk.owp.test.DashboardPageTest<br>Test method: Operators Navigation link Check</td>
<td></td>
<td>0</td>
<td>com.jbk.owp.test.DashboardPageTest@3abbfa04</td></tr>
<tr>
<td title='com.jbk.owp.test.DashboardPageTest.oprators_Navigation_spell_Check()'><b>oprators_Navigation_spell_Check</b><br>Test class: com.jbk.owp.test.DashboardPageTest<br>Test method: Oprators Navigation Speeling Check</td>
<td></td>
<td>0</td>
<td>com.jbk.owp.test.DashboardPageTest@3abbfa04</td></tr>
<tr>
<td title='com.jbk.owp.test.DashboardPageTest.pullright_Heading_spell()'><b>pullright_Heading_spell</b><br>Test class: com.jbk.owp.test.DashboardPageTest<br>Test method: Pull right heading speeling check </td>
<td></td>
<td>0</td>
<td>com.jbk.owp.test.DashboardPageTest@3abbfa04</td></tr>
<tr>
<td title='com.jbk.owp.test.DashboardPageTest.selenium_Course_Spell()'><b>selenium_Course_Spell</b><br>Test class: com.jbk.owp.test.DashboardPageTest<br>Test method: Selenium course information speeling check </td>
<td></td>
<td>0</td>
<td>com.jbk.owp.test.DashboardPageTest@3abbfa04</td></tr>
<tr>
<td title='com.jbk.owp.test.DashboardPageTest.sidebar_Menu_Navigations_Count()'><b>sidebar_Menu_Navigations_Count</b><br>Test class: com.jbk.owp.test.DashboardPageTest<br>Test method: Sidebar menu Navigations count</td>
<td></td>
<td>0</td>
<td>com.jbk.owp.test.DashboardPageTest@3abbfa04</td></tr>
<tr>
<td title='com.jbk.owp.test.DashboardPageTest.usefulLinks_navigation_link_Check()'><b>usefulLinks_navigation_link_Check</b><br>Test class: com.jbk.owp.test.DashboardPageTest<br>Test method: Useful Links Navigation link Check</td>
<td></td>
<td>0</td>
<td>com.jbk.owp.test.DashboardPageTest@3abbfa04</td></tr>
<tr>
<td title='com.jbk.owp.test.DashboardPageTest.useful_Links_spell_Check()'><b>useful_Links_spell_Check</b><br>Test class: com.jbk.owp.test.DashboardPageTest<br>Test method: Useful Links Navigation Speeling Check</td>
<td></td>
<td>0</td>
<td>com.jbk.owp.test.DashboardPageTest@3abbfa04</td></tr>
<tr>
<td title='com.jbk.owp.test.DashboardPageTest.usefullinks_Navaigation_isdisplayed()'><b>usefullinks_Navaigation_isdisplayed</b><br>Test class: com.jbk.owp.test.DashboardPageTest<br>Test method: Useful Links Navigation Display check</td>
<td></td>
<td>0</td>
<td>com.jbk.owp.test.DashboardPageTest@3abbfa04</td></tr>
<tr>
<td title='com.jbk.owp.test.DashboardPageTest.user_Navigation_link_Check()'><b>user_Navigation_link_Check</b><br>Test class: com.jbk.owp.test.DashboardPageTest<br>Test method: User Navigation link Check</td>
<td></td>
<td>0</td>
<td>com.jbk.owp.test.DashboardPageTest@3abbfa04</td></tr>
<tr>
<td title='com.jbk.owp.test.DashboardPageTest.user_Navigation_spell_Check()'><b>user_Navigation_spell_Check</b><br>Test class: com.jbk.owp.test.DashboardPageTest<br>Test method: Users Navigation Speeling Check</td>
<td></td>
<td>0</td>
<td>com.jbk.owp.test.DashboardPageTest@3abbfa04</td></tr>
<tr>
<td title='com.jbk.owp.test.DashboardPageTest.user_img_isdisplayed()'><b>user_img_isdisplayed</b><br>Test class: com.jbk.owp.test.DashboardPageTest<br>Test method: User Image display check </td>
<td></td>
<td>0</td>
<td>com.jbk.owp.test.DashboardPageTest@3abbfa04</td></tr>
<tr>
<td title='com.jbk.owp.test.LoginPageTest.verifyApplicationTitle()'><b>verifyApplicationTitle</b><br>Test class: com.jbk.owp.test.LoginPageTest</td>
<td></td>
<td>0</td>
<td>com.jbk.owp.test.LoginPageTest@239963d8</td></tr>
<tr>
<td title='com.jbk.owp.test.LoginPageTest.verifyButtoncolor()'><b>verifyButtoncolor</b><br>Test class: com.jbk.owp.test.LoginPageTest</td>
<td></td>
<td>0</td>
<td>com.jbk.owp.test.LoginPageTest@239963d8</td></tr>
<tr>
<td title='com.jbk.owp.test.DashboardPageTest.verifyDownloadLink()'><b>verifyDownloadLink</b><br>Test class: com.jbk.owp.test.DashboardPageTest</td>
<td></td>
<td>2</td>
<td>com.jbk.owp.test.DashboardPageTest@3abbfa04</td></tr>
<tr>
<td title='com.jbk.owp.test.LoginPageTest.verifyLinks()'><b>verifyLinks</b><br>Test class: com.jbk.owp.test.LoginPageTest</td>
<td></td>
<td>0</td>
<td>com.jbk.owp.test.LoginPageTest@239963d8</td></tr>
<tr>
<td title='com.jbk.owp.test.DashboardPageTest.verifyOperatorslink()'><b>verifyOperatorslink</b><br>Test class: com.jbk.owp.test.DashboardPageTest</td>
<td></td>
<td>0</td>
<td>com.jbk.owp.test.DashboardPageTest@3abbfa04</td></tr>
<tr>
<td title='com.jbk.owp.test.LoginPageTest.verifyPlaceHolderPassword()'><b>verifyPlaceHolderPassword</b><br>Test class: com.jbk.owp.test.LoginPageTest</td>
<td></td>
<td>0</td>
<td>com.jbk.owp.test.LoginPageTest@239963d8</td></tr>
<tr>
<td title='com.jbk.owp.test.LoginPageTest.verifyPlaceHolderUsername()'><b>verifyPlaceHolderUsername</b><br>Test class: com.jbk.owp.test.LoginPageTest</td>
<td></td>
<td>0</td>
<td>com.jbk.owp.test.LoginPageTest@239963d8</td></tr>
<tr>
<td title='com.jbk.owp.test.LoginPageTest.verifyUrl()'><b>verifyUrl</b><br>Test class: com.jbk.owp.test.LoginPageTest</td>
<td></td>
<td>0</td>
<td>com.jbk.owp.test.LoginPageTest@239963d8</td></tr>
<tr>
<td title='com.jbk.owp.test.DashboardPageTest.verifyUsefulLink()'><b>verifyUsefulLink</b><br>Test class: com.jbk.owp.test.DashboardPageTest</td>
<td></td>
<td>0</td>
<td>com.jbk.owp.test.DashboardPageTest@3abbfa04</td></tr>
<tr>
<td title='com.jbk.owp.test.DashboardPageTest.verifyUserLink()'><b>verifyUserLink</b><br>Test class: com.jbk.owp.test.DashboardPageTest</td>
<td></td>
<td>3</td>
<td>com.jbk.owp.test.DashboardPageTest@3abbfa04</td></tr>
<tr>
<td title='com.jbk.owp.test.LoginPageTest.verifyloginsesion()'><b>verifyloginsesion</b><br>Test class: com.jbk.owp.test.LoginPageTest</td>
<td></td>
<td>0</td>
<td>com.jbk.owp.test.LoginPageTest@239963d8</td></tr>
</table><p>
</body>
</html>