<?xml version="1.0" encoding="UTF-8"?>
<!-- Generated by org.testng.reporters.JUnitXMLReporter -->
<testsuite hostname="SUBHASHA-PC" ignored="4" name="Default test" tests="48" failures="7" timestamp="21 Jan 2020 12:02:17 GMT" time="26.514" errors="0">
  <testcase name="verifyUrl" time="0.02" classname="com.jbk.owp.test.LoginPageTest"/>
  <testcase name="verifyApplicationTitle" time="0.007" classname="com.jbk.owp.test.LoginPageTest"/>
  <testcase name="verifyTitle" time="0.073" classname="com.jbk.owp.test.LoginPageTest">
    <failure type="java.lang.AssertionError" message="expected [Java By subhash] but found [Java By Kiran]">
      <![CDATA[java.lang.AssertionError: expected [Java By subhash] but found [Java By Kiran]
at com.jbk.owp.test.LoginPageTest.verifyTitle(LoginPageTest.java:49)
... Removed 31 stack frames]]>
    </failure>
  </testcase> <!-- verifyTitle -->
  <testcase name="verifyloginsesion" time="0.021" classname="com.jbk.owp.test.LoginPageTest"/>
  <testcase name="verifyPlaceHolderUsername" time="0.027" classname="com.jbk.owp.test.LoginPageTest"/>
  <testcase name="verifyPlaceHolderPassword" time="0.023" classname="com.jbk.owp.test.LoginPageTest"/>
  <testcase name="verifyButtoncolor" time="0.181" classname="com.jbk.owp.test.LoginPageTest"/>
  <testcase name="verifyLinks" time="0.038" classname="com.jbk.owp.test.LoginPageTest"/>
  <testcase name="Login" time="0.315" classname="com.jbk.owp.test.LoginPageTest"/>
  <testcase name="Login" time="0.372" classname="com.jbk.owp.test.LoginPageTest"/>
  <testcase name="Login" time="11.26" classname="com.jbk.owp.test.LoginPageTest"/>
  <testcase name="main_Navigation_Tab_Text_Check" time="0.023" classname="com.jbk.owp.test.DashboardPageTest"/>
  <testcase name="Dashboard_Main_Heading_Text_Check" time="0.023" classname="com.jbk.owp.test.DashboardPageTest"/>
  <testcase name="user_Navigation_spell_Check" time="0.016" classname="com.jbk.owp.test.DashboardPageTest"/>
  <testcase name="oprators_Navigation_spell_Check" time="0.018" classname="com.jbk.owp.test.DashboardPageTest"/>
  <testcase name="useful_Links_spell_Check" time="0.015" classname="com.jbk.owp.test.DashboardPageTest"/>
  <testcase name="downloads_Navigation_Spelling_Check" time="0.014" classname="com.jbk.owp.test.DashboardPageTest"/>
  <testcase name="logout_Navigation_Spelling_Check" time="0.013" classname="com.jbk.owp.test.DashboardPageTest"/>
  <testcase name="Dashboard_Navigation_link_Check" time="0.022" classname="com.jbk.owp.test.DashboardPageTest"/>
  <testcase name="user_Navigation_link_Check" time="0.02" classname="com.jbk.owp.test.DashboardPageTest"/>
  <testcase name="oprators_Navigation_link_Check" time="0.018" classname="com.jbk.owp.test.DashboardPageTest"/>
  <testcase name="usefulLinks_navigation_link_Check" time="0.017" classname="com.jbk.owp.test.DashboardPageTest"/>
  <testcase name="downloads_Navigation_link_Check" time="0.014" classname="com.jbk.owp.test.DashboardPageTest"/>
  <testcase name="sidebar_Menu_Navigations_Count" time="0.001" classname="com.jbk.owp.test.DashboardPageTest"/>
  <testcase name="User_Navigation_isdisplayed_Check" time="0.032" classname="com.jbk.owp.test.DashboardPageTest"/>
  <testcase name="operators_Navigation_isdisplayed" time="0.037" classname="com.jbk.owp.test.DashboardPageTest"/>
  <testcase name="usefullinks_Navaigation_isdisplayed" time="0.041" classname="com.jbk.owp.test.DashboardPageTest"/>
  <testcase name="downloads_navigation_isdisplayed" time="0.031" classname="com.jbk.owp.test.DashboardPageTest"/>
  <testcase name="logouttabisdisplayed" time="0.038" classname="com.jbk.owp.test.DashboardPageTest"/>
  <testcase name="moveover_Dashboard_Bgcolor" time="0.175" classname="com.jbk.owp.test.DashboardPageTest"/>
  <testcase name="moveover_User_Bgcolor" time="0.161" classname="com.jbk.owp.test.DashboardPageTest">
    <failure type="java.lang.AssertionError" message="expected [rgba(30, 40, 44, 1)] but found [rgb(30, 40, 44)]">
      <![CDATA[java.lang.AssertionError: expected [rgba(30, 40, 44, 1)] but found [rgb(30, 40, 44)]
at com.jbk.owp.test.DashboardPageTest.moveover_User_Bgcolor(DashboardPageTest.java:203)
... Removed 31 stack frames]]>
    </failure>
  </testcase> <!-- moveover_User_Bgcolor -->
  <testcase name="moveover_Oprators_Bgcolor" time="0.154" classname="com.jbk.owp.test.DashboardPageTest">
    <failure type="java.lang.AssertionError" message="expected [rgba(30, 40, 44, 1)] but found [rgb(30, 40, 44)]">
      <![CDATA[java.lang.AssertionError: expected [rgba(30, 40, 44, 1)] but found [rgb(30, 40, 44)]
at com.jbk.owp.test.DashboardPageTest.moveover_Oprators_Bgcolor(DashboardPageTest.java:216)
... Removed 31 stack frames]]>
    </failure>
  </testcase> <!-- moveover_Oprators_Bgcolor -->
  <testcase name="moveover_UsefulLinks_Bgcolor" time="0.147" classname="com.jbk.owp.test.DashboardPageTest">
    <failure type="java.lang.AssertionError" message="expected [rgba(30, 40, 44, 1)] but found [rgb(30, 40, 44)]">
      <![CDATA[java.lang.AssertionError: expected [rgba(30, 40, 44, 1)] but found [rgb(30, 40, 44)]
at com.jbk.owp.test.DashboardPageTest.moveover_UsefulLinks_Bgcolor(DashboardPageTest.java:229)
... Removed 31 stack frames]]>
    </failure>
  </testcase> <!-- moveover_UsefulLinks_Bgcolor -->
  <testcase name="moveover_downloads_Bgcolor" time="0.163" classname="com.jbk.owp.test.DashboardPageTest">
    <failure type="java.lang.AssertionError" message="expected [rgba(30, 40, 44, 1)] but found [rgb(30, 40, 44)]">
      <![CDATA[java.lang.AssertionError: expected [rgba(30, 40, 44, 1)] but found [rgb(30, 40, 44)]
at com.jbk.owp.test.DashboardPageTest.moveover_downloads_Bgcolor(DashboardPageTest.java:242)
... Removed 31 stack frames]]>
    </failure>
  </testcase> <!-- moveover_downloads_Bgcolor -->
  <testcase name="moveover_Logout_Bgcolor" time="0.161" classname="com.jbk.owp.test.DashboardPageTest">
    <failure type="java.lang.AssertionError" message="expected [rgba(0, 0, 0, 0.1)] but found [rgba(0, 0, 0, 0)]">
      <![CDATA[java.lang.AssertionError: expected [rgba(0, 0, 0, 0.1)] but found [rgba(0, 0, 0, 0)]
at com.jbk.owp.test.DashboardPageTest.moveover_Logout_Bgcolor(DashboardPageTest.java:254)
... Removed 31 stack frames]]>
    </failure>
  </testcase> <!-- moveover_Logout_Bgcolor -->
  <testcase name="jbk_Main_Heading_Spell_check" time="0.012" classname="com.jbk.owp.test.DashboardPageTest"/>
  <testcase name="jbk_subHeading_link" time="0.016" classname="com.jbk.owp.test.DashboardPageTest"/>
  <testcase name="jbk_text_logo_isdisplayed" time="0.044" classname="com.jbk.owp.test.DashboardPageTest"/>
  <testcase name="user_img_isdisplayed" time="0.128" classname="com.jbk.owp.test.DashboardPageTest"/>
  <testcase name="dashboard_Main_Heading_Spell" time="0.009" classname="com.jbk.owp.test.DashboardPageTest">
    <failure type="java.lang.AssertionError" message="expected [Dashboard Courses Offered] but found [[[FirefoxDriver: firefox on WINDOWS (cbe88e0d-81c6-47f9-9186-e77c247d9054)] -&amp;gt; xpath: //h1]]">
      <![CDATA[java.lang.AssertionError: expected [Dashboard Courses Offered] but found [[[FirefoxDriver: firefox on WINDOWS (cbe88e0d-81c6-47f9-9186-e77c247d9054)] -> xpath: //h1]]
at com.jbk.owp.test.DashboardPageTest.dashboard_Main_Heading_Spell(DashboardPageTest.java:293)
... Removed 30 stack frames]]>
    </failure>
  </testcase> <!-- dashboard_Main_Heading_Spell -->
  <testcase name="dashboard_Fotter_Spell" time="0.067" classname="com.jbk.owp.test.DashboardPageTest"/>
  <testcase name="pullright_Heading_spell" time="0.015" classname="com.jbk.owp.test.DashboardPageTest"/>
  <testcase name="selenium_Course_Spell" time="0.015" classname="com.jbk.owp.test.DashboardPageTest"/>
  <testcase name="automationtest_spell" time="0.012" classname="com.jbk.owp.test.DashboardPageTest"/>
  <testcase name="verifyUserLink" time="3.538" classname="com.jbk.owp.test.DashboardPageTest"/>
  <testcase name="verifyOperatorslink" time="0.181" classname="com.jbk.owp.test.DashboardPageTest"/>
  <testcase name="verifyUsefulLink" time="0.228" classname="com.jbk.owp.test.DashboardPageTest"/>
  <testcase name="verifyDownloadLink" time="2.574" classname="com.jbk.owp.test.DashboardPageTest"/>
  <testcase name="@AfterSuite CloseApplication" time="0.0" classname="com.jbk.owp.base.TestBase">
    <ignored/>
  </testcase> <!-- @AfterSuite CloseApplication -->
  <testcase name="@AfterSuite CloseApplication" time="0.0" classname="com.jbk.owp.base.TestBase">
    <ignored/>
  </testcase> <!-- @AfterSuite CloseApplication -->
  <testcase name="@BeforeSuite Setup" time="0.0" classname="com.jbk.owp.base.TestBase">
    <ignored/>
  </testcase> <!-- @BeforeSuite Setup -->
  <testcase name="@BeforeSuite Setup" time="0.0" classname="com.jbk.owp.base.TestBase">
    <ignored/>
  </testcase> <!-- @BeforeSuite Setup -->
</testsuite> <!-- Default test -->
