<html>
<head>
<title>TestNG:  test</title>
<link href="../testng.css" rel="stylesheet" type="text/css" />
<link href="../my-testng.css" rel="stylesheet" type="text/css" />

<style type="text/css">
.log { display: none;} 
.stack-trace { display: none;} 
</style>
<script type="text/javascript">
<!--
function flip(e) {
  current = e.style.display;
  if (current == 'block') {
    e.style.display = 'none';
    return 0;
  }
  else {
    e.style.display = 'block';
    return 1;
  }
}

function toggleBox(szDivId, elem, msg1, msg2)
{
  var res = -1;  if (document.getElementById) {
    res = flip(document.getElementById(szDivId));
  }
  else if (document.all) {
    // this is the way old msie versions work
    res = flip(document.all[szDivId]);
  }
  if(elem) {
    if(res == 0) elem.innerHTML = msg1; else elem.innerHTML = msg2;
  }

}

function toggleAllBoxes() {
  if (document.getElementsByTagName) {
    d = document.getElementsByTagName('div');
    for (i = 0; i < d.length; i++) {
      if (d[i].className == 'log') {
        flip(d[i]);
      }
    }
  }
}

// -->
</script>

</head>
<body>
<h2 align='center'>test</h2><table border='1' align="center">
<tr>
<td>Tests passed/Failed/Skipped:</td><td>58/7/0</td>
</tr><tr>
<td>Started on:</td><td>Sun Feb 02 23:23:22 IST 2020</td>
</tr>
<tr><td>Total time:</td><td>77 seconds (77207 ms)</td>
</tr><tr>
<td>Included groups:</td><td></td>
</tr><tr>
<td>Excluded groups:</td><td></td>
</tr>
</table><p/>
<small><i>(Hover the method name to see the test class name)</i></small><p/>
<table width='100%' border='1' class='invocation-failed'>
<tr><td colspan='4' align='center'><b>FAILED TESTS</b></td></tr>
<tr><td><b>Test method</b></td>
<td width="30%"><b>Exception</b></td>
<td width="10%"><b>Time (seconds)</b></td>
<td><b>Instance</b></td>
</tr>
<tr>
<td title='com.jbk.owp.test.DashboardPageTest.moveover_Logout_Bgcolor()'><b>moveover_Logout_Bgcolor</b><br>Test class: com.jbk.owp.test.DashboardPageTest<br>Test method: Moveover on Logout Navigation Bgcolor change checking</td>
<td><div><pre>java.lang.AssertionError: expected [rgba(0, 0, 0, 0.1)] but found [rgba(0, 0, 0, 0)]
	at com.jbk.owp.test.DashboardPageTest.moveover_Logout_Bgcolor(DashboardPageTest.java:251)
... Removed 30 stack frames</pre></div><a href='#' onClick='toggleBox("stack-trace1017792343", this, "Click to show all stack frames", "Click to hide stack frames")'>Click to show all stack frames</a>
<div class='stack-trace' id='stack-trace1017792343'><pre>java.lang.AssertionError: expected [rgba(0, 0, 0, 0.1)] but found [rgba(0, 0, 0, 0)]
	at org.testng.Assert.fail(Assert.java:94)
	at org.testng.Assert.failNotEquals(Assert.java:513)
	at org.testng.Assert.assertEqualsImpl(Assert.java:135)
	at org.testng.Assert.assertEquals(Assert.java:116)
	at org.testng.Assert.assertEquals(Assert.java:190)
	at org.testng.Assert.assertEquals(Assert.java:200)
	at com.jbk.owp.test.DashboardPageTest.moveover_Logout_Bgcolor(DashboardPageTest.java:251)
	at sun.reflect.NativeMethodAccessorImpl.invoke0(Native Method)
	at sun.reflect.NativeMethodAccessorImpl.invoke(NativeMethodAccessorImpl.java:62)
	at sun.reflect.DelegatingMethodAccessorImpl.invoke(DelegatingMethodAccessorImpl.java:43)
	at java.lang.reflect.Method.invoke(Method.java:498)
	at org.testng.internal.MethodInvocationHelper.invokeMethod(MethodInvocationHelper.java:86)
	at org.testng.internal.Invoker.invokeMethod(Invoker.java:643)
	at org.testng.internal.Invoker.invokeTestMethod(Invoker.java:820)
	at org.testng.internal.Invoker.invokeTestMethods(Invoker.java:1128)
	at org.testng.internal.TestMethodWorker.invokeTestMethods(TestMethodWorker.java:129)
	at org.testng.internal.TestMethodWorker.run(TestMethodWorker.java:112)
	at org.testng.TestRunner.privateRun(TestRunner.java:782)
	at org.testng.TestRunner.run(TestRunner.java:632)
	at org.testng.SuiteRunner.runTest(SuiteRunner.java:366)
	at org.testng.SuiteRunner.runSequentially(SuiteRunner.java:361)
	at org.testng.SuiteRunner.privateRun(SuiteRunner.java:319)
	at org.testng.SuiteRunner.run(SuiteRunner.java:268)
	at org.testng.SuiteRunnerWorker.runSuite(SuiteRunnerWorker.java:52)
	at org.testng.SuiteRunnerWorker.run(SuiteRunnerWorker.java:86)
	at org.testng.TestNG.runSuitesSequentially(TestNG.java:1244)
	at org.testng.TestNG.runSuitesLocally(TestNG.java:1169)
	at org.testng.TestNG.run(TestNG.java:1064)
	at org.testng.remote.AbstractRemoteTestNG.run(AbstractRemoteTestNG.java:132)
	at org.testng.remote.RemoteTestNG.initAndRun(RemoteTestNG.java:236)
	at org.testng.remote.RemoteTestNG.main(RemoteTestNG.java:81)
</pre></div></td>
<td>0</td>
<td>com.jbk.owp.test.DashboardPageTest@31190526</td></tr>
<tr>
<td title='com.jbk.owp.test.DashboardPageTest.moveover_Oprators_Bgcolor()'><b>moveover_Oprators_Bgcolor</b><br>Test class: com.jbk.owp.test.DashboardPageTest<br>Test method: Moveover on Oprators Navigation Bgcolor change checking</td>
<td><div><pre>java.lang.AssertionError: expected [rgba(30, 40, 44, 1)] but found [rgb(30, 40, 44)]
	at com.jbk.owp.test.DashboardPageTest.moveover_Oprators_Bgcolor(DashboardPageTest.java:214)
... Removed 30 stack frames</pre></div><a href='#' onClick='toggleBox("stack-trace248487859", this, "Click to show all stack frames", "Click to hide stack frames")'>Click to show all stack frames</a>
<div class='stack-trace' id='stack-trace248487859'><pre>java.lang.AssertionError: expected [rgba(30, 40, 44, 1)] but found [rgb(30, 40, 44)]
	at org.testng.Assert.fail(Assert.java:94)
	at org.testng.Assert.failNotEquals(Assert.java:513)
	at org.testng.Assert.assertEqualsImpl(Assert.java:135)
	at org.testng.Assert.assertEquals(Assert.java:116)
	at org.testng.Assert.assertEquals(Assert.java:190)
	at org.testng.Assert.assertEquals(Assert.java:200)
	at com.jbk.owp.test.DashboardPageTest.moveover_Oprators_Bgcolor(DashboardPageTest.java:214)
	at sun.reflect.NativeMethodAccessorImpl.invoke0(Native Method)
	at sun.reflect.NativeMethodAccessorImpl.invoke(NativeMethodAccessorImpl.java:62)
	at sun.reflect.DelegatingMethodAccessorImpl.invoke(DelegatingMethodAccessorImpl.java:43)
	at java.lang.reflect.Method.invoke(Method.java:498)
	at org.testng.internal.MethodInvocationHelper.invokeMethod(MethodInvocationHelper.java:86)
	at org.testng.internal.Invoker.invokeMethod(Invoker.java:643)
	at org.testng.internal.Invoker.invokeTestMethod(Invoker.java:820)
	at org.testng.internal.Invoker.invokeTestMethods(Invoker.java:1128)
	at org.testng.internal.TestMethodWorker.invokeTestMethods(TestMethodWorker.java:129)
	at org.testng.internal.TestMethodWorker.run(TestMethodWorker.java:112)
	at org.testng.TestRunner.privateRun(TestRunner.java:782)
	at org.testng.TestRunner.run(TestRunner.java:632)
	at org.testng.SuiteRunner.runTest(SuiteRunner.java:366)
	at org.testng.SuiteRunner.runSequentially(SuiteRunner.java:361)
	at org.testng.SuiteRunner.privateRun(SuiteRunner.java:319)
	at org.testng.SuiteRunner.run(SuiteRunner.java:268)
	at org.testng.SuiteRunnerWorker.runSuite(SuiteRunnerWorker.java:52)
	at org.testng.SuiteRunnerWorker.run(SuiteRunnerWorker.java:86)
	at org.testng.TestNG.runSuitesSequentially(TestNG.java:1244)
	at org.testng.TestNG.runSuitesLocally(TestNG.java:1169)
	at org.testng.TestNG.run(TestNG.java:1064)
	at org.testng.remote.AbstractRemoteTestNG.run(AbstractRemoteTestNG.java:132)
	at org.testng.remote.RemoteTestNG.initAndRun(RemoteTestNG.java:236)
	at org.testng.remote.RemoteTestNG.main(RemoteTestNG.java:81)
</pre></div></td>
<td>0</td>
<td>com.jbk.owp.test.DashboardPageTest@31190526</td></tr>
<tr>
<td title='com.jbk.owp.test.DashboardPageTest.moveover_UsefulLinks_Bgcolor()'><b>moveover_UsefulLinks_Bgcolor</b><br>Test class: com.jbk.owp.test.DashboardPageTest<br>Test method: Moveover on Useful Navigation Bgcolor change checking</td>
<td><div><pre>java.lang.AssertionError: expected [rgba(30, 40, 44, 1)] but found [rgb(30, 40, 44)]
	at com.jbk.owp.test.DashboardPageTest.moveover_UsefulLinks_Bgcolor(DashboardPageTest.java:227)
... Removed 30 stack frames</pre></div><a href='#' onClick='toggleBox("stack-trace817941759", this, "Click to show all stack frames", "Click to hide stack frames")'>Click to show all stack frames</a>
<div class='stack-trace' id='stack-trace817941759'><pre>java.lang.AssertionError: expected [rgba(30, 40, 44, 1)] but found [rgb(30, 40, 44)]
	at org.testng.Assert.fail(Assert.java:94)
	at org.testng.Assert.failNotEquals(Assert.java:513)
	at org.testng.Assert.assertEqualsImpl(Assert.java:135)
	at org.testng.Assert.assertEquals(Assert.java:116)
	at org.testng.Assert.assertEquals(Assert.java:190)
	at org.testng.Assert.assertEquals(Assert.java:200)
	at com.jbk.owp.test.DashboardPageTest.moveover_UsefulLinks_Bgcolor(DashboardPageTest.java:227)
	at sun.reflect.NativeMethodAccessorImpl.invoke0(Native Method)
	at sun.reflect.NativeMethodAccessorImpl.invoke(NativeMethodAccessorImpl.java:62)
	at sun.reflect.DelegatingMethodAccessorImpl.invoke(DelegatingMethodAccessorImpl.java:43)
	at java.lang.reflect.Method.invoke(Method.java:498)
	at org.testng.internal.MethodInvocationHelper.invokeMethod(MethodInvocationHelper.java:86)
	at org.testng.internal.Invoker.invokeMethod(Invoker.java:643)
	at org.testng.internal.Invoker.invokeTestMethod(Invoker.java:820)
	at org.testng.internal.Invoker.invokeTestMethods(Invoker.java:1128)
	at org.testng.internal.TestMethodWorker.invokeTestMethods(TestMethodWorker.java:129)
	at org.testng.internal.TestMethodWorker.run(TestMethodWorker.java:112)
	at org.testng.TestRunner.privateRun(TestRunner.java:782)
	at org.testng.TestRunner.run(TestRunner.java:632)
	at org.testng.SuiteRunner.runTest(SuiteRunner.java:366)
	at org.testng.SuiteRunner.runSequentially(SuiteRunner.java:361)
	at org.testng.SuiteRunner.privateRun(SuiteRunner.java:319)
	at org.testng.SuiteRunner.run(SuiteRunner.java:268)
	at org.testng.SuiteRunnerWorker.runSuite(SuiteRunnerWorker.java:52)
	at org.testng.SuiteRunnerWorker.run(SuiteRunnerWorker.java:86)
	at org.testng.TestNG.runSuitesSequentially(TestNG.java:1244)
	at org.testng.TestNG.runSuitesLocally(TestNG.java:1169)
	at org.testng.TestNG.run(TestNG.java:1064)
	at org.testng.remote.AbstractRemoteTestNG.run(AbstractRemoteTestNG.java:132)
	at org.testng.remote.RemoteTestNG.initAndRun(RemoteTestNG.java:236)
	at org.testng.remote.RemoteTestNG.main(RemoteTestNG.java:81)
</pre></div></td>
<td>0</td>
<td>com.jbk.owp.test.DashboardPageTest@31190526</td></tr>
<tr>
<td title='com.jbk.owp.test.DashboardPageTest.moveover_User_Bgcolor()'><b>moveover_User_Bgcolor</b><br>Test class: com.jbk.owp.test.DashboardPageTest<br>Test method: Moveover on User Navigation Bgcolor change checking</td>
<td><div><pre>java.lang.AssertionError: expected [rgba(30, 40, 44, 1)] but found [rgb(30, 40, 44)]
	at com.jbk.owp.test.DashboardPageTest.moveover_User_Bgcolor(DashboardPageTest.java:201)
... Removed 30 stack frames</pre></div><a href='#' onClick='toggleBox("stack-trace1924966548", this, "Click to show all stack frames", "Click to hide stack frames")'>Click to show all stack frames</a>
<div class='stack-trace' id='stack-trace1924966548'><pre>java.lang.AssertionError: expected [rgba(30, 40, 44, 1)] but found [rgb(30, 40, 44)]
	at org.testng.Assert.fail(Assert.java:94)
	at org.testng.Assert.failNotEquals(Assert.java:513)
	at org.testng.Assert.assertEqualsImpl(Assert.java:135)
	at org.testng.Assert.assertEquals(Assert.java:116)
	at org.testng.Assert.assertEquals(Assert.java:190)
	at org.testng.Assert.assertEquals(Assert.java:200)
	at com.jbk.owp.test.DashboardPageTest.moveover_User_Bgcolor(DashboardPageTest.java:201)
	at sun.reflect.NativeMethodAccessorImpl.invoke0(Native Method)
	at sun.reflect.NativeMethodAccessorImpl.invoke(NativeMethodAccessorImpl.java:62)
	at sun.reflect.DelegatingMethodAccessorImpl.invoke(DelegatingMethodAccessorImpl.java:43)
	at java.lang.reflect.Method.invoke(Method.java:498)
	at org.testng.internal.MethodInvocationHelper.invokeMethod(MethodInvocationHelper.java:86)
	at org.testng.internal.Invoker.invokeMethod(Invoker.java:643)
	at org.testng.internal.Invoker.invokeTestMethod(Invoker.java:820)
	at org.testng.internal.Invoker.invokeTestMethods(Invoker.java:1128)
	at org.testng.internal.TestMethodWorker.invokeTestMethods(TestMethodWorker.java:129)
	at org.testng.internal.TestMethodWorker.run(TestMethodWorker.java:112)
	at org.testng.TestRunner.privateRun(TestRunner.java:782)
	at org.testng.TestRunner.run(TestRunner.java:632)
	at org.testng.SuiteRunner.runTest(SuiteRunner.java:366)
	at org.testng.SuiteRunner.runSequentially(SuiteRunner.java:361)
	at org.testng.SuiteRunner.privateRun(SuiteRunner.java:319)
	at org.testng.SuiteRunner.run(SuiteRunner.java:268)
	at org.testng.SuiteRunnerWorker.runSuite(SuiteRunnerWorker.java:52)
	at org.testng.SuiteRunnerWorker.run(SuiteRunnerWorker.java:86)
	at org.testng.TestNG.runSuitesSequentially(TestNG.java:1244)
	at org.testng.TestNG.runSuitesLocally(TestNG.java:1169)
	at org.testng.TestNG.run(TestNG.java:1064)
	at org.testng.remote.AbstractRemoteTestNG.run(AbstractRemoteTestNG.java:132)
	at org.testng.remote.RemoteTestNG.initAndRun(RemoteTestNG.java:236)
	at org.testng.remote.RemoteTestNG.main(RemoteTestNG.java:81)
</pre></div></td>
<td>0</td>
<td>com.jbk.owp.test.DashboardPageTest@31190526</td></tr>
<tr>
<td title='com.jbk.owp.test.DashboardPageTest.moveover_downloads_Bgcolor()'><b>moveover_downloads_Bgcolor</b><br>Test class: com.jbk.owp.test.DashboardPageTest<br>Test method: Moveover on Downlaods Navigation Bgcolor change checking</td>
<td><div><pre>java.lang.AssertionError: expected [rgba(30, 40, 44, 1)] but found [rgb(30, 40, 44)]
	at com.jbk.owp.test.DashboardPageTest.moveover_downloads_Bgcolor(DashboardPageTest.java:239)
... Removed 30 stack frames</pre></div><a href='#' onClick='toggleBox("stack-trace701166114", this, "Click to show all stack frames", "Click to hide stack frames")'>Click to show all stack frames</a>
<div class='stack-trace' id='stack-trace701166114'><pre>java.lang.AssertionError: expected [rgba(30, 40, 44, 1)] but found [rgb(30, 40, 44)]
	at org.testng.Assert.fail(Assert.java:94)
	at org.testng.Assert.failNotEquals(Assert.java:513)
	at org.testng.Assert.assertEqualsImpl(Assert.java:135)
	at org.testng.Assert.assertEquals(Assert.java:116)
	at org.testng.Assert.assertEquals(Assert.java:190)
	at org.testng.Assert.assertEquals(Assert.java:200)
	at com.jbk.owp.test.DashboardPageTest.moveover_downloads_Bgcolor(DashboardPageTest.java:239)
	at sun.reflect.NativeMethodAccessorImpl.invoke0(Native Method)
	at sun.reflect.NativeMethodAccessorImpl.invoke(NativeMethodAccessorImpl.java:62)
	at sun.reflect.DelegatingMethodAccessorImpl.invoke(DelegatingMethodAccessorImpl.java:43)
	at java.lang.reflect.Method.invoke(Method.java:498)
	at org.testng.internal.MethodInvocationHelper.invokeMethod(MethodInvocationHelper.java:86)
	at org.testng.internal.Invoker.invokeMethod(Invoker.java:643)
	at org.testng.internal.Invoker.invokeTestMethod(Invoker.java:820)
	at org.testng.internal.Invoker.invokeTestMethods(Invoker.java:1128)
	at org.testng.internal.TestMethodWorker.invokeTestMethods(TestMethodWorker.java:129)
	at org.testng.internal.TestMethodWorker.run(TestMethodWorker.java:112)
	at org.testng.TestRunner.privateRun(TestRunner.java:782)
	at org.testng.TestRunner.run(TestRunner.java:632)
	at org.testng.SuiteRunner.runTest(SuiteRunner.java:366)
	at org.testng.SuiteRunner.runSequentially(SuiteRunner.java:361)
	at org.testng.SuiteRunner.privateRun(SuiteRunner.java:319)
	at org.testng.SuiteRunner.run(SuiteRunner.java:268)
	at org.testng.SuiteRunnerWorker.runSuite(SuiteRunnerWorker.java:52)
	at org.testng.SuiteRunnerWorker.run(SuiteRunnerWorker.java:86)
	at org.testng.TestNG.runSuitesSequentially(TestNG.java:1244)
	at org.testng.TestNG.runSuitesLocally(TestNG.java:1169)
	at org.testng.TestNG.run(TestNG.java:1064)
	at org.testng.remote.AbstractRemoteTestNG.run(AbstractRemoteTestNG.java:132)
	at org.testng.remote.RemoteTestNG.initAndRun(RemoteTestNG.java:236)
	at org.testng.remote.RemoteTestNG.main(RemoteTestNG.java:81)
</pre></div></td>
<td>0</td>
<td>com.jbk.owp.test.DashboardPageTest@31190526</td></tr>
<tr>
<td title='com.jbk.owp.test.LoginPageTest.verifyApplicationTitle()'><b>verifyApplicationTitle</b><br>Test class: com.jbk.owp.test.LoginPageTest</td>
<td><div><pre>java.lang.AssertionError: expected [JavaByKiran | Log ] but found [JavaByKiran | Log in]
	at com.jbk.owp.test.LoginPageTest.verifyApplicationTitle(LoginPageTest.java:44)
... Removed 30 stack frames</pre></div><a href='#' onClick='toggleBox("stack-trace1251219927", this, "Click to show all stack frames", "Click to hide stack frames")'>Click to show all stack frames</a>
<div class='stack-trace' id='stack-trace1251219927'><pre>java.lang.AssertionError: expected [JavaByKiran | Log ] but found [JavaByKiran | Log in]
	at org.testng.Assert.fail(Assert.java:94)
	at org.testng.Assert.failNotEquals(Assert.java:513)
	at org.testng.Assert.assertEqualsImpl(Assert.java:135)
	at org.testng.Assert.assertEquals(Assert.java:116)
	at org.testng.Assert.assertEquals(Assert.java:190)
	at org.testng.Assert.assertEquals(Assert.java:200)
	at com.jbk.owp.test.LoginPageTest.verifyApplicationTitle(LoginPageTest.java:44)
	at sun.reflect.NativeMethodAccessorImpl.invoke0(Native Method)
	at sun.reflect.NativeMethodAccessorImpl.invoke(NativeMethodAccessorImpl.java:62)
	at sun.reflect.DelegatingMethodAccessorImpl.invoke(DelegatingMethodAccessorImpl.java:43)
	at java.lang.reflect.Method.invoke(Method.java:498)
	at org.testng.internal.MethodInvocationHelper.invokeMethod(MethodInvocationHelper.java:86)
	at org.testng.internal.Invoker.invokeMethod(Invoker.java:643)
	at org.testng.internal.Invoker.invokeTestMethod(Invoker.java:820)
	at org.testng.internal.Invoker.invokeTestMethods(Invoker.java:1128)
	at org.testng.internal.TestMethodWorker.invokeTestMethods(TestMethodWorker.java:129)
	at org.testng.internal.TestMethodWorker.run(TestMethodWorker.java:112)
	at org.testng.TestRunner.privateRun(TestRunner.java:782)
	at org.testng.TestRunner.run(TestRunner.java:632)
	at org.testng.SuiteRunner.runTest(SuiteRunner.java:366)
	at org.testng.SuiteRunner.runSequentially(SuiteRunner.java:361)
	at org.testng.SuiteRunner.privateRun(SuiteRunner.java:319)
	at org.testng.SuiteRunner.run(SuiteRunner.java:268)
	at org.testng.SuiteRunnerWorker.runSuite(SuiteRunnerWorker.java:52)
	at org.testng.SuiteRunnerWorker.run(SuiteRunnerWorker.java:86)
	at org.testng.TestNG.runSuitesSequentially(TestNG.java:1244)
	at org.testng.TestNG.runSuitesLocally(TestNG.java:1169)
	at org.testng.TestNG.run(TestNG.java:1064)
	at org.testng.remote.AbstractRemoteTestNG.run(AbstractRemoteTestNG.java:132)
	at org.testng.remote.RemoteTestNG.initAndRun(RemoteTestNG.java:236)
	at org.testng.remote.RemoteTestNG.main(RemoteTestNG.java:81)
</pre></div></td>
<td>0</td>
<td>com.jbk.owp.test.LoginPageTest@229f66ed</td></tr>
<tr>
<td title='com.jbk.owp.test.LoginPageTest.verifyTitle()'><b>verifyTitle</b><br>Test class: com.jbk.owp.test.LoginPageTest</td>
<td><div><pre>java.lang.AssertionError: expected [Java By subhash] but found [Java By Kiran]
	at com.jbk.owp.test.LoginPageTest.verifyTitle(LoginPageTest.java:50)
... Removed 30 stack frames</pre></div><a href='#' onClick='toggleBox("stack-trace220165304", this, "Click to show all stack frames", "Click to hide stack frames")'>Click to show all stack frames</a>
<div class='stack-trace' id='stack-trace220165304'><pre>java.lang.AssertionError: expected [Java By subhash] but found [Java By Kiran]
	at org.testng.Assert.fail(Assert.java:94)
	at org.testng.Assert.failNotEquals(Assert.java:513)
	at org.testng.Assert.assertEqualsImpl(Assert.java:135)
	at org.testng.Assert.assertEquals(Assert.java:116)
	at org.testng.Assert.assertEquals(Assert.java:190)
	at org.testng.Assert.assertEquals(Assert.java:200)
	at com.jbk.owp.test.LoginPageTest.verifyTitle(LoginPageTest.java:50)
	at sun.reflect.NativeMethodAccessorImpl.invoke0(Native Method)
	at sun.reflect.NativeMethodAccessorImpl.invoke(NativeMethodAccessorImpl.java:62)
	at sun.reflect.DelegatingMethodAccessorImpl.invoke(DelegatingMethodAccessorImpl.java:43)
	at java.lang.reflect.Method.invoke(Method.java:498)
	at org.testng.internal.MethodInvocationHelper.invokeMethod(MethodInvocationHelper.java:86)
	at org.testng.internal.Invoker.invokeMethod(Invoker.java:643)
	at org.testng.internal.Invoker.invokeTestMethod(Invoker.java:820)
	at org.testng.internal.Invoker.invokeTestMethods(Invoker.java:1128)
	at org.testng.internal.TestMethodWorker.invokeTestMethods(TestMethodWorker.java:129)
	at org.testng.internal.TestMethodWorker.run(TestMethodWorker.java:112)
	at org.testng.TestRunner.privateRun(TestRunner.java:782)
	at org.testng.TestRunner.run(TestRunner.java:632)
	at org.testng.SuiteRunner.runTest(SuiteRunner.java:366)
	at org.testng.SuiteRunner.runSequentially(SuiteRunner.java:361)
	at org.testng.SuiteRunner.privateRun(SuiteRunner.java:319)
	at org.testng.SuiteRunner.run(SuiteRunner.java:268)
	at org.testng.SuiteRunnerWorker.runSuite(SuiteRunnerWorker.java:52)
	at org.testng.SuiteRunnerWorker.run(SuiteRunnerWorker.java:86)
	at org.testng.TestNG.runSuitesSequentially(TestNG.java:1244)
	at org.testng.TestNG.runSuitesLocally(TestNG.java:1169)
	at org.testng.TestNG.run(TestNG.java:1064)
	at org.testng.remote.AbstractRemoteTestNG.run(AbstractRemoteTestNG.java:132)
	at org.testng.remote.RemoteTestNG.initAndRun(RemoteTestNG.java:236)
	at org.testng.remote.RemoteTestNG.main(RemoteTestNG.java:81)
</pre></div></td>
<td>0</td>
<td>com.jbk.owp.test.LoginPageTest@229f66ed</td></tr>
</table><p>
<table width='100%' border='1' class='invocation-passed'>
<tr><td colspan='4' align='center'><b>PASSED TESTS</b></td></tr>
<tr><td><b>Test method</b></td>
<td width="30%"><b>Exception</b></td>
<td width="10%"><b>Time (seconds)</b></td>
<td><b>Instance</b></td>
</tr>
<tr>
<td title='com.jbk.owp.test.DashboardPageTest.CheckMainNavigationText()'><b>CheckMainNavigationText</b><br>Test class: com.jbk.owp.test.DashboardPageTest</td>
<td></td>
<td>0</td>
<td>com.jbk.owp.test.DashboardPageTest@31190526</td></tr>
<tr>
<td title='com.jbk.owp.test.UsefulLinksTest.Courses()'><b>Courses</b><br>Test class: com.jbk.owp.test.UsefulLinksTest</td>
<td></td>
<td>5</td>
<td>com.jbk.owp.test.UsefulLinksTest@3eb25e1a</td></tr>
<tr>
<td title='com.jbk.owp.test.DashboardPageTest.Dashboard_Main_Heading_Text_Check()'><b>Dashboard_Main_Heading_Text_Check</b><br>Test class: com.jbk.owp.test.DashboardPageTest<br>Test method: Dashboard  Main Heading spell check</td>
<td></td>
<td>0</td>
<td>com.jbk.owp.test.DashboardPageTest@31190526</td></tr>
<tr>
<td title='com.jbk.owp.test.DashboardPageTest.Dashboard_Navigation_link_Check()'><b>Dashboard_Navigation_link_Check</b><br>Test class: com.jbk.owp.test.DashboardPageTest<br>Test method: Dashboard Navigation link Check</td>
<td></td>
<td>0</td>
<td>com.jbk.owp.test.DashboardPageTest@31190526</td></tr>
<tr>
<td title='com.jbk.owp.test.AddUserPageTest.Fill_Form()'><b>Fill_Form</b><br>Test class: com.jbk.owp.test.AddUserPageTest<br>Parameters: 3.0, validInfo, subhash, 8654852352, ingale.subhash@gmail.com, selenium, Male, HP, 123456</td>
<td></td>
<td>6</td>
<td>com.jbk.owp.test.AddUserPageTest@6743e411</td></tr>
<tr>
<td title='com.jbk.owp.test.UsefulLinksTest.JavaInterview()'><b>JavaInterview</b><br>Test class: com.jbk.owp.test.UsefulLinksTest</td>
<td></td>
<td>5</td>
<td>com.jbk.owp.test.UsefulLinksTest@3eb25e1a</td></tr>
<tr>
<td title='com.jbk.owp.test.LoginPageTest.LoginTest()'><b>LoginTest</b><br>Test class: com.jbk.owp.test.LoginPageTest<br>Parameters: TCJBK01, BlankInfo, , , Please enter email.</td>
<td></td>
<td>0</td>
<td>com.jbk.owp.test.LoginPageTest@229f66ed</td></tr>
<tr>
<td title='com.jbk.owp.test.LoginPageTest.LoginTest()'><b>LoginTest</b><br>Test class: com.jbk.owp.test.LoginPageTest<br>Parameters: TCJBK02, InvalidInfo, abc, 123, Please enter email as kiran@gmail.com</td>
<td></td>
<td>0</td>
<td>com.jbk.owp.test.LoginPageTest@229f66ed</td></tr>
<tr>
<td title='com.jbk.owp.test.LoginPageTest.LoginTest()'><b>LoginTest</b><br>Test class: com.jbk.owp.test.LoginPageTest<br>Parameters: TCJBK03, ValidInfo, kiran@gmail.com, 123456, MAIN NAVIGATION</td>
<td></td>
<td>1</td>
<td>com.jbk.owp.test.LoginPageTest@229f66ed</td></tr>
<tr>
<td title='com.jbk.owp.test.UsefulLinksTest.SeleniumInterview()'><b>SeleniumInterview</b><br>Test class: com.jbk.owp.test.UsefulLinksTest</td>
<td></td>
<td>5</td>
<td>com.jbk.owp.test.UsefulLinksTest@3eb25e1a</td></tr>
<tr>
<td title='com.jbk.owp.test.DashboardPageTest.User_Navigation_isdisplayed_Check()'><b>User_Navigation_isdisplayed_Check</b><br>Test class: com.jbk.owp.test.DashboardPageTest<br>Test method: User Navigation Display check</td>
<td></td>
<td>0</td>
<td>com.jbk.owp.test.DashboardPageTest@31190526</td></tr>
<tr>
<td title='com.jbk.owp.test.AddUserPageTest.VerifyCancel()'><b>VerifyCancel</b><br>Test class: com.jbk.owp.test.AddUserPageTest<br>Parameters: 3.0, validInfo, subhash, 8654852352, ingale.subhash@gmail.com, selenium, Male, HP, 123456</td>
<td></td>
<td>5</td>
<td>com.jbk.owp.test.AddUserPageTest@6743e411</td></tr>
<tr>
<td title='com.jbk.owp.test.UsersTest.VerifyDelete()'><b>VerifyDelete</b><br>Test class: com.jbk.owp.test.UsersTest</td>
<td></td>
<td>2</td>
<td>com.jbk.owp.test.UsersTest@662ac478</td></tr>
<tr>
<td title='com.jbk.owp.test.UsefulLinksTest.VerifySchedule()'><b>VerifySchedule</b><br>Test class: com.jbk.owp.test.UsefulLinksTest</td>
<td></td>
<td>1</td>
<td>com.jbk.owp.test.UsefulLinksTest@3eb25e1a</td></tr>
<tr>
<td title='com.jbk.owp.test.UsefulLinksTest.VideoLactures()'><b>VideoLactures</b><br>Test class: com.jbk.owp.test.UsefulLinksTest</td>
<td></td>
<td>5</td>
<td>com.jbk.owp.test.UsefulLinksTest@3eb25e1a</td></tr>
<tr>
<td title='com.jbk.owp.test.DashboardPageTest.automationtest_spell()'><b>automationtest_spell</b><br>Test class: com.jbk.owp.test.DashboardPageTest<br>Test method: automation heading speeling check </td>
<td></td>
<td>0</td>
<td>com.jbk.owp.test.DashboardPageTest@31190526</td></tr>
<tr>
<td title='com.jbk.owp.test.DashboardPageTest.dashboard_Fotter_Spell()'><b>dashboard_Fotter_Spell</b><br>Test class: com.jbk.owp.test.DashboardPageTest<br>Test method: Dashboard fottor speeling check </td>
<td></td>
<td>0</td>
<td>com.jbk.owp.test.DashboardPageTest@31190526</td></tr>
<tr>
<td title='com.jbk.owp.test.DashboardPageTest.dashboard_Main_Heading_Spell()'><b>dashboard_Main_Heading_Spell</b><br>Test class: com.jbk.owp.test.DashboardPageTest<br>Test method: Dashboard Main Head speeling check </td>
<td></td>
<td>0</td>
<td>com.jbk.owp.test.DashboardPageTest@31190526</td></tr>
<tr>
<td title='com.jbk.owp.test.DashboardPageTest.downloads_Navigation_Spelling_Check()'><b>downloads_Navigation_Spelling_Check</b><br>Test class: com.jbk.owp.test.DashboardPageTest<br>Test method: Downloads Navigation Speeling Check</td>
<td></td>
<td>0</td>
<td>com.jbk.owp.test.DashboardPageTest@31190526</td></tr>
<tr>
<td title='com.jbk.owp.test.DashboardPageTest.downloads_Navigation_link_Check()'><b>downloads_Navigation_link_Check</b><br>Test class: com.jbk.owp.test.DashboardPageTest<br>Test method: Downloads Navigation link Check</td>
<td></td>
<td>0</td>
<td>com.jbk.owp.test.DashboardPageTest@31190526</td></tr>
<tr>
<td title='com.jbk.owp.test.DashboardPageTest.downloads_navigation_isdisplayed()'><b>downloads_navigation_isdisplayed</b><br>Test class: com.jbk.owp.test.DashboardPageTest<br>Test method: Downloads  Navigation Display check</td>
<td></td>
<td>0</td>
<td>com.jbk.owp.test.DashboardPageTest@31190526</td></tr>
<tr>
<td title='com.jbk.owp.test.UsersTest.getTableData()'><b>getTableData</b><br>Test class: com.jbk.owp.test.UsersTest</td>
<td></td>
<td>22</td>
<td>com.jbk.owp.test.UsersTest@662ac478</td></tr>
<tr>
<td title='com.jbk.owp.test.DashboardPageTest.jbk_Main_Heading_Spell_check()'><b>jbk_Main_Heading_Spell_check</b><br>Test class: com.jbk.owp.test.DashboardPageTest<br>Test method: JBK Main Heading Spell Check </td>
<td></td>
<td>0</td>
<td>com.jbk.owp.test.DashboardPageTest@31190526</td></tr>
<tr>
<td title='com.jbk.owp.test.DashboardPageTest.jbk_subHeading_link()'><b>jbk_subHeading_link</b><br>Test class: com.jbk.owp.test.DashboardPageTest<br>Test method: JBK subHedding link Check </td>
<td></td>
<td>0</td>
<td>com.jbk.owp.test.DashboardPageTest@31190526</td></tr>
<tr>
<td title='com.jbk.owp.test.DashboardPageTest.jbk_text_logo_isdisplayed()'><b>jbk_text_logo_isdisplayed</b><br>Test class: com.jbk.owp.test.DashboardPageTest<br>Test method: JBK  text Logo display check </td>
<td></td>
<td>0</td>
<td>com.jbk.owp.test.DashboardPageTest@31190526</td></tr>
<tr>
<td title='com.jbk.owp.test.DashboardPageTest.logout_Navigation_Spelling_Check()'><b>logout_Navigation_Spelling_Check</b><br>Test class: com.jbk.owp.test.DashboardPageTest<br>Test method: Logout Navigation Speeling Check</td>
<td></td>
<td>0</td>
<td>com.jbk.owp.test.DashboardPageTest@31190526</td></tr>
<tr>
<td title='com.jbk.owp.test.DashboardPageTest.logouttabisdisplayed()'><b>logouttabisdisplayed</b><br>Test class: com.jbk.owp.test.DashboardPageTest<br>Test method: Logout Navigation Display check</td>
<td></td>
<td>0</td>
<td>com.jbk.owp.test.DashboardPageTest@31190526</td></tr>
<tr>
<td title='com.jbk.owp.test.DashboardPageTest.moveover_Dashboard_Bgcolor()'><b>moveover_Dashboard_Bgcolor</b><br>Test class: com.jbk.owp.test.DashboardPageTest<br>Test method: Moveover on Dashboard Navigation Bgcolor change checking</td>
<td></td>
<td>0</td>
<td>com.jbk.owp.test.DashboardPageTest@31190526</td></tr>
<tr>
<td title='com.jbk.owp.test.DashboardPageTest.operators_Navigation_isdisplayed()'><b>operators_Navigation_isdisplayed</b><br>Test class: com.jbk.owp.test.DashboardPageTest<br>Test method: Oprators Navigation Display check</td>
<td></td>
<td>0</td>
<td>com.jbk.owp.test.DashboardPageTest@31190526</td></tr>
<tr>
<td title='com.jbk.owp.test.DashboardPageTest.oprators_Navigation_link_Check()'><b>oprators_Navigation_link_Check</b><br>Test class: com.jbk.owp.test.DashboardPageTest<br>Test method: Operators Navigation link Check</td>
<td></td>
<td>0</td>
<td>com.jbk.owp.test.DashboardPageTest@31190526</td></tr>
<tr>
<td title='com.jbk.owp.test.DashboardPageTest.oprators_Navigation_spell_Check()'><b>oprators_Navigation_spell_Check</b><br>Test class: com.jbk.owp.test.DashboardPageTest<br>Test method: Oprators Navigation Speeling Check</td>
<td></td>
<td>0</td>
<td>com.jbk.owp.test.DashboardPageTest@31190526</td></tr>
<tr>
<td title='com.jbk.owp.test.DashboardPageTest.pullright_Heading_spell()'><b>pullright_Heading_spell</b><br>Test class: com.jbk.owp.test.DashboardPageTest<br>Test method: Pull right heading speeling check </td>
<td></td>
<td>0</td>
<td>com.jbk.owp.test.DashboardPageTest@31190526</td></tr>
<tr>
<td title='com.jbk.owp.test.DashboardPageTest.selenium_Course_Spell()'><b>selenium_Course_Spell</b><br>Test class: com.jbk.owp.test.DashboardPageTest<br>Test method: Selenium course information speeling check </td>
<td></td>
<td>0</td>
<td>com.jbk.owp.test.DashboardPageTest@31190526</td></tr>
<tr>
<td title='com.jbk.owp.test.DashboardPageTest.sidebar_Menu_Navigations_Count()'><b>sidebar_Menu_Navigations_Count</b><br>Test class: com.jbk.owp.test.DashboardPageTest<br>Test method: Sidebar menu Navigations count</td>
<td></td>
<td>0</td>
<td>com.jbk.owp.test.DashboardPageTest@31190526</td></tr>
<tr>
<td title='com.jbk.owp.test.DashboardPageTest.usefulLinks_navigation_link_Check()'><b>usefulLinks_navigation_link_Check</b><br>Test class: com.jbk.owp.test.DashboardPageTest<br>Test method: Useful Links Navigation link Check</td>
<td></td>
<td>0</td>
<td>com.jbk.owp.test.DashboardPageTest@31190526</td></tr>
<tr>
<td title='com.jbk.owp.test.DashboardPageTest.useful_Links_spell_Check()'><b>useful_Links_spell_Check</b><br>Test class: com.jbk.owp.test.DashboardPageTest<br>Test method: Useful Links Navigation Speeling Check</td>
<td></td>
<td>0</td>
<td>com.jbk.owp.test.DashboardPageTest@31190526</td></tr>
<tr>
<td title='com.jbk.owp.test.DashboardPageTest.usefullinks_Navaigation_isdisplayed()'><b>usefullinks_Navaigation_isdisplayed</b><br>Test class: com.jbk.owp.test.DashboardPageTest<br>Test method: Useful Links Navigation Display check</td>
<td></td>
<td>0</td>
<td>com.jbk.owp.test.DashboardPageTest@31190526</td></tr>
<tr>
<td title='com.jbk.owp.test.DashboardPageTest.user_Navigation_link_Check()'><b>user_Navigation_link_Check</b><br>Test class: com.jbk.owp.test.DashboardPageTest<br>Test method: User Navigation link Check</td>
<td></td>
<td>0</td>
<td>com.jbk.owp.test.DashboardPageTest@31190526</td></tr>
<tr>
<td title='com.jbk.owp.test.DashboardPageTest.user_Navigation_spell_Check()'><b>user_Navigation_spell_Check</b><br>Test class: com.jbk.owp.test.DashboardPageTest<br>Test method: Users Navigation Speeling Check</td>
<td></td>
<td>0</td>
<td>com.jbk.owp.test.DashboardPageTest@31190526</td></tr>
<tr>
<td title='com.jbk.owp.test.DashboardPageTest.user_img_isdisplayed()'><b>user_img_isdisplayed</b><br>Test class: com.jbk.owp.test.DashboardPageTest<br>Test method: User Image display check </td>
<td></td>
<td>0</td>
<td>com.jbk.owp.test.DashboardPageTest@31190526</td></tr>
<tr>
<td title='com.jbk.owp.test.RegisterMemberPageTest.verifyAlreadyMembershipLink()'><b>verifyAlreadyMembershipLink</b><br>Test class: com.jbk.owp.test.RegisterMemberPageTest</td>
<td></td>
<td>0</td>
<td>com.jbk.owp.test.RegisterMemberPageTest@7dcf94f8</td></tr>
<tr>
<td title='com.jbk.owp.test.LoginPageTest.verifyButtoncolor()'><b>verifyButtoncolor</b><br>Test class: com.jbk.owp.test.LoginPageTest</td>
<td></td>
<td>0</td>
<td>com.jbk.owp.test.LoginPageTest@229f66ed</td></tr>
<tr>
<td title='com.jbk.owp.test.DashboardPageTest.verifyDownloadLink()'><b>verifyDownloadLink</b><br>Test class: com.jbk.owp.test.DashboardPageTest</td>
<td></td>
<td>0</td>
<td>com.jbk.owp.test.DashboardPageTest@31190526</td></tr>
<tr>
<td title='com.jbk.owp.test.LoginPageTest.verifyLinks()'><b>verifyLinks</b><br>Test class: com.jbk.owp.test.LoginPageTest</td>
<td></td>
<td>0</td>
<td>com.jbk.owp.test.LoginPageTest@229f66ed</td></tr>
<tr>
<td title='com.jbk.owp.test.DashboardPageTest.verifyOperatorslink()'><b>verifyOperatorslink</b><br>Test class: com.jbk.owp.test.DashboardPageTest</td>
<td></td>
<td>0</td>
<td>com.jbk.owp.test.DashboardPageTest@31190526</td></tr>
<tr>
<td title='com.jbk.owp.test.LoginPageTest.verifyPlaceHolderPassword()'><b>verifyPlaceHolderPassword</b><br>Test class: com.jbk.owp.test.LoginPageTest</td>
<td></td>
<td>0</td>
<td>com.jbk.owp.test.LoginPageTest@229f66ed</td></tr>
<tr>
<td title='com.jbk.owp.test.LoginPageTest.verifyPlaceHolderUsername()'><b>verifyPlaceHolderUsername</b><br>Test class: com.jbk.owp.test.LoginPageTest</td>
<td></td>
<td>0</td>
<td>com.jbk.owp.test.LoginPageTest@229f66ed</td></tr>
<tr>
<td title='com.jbk.owp.test.RegisterMemberPageTest.verifyPlaceholderEmail()'><b>verifyPlaceholderEmail</b><br>Test class: com.jbk.owp.test.RegisterMemberPageTest</td>
<td></td>
<td>0</td>
<td>com.jbk.owp.test.RegisterMemberPageTest@7dcf94f8</td></tr>
<tr>
<td title='com.jbk.owp.test.RegisterMemberPageTest.verifyPlaceholderMobile()'><b>verifyPlaceholderMobile</b><br>Test class: com.jbk.owp.test.RegisterMemberPageTest</td>
<td></td>
<td>0</td>
<td>com.jbk.owp.test.RegisterMemberPageTest@7dcf94f8</td></tr>
<tr>
<td title='com.jbk.owp.test.RegisterMemberPageTest.verifyPlaceholderName()'><b>verifyPlaceholderName</b><br>Test class: com.jbk.owp.test.RegisterMemberPageTest</td>
<td></td>
<td>0</td>
<td>com.jbk.owp.test.RegisterMemberPageTest@7dcf94f8</td></tr>
<tr>
<td title='com.jbk.owp.test.RegisterMemberPageTest.verifyPlaceholderPassword()'><b>verifyPlaceholderPassword</b><br>Test class: com.jbk.owp.test.RegisterMemberPageTest</td>
<td></td>
<td>0</td>
<td>com.jbk.owp.test.RegisterMemberPageTest@7dcf94f8</td></tr>
<tr>
<td title='com.jbk.owp.test.RegisterMemberPageTest.verifyRegisterMemberValidinfo()'><b>verifyRegisterMemberValidinfo</b><br>Test class: com.jbk.owp.test.RegisterMemberPageTest<br>Parameters: TCJBK03, ValidInfo, subhash, 9876545677, kiran@gmail.com, 123456, User registered successfully.</td>
<td></td>
<td>2</td>
<td>com.jbk.owp.test.RegisterMemberPageTest@7dcf94f8</td></tr>
<tr>
<td title='com.jbk.owp.test.RegisterMemberPageTest.verifyRegisterMemberlink()'><b>verifyRegisterMemberlink</b><br>Test class: com.jbk.owp.test.RegisterMemberPageTest</td>
<td></td>
<td>0</td>
<td>com.jbk.owp.test.RegisterMemberPageTest@7dcf94f8</td></tr>
<tr>
<td title='com.jbk.owp.test.RegisterMemberPageTest.verifyTitle()'><b>verifyTitle</b><br>Test class: com.jbk.owp.test.RegisterMemberPageTest</td>
<td></td>
<td>0</td>
<td>com.jbk.owp.test.RegisterMemberPageTest@7dcf94f8</td></tr>
<tr>
<td title='com.jbk.owp.test.DashboardPageTest.verifyUsefulLink()'><b>verifyUsefulLink</b><br>Test class: com.jbk.owp.test.DashboardPageTest</td>
<td></td>
<td>0</td>
<td>com.jbk.owp.test.DashboardPageTest@31190526</td></tr>
<tr>
<td title='com.jbk.owp.test.DashboardPageTest.verifyUserLink()'><b>verifyUserLink</b><br>Test class: com.jbk.owp.test.DashboardPageTest</td>
<td></td>
<td>0</td>
<td>com.jbk.owp.test.DashboardPageTest@31190526</td></tr>
<tr>
<td title='com.jbk.owp.test.LoginPageTest.verify_Current_Url()'><b>verify_Current_Url</b><br>Test class: com.jbk.owp.test.LoginPageTest</td>
<td></td>
<td>0</td>
<td>com.jbk.owp.test.LoginPageTest@229f66ed</td></tr>
<tr>
<td title='com.jbk.owp.test.LoginPageTest.verifyloginsesion()'><b>verifyloginsesion</b><br>Test class: com.jbk.owp.test.LoginPageTest</td>
<td></td>
<td>0</td>
<td>com.jbk.owp.test.LoginPageTest@229f66ed</td></tr>
</table><p>
</body>
</html>