<?xml version="1.0" encoding="UTF-8"?>
<!-- Generated by org.testng.reporters.JUnitXMLReporter -->
<testsuite hostname="SUBHASHA-PC" name="JBK_OWP_Base_UserRegister_1" tests="57" failures="8" timestamp="1 Feb 2020 17:36:13 GMT" time="28.014" errors="0">
  <testcase name="verifyRegisterMemberlink" time="2.831" classname="com.jbk.owp.test.RegisterMemberPageTest"/>
  <testcase name="verifyTitle" time="0.007" classname="com.jbk.owp.test.RegisterMemberPageTest"/>
  <testcase name="verifyPlaceholderName" time="0.143" classname="com.jbk.owp.test.RegisterMemberPageTest"/>
  <testcase name="verifyPlaceholderMobile" time="0.02" classname="com.jbk.owp.test.RegisterMemberPageTest"/>
  <testcase name="verifyPlaceholderEmail" time="0.024" classname="com.jbk.owp.test.RegisterMemberPageTest"/>
  <testcase name="verifyPlaceholderPassword" time="0.026" classname="com.jbk.owp.test.RegisterMemberPageTest"/>
  <testcase name="verifyRegisterMemberValidinfo" time="2.77" classname="com.jbk.owp.test.RegisterMemberPageTest"/>
  <testcase name="verifyAlreadyMembershipLink" time="0.095" classname="com.jbk.owp.test.RegisterMemberPageTest"/>
  <testcase name="verify_Current_Url" time="0.005" classname="com.jbk.owp.test.LoginPageTest"/>
  <testcase name="verifyApplicationTitle" time="0.009" classname="com.jbk.owp.test.LoginPageTest">
    <failure type="java.lang.AssertionError" message="expected [JavaByKiran | Log ] but found [JavaByKiran | Log in]">
      <![CDATA[java.lang.AssertionError: expected [JavaByKiran | Log ] but found [JavaByKiran | Log in]
	at com.jbk.owp.test.LoginPageTest.verifyApplicationTitle(LoginPageTest.java:44)
... Removed 30 stack frames]]>
    </failure>
  </testcase> <!-- verifyApplicationTitle -->
  <testcase name="verifyTitle" time="0.092" classname="com.jbk.owp.test.LoginPageTest">
    <failure type="java.lang.AssertionError" message="expected [Java By subhash] but found [Java By Kiran]">
      <![CDATA[java.lang.AssertionError: expected [Java By subhash] but found [Java By Kiran]
	at com.jbk.owp.test.LoginPageTest.verifyTitle(LoginPageTest.java:50)
... Removed 30 stack frames]]>
    </failure>
  </testcase> <!-- verifyTitle -->
  <testcase name="verifyloginsesion" time="0.019" classname="com.jbk.owp.test.LoginPageTest"/>
  <testcase name="verifyPlaceHolderUsername" time="0.023" classname="com.jbk.owp.test.LoginPageTest"/>
  <testcase name="verifyPlaceHolderPassword" time="0.021" classname="com.jbk.owp.test.LoginPageTest"/>
  <testcase name="verifyButtoncolor" time="0.196" classname="com.jbk.owp.test.LoginPageTest"/>
  <testcase name="verifyLinks" time="0.064" classname="com.jbk.owp.test.LoginPageTest"/>
  <testcase name="LoginTest" time="0.346" classname="com.jbk.owp.test.LoginPageTest"/>
  <testcase name="LoginTest" time="0.37" classname="com.jbk.owp.test.LoginPageTest"/>
  <testcase name="LoginTest" time="2.611" classname="com.jbk.owp.test.LoginPageTest"/>
  <testcase name="CheckMainNavigationText" time="0.025" classname="com.jbk.owp.test.DashboardPageTest"/>
  <testcase name="Dashboard_Main_Heading_Text_Check" time="0.013" classname="com.jbk.owp.test.DashboardPageTest"/>
  <testcase name="user_Navigation_spell_Check" time="0.019" classname="com.jbk.owp.test.DashboardPageTest"/>
  <testcase name="oprators_Navigation_spell_Check" time="0.019" classname="com.jbk.owp.test.DashboardPageTest"/>
  <testcase name="useful_Links_spell_Check" time="0.019" classname="com.jbk.owp.test.DashboardPageTest"/>
  <testcase name="downloads_Navigation_Spelling_Check" time="0.017" classname="com.jbk.owp.test.DashboardPageTest"/>
  <testcase name="logout_Navigation_Spelling_Check" time="0.016" classname="com.jbk.owp.test.DashboardPageTest"/>
  <testcase name="Dashboard_Navigation_link_Check" time="0.087" classname="com.jbk.owp.test.DashboardPageTest"/>
  <testcase name="user_Navigation_link_Check" time="0.017" classname="com.jbk.owp.test.DashboardPageTest"/>
  <testcase name="oprators_Navigation_link_Check" time="0.017" classname="com.jbk.owp.test.DashboardPageTest"/>
  <testcase name="usefulLinks_navigation_link_Check" time="0.024" classname="com.jbk.owp.test.DashboardPageTest"/>
  <testcase name="downloads_Navigation_link_Check" time="0.022" classname="com.jbk.owp.test.DashboardPageTest"/>
  <testcase name="sidebar_Menu_Navigations_Count" time="0.001" classname="com.jbk.owp.test.DashboardPageTest"/>
  <testcase name="User_Navigation_isdisplayed_Check" time="0.027" classname="com.jbk.owp.test.DashboardPageTest"/>
  <testcase name="operators_Navigation_isdisplayed" time="0.025" classname="com.jbk.owp.test.DashboardPageTest"/>
  <testcase name="usefullinks_Navaigation_isdisplayed" time="0.023" classname="com.jbk.owp.test.DashboardPageTest"/>
  <testcase name="downloads_navigation_isdisplayed" time="0.024" classname="com.jbk.owp.test.DashboardPageTest"/>
  <testcase name="logouttabisdisplayed" time="0.023" classname="com.jbk.owp.test.DashboardPageTest"/>
  <testcase name="moveover_Dashboard_Bgcolor" time="0.177" classname="com.jbk.owp.test.DashboardPageTest"/>
  <testcase name="moveover_User_Bgcolor" time="0.146" classname="com.jbk.owp.test.DashboardPageTest">
    <failure type="java.lang.AssertionError" message="expected [rgba(30, 40, 44, 1)] but found [rgb(30, 40, 44)]">
      <![CDATA[java.lang.AssertionError: expected [rgba(30, 40, 44, 1)] but found [rgb(30, 40, 44)]
	at com.jbk.owp.test.DashboardPageTest.moveover_User_Bgcolor(DashboardPageTest.java:201)
... Removed 30 stack frames]]>
    </failure>
  </testcase> <!-- moveover_User_Bgcolor -->
  <testcase name="moveover_Oprators_Bgcolor" time="0.146" classname="com.jbk.owp.test.DashboardPageTest">
    <failure type="java.lang.AssertionError" message="expected [rgba(30, 40, 44, 1)] but found [rgb(30, 40, 44)]">
      <![CDATA[java.lang.AssertionError: expected [rgba(30, 40, 44, 1)] but found [rgb(30, 40, 44)]
	at com.jbk.owp.test.DashboardPageTest.moveover_Oprators_Bgcolor(DashboardPageTest.java:214)
... Removed 30 stack frames]]>
    </failure>
  </testcase> <!-- moveover_Oprators_Bgcolor -->
  <testcase name="moveover_UsefulLinks_Bgcolor" time="0.148" classname="com.jbk.owp.test.DashboardPageTest">
    <failure type="java.lang.AssertionError" message="expected [rgba(30, 40, 44, 1)] but found [rgb(30, 40, 44)]">
      <![CDATA[java.lang.AssertionError: expected [rgba(30, 40, 44, 1)] but found [rgb(30, 40, 44)]
	at com.jbk.owp.test.DashboardPageTest.moveover_UsefulLinks_Bgcolor(DashboardPageTest.java:227)
... Removed 30 stack frames]]>
    </failure>
  </testcase> <!-- moveover_UsefulLinks_Bgcolor -->
  <testcase name="moveover_downloads_Bgcolor" time="0.13" classname="com.jbk.owp.test.DashboardPageTest">
    <failure type="java.lang.AssertionError" message="expected [rgba(30, 40, 44, 1)] but found [rgb(30, 40, 44)]">
      <![CDATA[java.lang.AssertionError: expected [rgba(30, 40, 44, 1)] but found [rgb(30, 40, 44)]
	at com.jbk.owp.test.DashboardPageTest.moveover_downloads_Bgcolor(DashboardPageTest.java:239)
... Removed 30 stack frames]]>
    </failure>
  </testcase> <!-- moveover_downloads_Bgcolor -->
  <testcase name="moveover_Logout_Bgcolor" time="0.138" classname="com.jbk.owp.test.DashboardPageTest">
    <failure type="java.lang.AssertionError" message="expected [rgba(0, 0, 0, 0.1)] but found [rgba(0, 0, 0, 0)]">
      <![CDATA[java.lang.AssertionError: expected [rgba(0, 0, 0, 0.1)] but found [rgba(0, 0, 0, 0)]
	at com.jbk.owp.test.DashboardPageTest.moveover_Logout_Bgcolor(DashboardPageTest.java:251)
... Removed 30 stack frames]]>
    </failure>
  </testcase> <!-- moveover_Logout_Bgcolor -->
  <testcase name="jbk_Main_Heading_Spell_check" time="0.016" classname="com.jbk.owp.test.DashboardPageTest"/>
  <testcase name="jbk_subHeading_link" time="0.015" classname="com.jbk.owp.test.DashboardPageTest"/>
  <testcase name="jbk_text_logo_isdisplayed" time="0.024" classname="com.jbk.owp.test.DashboardPageTest"/>
  <testcase name="user_img_isdisplayed" time="0.035" classname="com.jbk.owp.test.DashboardPageTest"/>
  <testcase name="dashboard_Main_Heading_Spell" time="0.011" classname="com.jbk.owp.test.DashboardPageTest"/>
  <testcase name="dashboard_Fotter_Spell" time="0.023" classname="com.jbk.owp.test.DashboardPageTest"/>
  <testcase name="pullright_Heading_spell" time="0.029" classname="com.jbk.owp.test.DashboardPageTest"/>
  <testcase name="selenium_Course_Spell" time="0.011" classname="com.jbk.owp.test.DashboardPageTest"/>
  <testcase name="automationtest_spell" time="0.012" classname="com.jbk.owp.test.DashboardPageTest"/>
  <testcase name="verifyUserLink" time="2.073" classname="com.jbk.owp.test.DashboardPageTest">
    <failure type="java.lang.AssertionError" message="expected [User List] but found [Selenium]">
      <![CDATA[java.lang.AssertionError: expected [User List] but found [Selenium]
	at com.jbk.owp.test.DashboardPageTest.verifyUserLink(DashboardPageTest.java:334)
... Removed 30 stack frames]]>
    </failure>
  </testcase> <!-- verifyUserLink -->
  <testcase name="verifyOperatorslink" time="0.302" classname="com.jbk.owp.test.DashboardPageTest"/>
  <testcase name="verifyUsefulLink" time="0.154" classname="com.jbk.owp.test.DashboardPageTest"/>
  <testcase name="verifyDownloadLink" time="0.708" classname="com.jbk.owp.test.DashboardPageTest"/>
  <testcase name="Fill_Form" time="6.199" classname="com.jbk.owp.test.AddUserPageTest"/>
</testsuite> <!-- JBK_OWP_Base_UserRegister_1 -->
